[2018-05-18 19:11:57,932] INFO: tpe_transform took 0.001847 seconds
[2018-05-18 19:11:57,933] INFO: TPE using 0 trials
[2018-05-18 19:11:57,935] INFO: ==================================================
[2018-05-18 19:11:57,935] INFO: Task
[2018-05-18 19:11:57,935] INFO:      single_Learner@clf_skl_rf_Id@5
[2018-05-18 19:11:57,936] INFO: Param
[2018-05-18 19:11:57,936] INFO:      max_depth: 10
[2018-05-18 19:11:57,936] INFO:      max_features: 0.4
[2018-05-18 19:11:57,936] INFO:      min_samples_leaf: 12
[2018-05-18 19:11:57,936] INFO:      min_samples_split: 8
[2018-05-18 19:11:57,937] INFO:      n_estimators: 240
[2018-05-18 19:11:57,937] INFO:      n_jobs: 8
[2018-05-18 19:11:57,937] INFO:      random_state: 42
[2018-05-18 19:11:57,937] INFO:      verbose: 0
[2018-05-18 19:11:57,937] INFO: Result
[2018-05-18 19:11:57,937] INFO:      Run     AUC     Shape
[2018-05-18 19:11:58,568] INFO:        1     0.725064     401 x 327
[2018-05-18 19:11:59,299] INFO:        2     0.753681     401 x 327
[2018-05-18 19:11:59,306] INFO: AUC
[2018-05-18 19:11:59,307] INFO:      cv_mean: 0.739373
[2018-05-18 19:11:59,307] INFO:      cv_test: 0.000000
[2018-05-18 19:11:59,307] INFO: Time
[2018-05-18 19:11:59,307] INFO:      1 secs
[2018-05-18 19:11:59,307] INFO: --------------------------------------------------
[2018-05-18 19:12:00,024] INFO: tpe_transform took 0.002409 seconds
[2018-05-18 19:12:00,024] INFO: TPE using 1/1 trials with best loss -0.739373
[2018-05-18 19:12:00,026] INFO: ==================================================
[2018-05-18 19:12:00,026] INFO: Task
[2018-05-18 19:12:00,026] INFO:      single_Learner@clf_skl_rf_Id@6
[2018-05-18 19:12:00,027] INFO: Param
[2018-05-18 19:12:00,027] INFO:      max_depth: 6
[2018-05-18 19:12:00,027] INFO:      max_features: 0.45
[2018-05-18 19:12:00,027] INFO:      min_samples_leaf: 14
[2018-05-18 19:12:00,027] INFO:      min_samples_split: 12
[2018-05-18 19:12:00,027] INFO:      n_estimators: 700
[2018-05-18 19:12:00,028] INFO:      n_jobs: 8
[2018-05-18 19:12:00,028] INFO:      random_state: 42
[2018-05-18 19:12:00,028] INFO:      verbose: 0
[2018-05-18 19:12:00,028] INFO: Result
[2018-05-18 19:12:00,028] INFO:      Run     AUC     Shape
[2018-05-18 19:12:01,510] INFO:        1     0.724113     401 x 327
[2018-05-18 19:12:03,000] INFO:        2      0.75657     401 x 327
[2018-05-18 19:12:03,007] INFO: AUC
[2018-05-18 19:12:03,008] INFO:      cv_mean: 0.740342
[2018-05-18 19:12:03,008] INFO:      cv_test: 0.000000
[2018-05-18 19:12:03,008] INFO: Time
[2018-05-18 19:12:03,008] INFO:      2 secs
[2018-05-18 19:12:03,008] INFO: --------------------------------------------------
[2018-05-18 19:12:04,735] INFO: Hyperopt_Time
[2018-05-18 19:12:04,735] INFO:      6 secs
[2018-05-18 19:12:04,736] INFO: --------------------------------------------------
[2018-05-18 19:12:04,753] INFO: tpe_transform took 0.004438 seconds
[2018-05-18 19:12:04,753] INFO: TPE using 0 trials
[2018-05-18 19:12:04,756] INFO: ==================================================
[2018-05-18 19:12:04,756] INFO: Task
[2018-05-18 19:12:04,756] INFO:      single_Learner@clf_lgb_tree_Id@7
[2018-05-18 19:12:04,757] INFO: Param
[2018-05-18 19:12:04,757] INFO:      boosting_type: gbdt
[2018-05-18 19:12:04,757] INFO:      colsample_bytree: 0.15000000000000002
[2018-05-18 19:12:04,758] INFO:      learning_rate: 0.06
[2018-05-18 19:12:04,758] INFO:      max_depth: 9
[2018-05-18 19:12:04,758] INFO:      metric: auc
[2018-05-18 19:12:04,758] INFO:      min_child_samples: 206
[2018-05-18 19:12:04,759] INFO:      n_estimators: 500
[2018-05-18 19:12:04,759] INFO:      n_jobs: 16
[2018-05-18 19:12:04,759] INFO:      num_leaves: 825
[2018-05-18 19:12:04,759] INFO:      objective: binary
[2018-05-18 19:12:04,759] INFO:      random_state: 42
[2018-05-18 19:12:04,760] INFO:      reg_alpha: 0.0006225257905515403
[2018-05-18 19:12:04,760] INFO:      reg_lambda: 0.0004107964924896393
[2018-05-18 19:12:04,760] INFO:      subsample: 0.7000000000000001
[2018-05-18 19:12:04,761] INFO:      verbose: -1
[2018-05-18 19:12:04,761] INFO: Result
[2018-05-18 19:12:04,761] INFO:      Run     AUC     Shape
[2018-05-18 19:12:04,778] INFO: job exception: b'Cannot construct Dataset since there are not useful features.                 It should be at least two unique rows.                 If the num_row (num_data) is small, you can set min_data=1 and min_data_in_bin=1 to fix this.                 Otherwise please make sure you are using the right dataset.'
