[2018-05-10 17:37:30,661] INFO: tpe_transform took 0.003125 seconds
[2018-05-10 17:37:30,661] INFO: TPE using 0 trials
[2018-05-10 17:37:30,664] INFO: ==================================================
[2018-05-10 17:37:30,664] INFO: Task
[2018-05-10 17:37:30,664] INFO:      single_Learner@clf_skl_rf_Id@19
[2018-05-10 17:37:30,664] INFO: Param
[2018-05-10 17:37:30,664] INFO:      max_depth: 2
[2018-05-10 17:37:30,664] INFO:      max_features: 0.8
[2018-05-10 17:37:30,665] INFO:      min_samples_leaf: 12
[2018-05-10 17:37:30,665] INFO:      min_samples_split: 13
[2018-05-10 17:37:30,665] INFO:      n_estimators: 120
[2018-05-10 17:37:30,665] INFO:      n_jobs: 8
[2018-05-10 17:37:30,665] INFO:      random_state: 42
[2018-05-10 17:37:30,665] INFO:      verbose: 0
[2018-05-10 17:37:30,666] INFO: Result
[2018-05-10 17:37:30,666] INFO:      Run     AUC     Shape
[2018-05-10 17:37:35,533] INFO:        1      0.72311     44601 x 390
[2018-05-10 17:37:41,110] INFO:        2     0.753055     44601 x 390
[2018-05-10 17:37:46,380] INFO:        3     0.754092     44602 x 390
[2018-05-10 17:37:46,467] INFO: AUC
[2018-05-10 17:37:46,467] INFO:      cv_mean: 0.743419
[2018-05-10 17:37:46,467] INFO:      cv_test: 0.763097
[2018-05-10 17:37:46,467] INFO: Time
[2018-05-10 17:37:46,468] INFO:      15 secs
[2018-05-10 17:37:46,468] INFO: --------------------------------------------------
[2018-05-10 17:37:54,245] INFO: tpe_transform took 0.002849 seconds
[2018-05-10 17:37:54,245] INFO: TPE using 1/1 trials with best loss -0.759313
[2018-05-10 17:37:54,247] INFO: ==================================================
[2018-05-10 17:37:54,247] INFO: Task
[2018-05-10 17:37:54,248] INFO:      single_Learner@clf_skl_rf_Id@20
[2018-05-10 17:37:54,248] INFO: Param
[2018-05-10 17:37:54,248] INFO:      max_depth: 9
[2018-05-10 17:37:54,248] INFO:      max_features: 0.8
[2018-05-10 17:37:54,248] INFO:      min_samples_leaf: 6
[2018-05-10 17:37:54,248] INFO:      min_samples_split: 15
[2018-05-10 17:37:54,248] INFO:      n_estimators: 860
[2018-05-10 17:37:54,248] INFO:      n_jobs: 8
[2018-05-10 17:37:54,249] INFO:      random_state: 42
[2018-05-10 17:37:54,249] INFO:      verbose: 0
[2018-05-10 17:37:54,249] INFO: Result
[2018-05-10 17:37:54,249] INFO:      Run     AUC     Shape
[2018-05-10 17:39:43,411] INFO:        1     0.775669     44601 x 390
[2018-05-10 17:41:04,303] INFO:        2     0.790644     44601 x 390
[2018-05-10 17:42:47,730] INFO:        3     0.781204     44602 x 390
[2018-05-10 17:42:47,804] INFO: AUC
[2018-05-10 17:42:47,804] INFO:      cv_mean: 0.782506
[2018-05-10 17:42:47,804] INFO:      cv_test: 0.789983
[2018-05-10 17:42:47,804] INFO: Time
[2018-05-10 17:42:47,804] INFO:      4 mins
[2018-05-10 17:42:47,804] INFO: --------------------------------------------------
[2018-05-10 17:45:18,713] INFO: tpe_transform took 0.003680 seconds
[2018-05-10 17:45:18,714] INFO: TPE using 2/2 trials with best loss -0.790170
[2018-05-10 17:45:18,718] INFO: ==================================================
[2018-05-10 17:45:18,718] INFO: Task
[2018-05-10 17:45:18,718] INFO:      single_Learner@clf_skl_rf_Id@21
[2018-05-10 17:45:18,719] INFO: Param
[2018-05-10 17:45:18,719] INFO:      max_depth: 5
[2018-05-10 17:45:18,719] INFO:      max_features: 0.75
[2018-05-10 17:45:18,719] INFO:      min_samples_leaf: 8
[2018-05-10 17:45:18,719] INFO:      min_samples_split: 6
[2018-05-10 17:45:18,719] INFO:      n_estimators: 790
[2018-05-10 17:45:18,719] INFO:      n_jobs: 8
[2018-05-10 17:45:18,719] INFO:      random_state: 42
[2018-05-10 17:45:18,719] INFO:      verbose: 0
[2018-05-10 17:45:18,720] INFO: Result
[2018-05-10 17:45:18,720] INFO:      Run     AUC     Shape
[2018-05-10 17:46:24,721] INFO:        1     0.768212     44601 x 390
[2018-05-10 17:47:19,151] INFO:        2     0.783372     44601 x 390
[2018-05-10 17:48:28,385] INFO:        3     0.774397     44602 x 390
[2018-05-10 17:48:28,530] INFO: AUC
[2018-05-10 17:48:28,531] INFO:      cv_mean: 0.775327
[2018-05-10 17:48:28,531] INFO:      cv_test: 0.782254
[2018-05-10 17:48:28,531] INFO: Time
[2018-05-10 17:48:28,531] INFO:      3 mins
[2018-05-10 17:48:28,531] INFO: --------------------------------------------------
[2018-05-10 17:50:11,100] INFO: tpe_transform took 0.003405 seconds
[2018-05-10 17:50:11,100] INFO: TPE using 3/3 trials with best loss -0.790170
[2018-05-10 17:50:11,103] INFO: ==================================================
[2018-05-10 17:50:11,103] INFO: Task
[2018-05-10 17:50:11,103] INFO:      single_Learner@clf_skl_rf_Id@22
[2018-05-10 17:50:11,103] INFO: Param
[2018-05-10 17:50:11,104] INFO:      max_depth: 9
[2018-05-10 17:50:11,104] INFO:      max_features: 0.4
[2018-05-10 17:50:11,104] INFO:      min_samples_leaf: 12
[2018-05-10 17:50:11,104] INFO:      min_samples_split: 12
[2018-05-10 17:50:11,104] INFO:      n_estimators: 530
[2018-05-10 17:50:11,104] INFO:      n_jobs: 8
[2018-05-10 17:50:11,104] INFO:      random_state: 42
[2018-05-10 17:50:11,104] INFO:      verbose: 0
[2018-05-10 17:50:11,105] INFO: Result
[2018-05-10 17:50:11,105] INFO:      Run     AUC     Shape
[2018-05-10 17:51:00,458] INFO:        1     0.777967     44601 x 390
[2018-05-10 17:51:47,695] INFO:        2      0.79364     44601 x 390
[2018-05-10 17:52:30,769] INFO:        3     0.784002     44602 x 390
[2018-05-10 17:52:30,867] INFO: AUC
[2018-05-10 17:52:30,868] INFO:      cv_mean: 0.785203
[2018-05-10 17:52:30,868] INFO:      cv_test: 0.791681
[2018-05-10 17:52:30,868] INFO: Time
[2018-05-10 17:52:30,868] INFO:      2 mins
[2018-05-10 17:52:30,868] INFO: --------------------------------------------------
[2018-05-10 17:53:42,082] INFO: tpe_transform took 0.004944 seconds
[2018-05-10 17:53:42,082] INFO: TPE using 4/4 trials with best loss -0.791344
[2018-05-10 17:53:42,088] INFO: ==================================================
[2018-05-10 17:53:42,088] INFO: Task
[2018-05-10 17:53:42,088] INFO:      single_Learner@clf_skl_rf_Id@23
[2018-05-10 17:53:42,089] INFO: Param
[2018-05-10 17:53:42,089] INFO:      max_depth: 2
[2018-05-10 17:53:42,089] INFO:      max_features: 0.95
[2018-05-10 17:53:42,089] INFO:      min_samples_leaf: 8
[2018-05-10 17:53:42,090] INFO:      min_samples_split: 9
[2018-05-10 17:53:42,090] INFO:      n_estimators: 810
[2018-05-10 17:53:42,090] INFO:      n_jobs: 8
[2018-05-10 17:53:42,090] INFO:      random_state: 42
[2018-05-10 17:53:42,091] INFO:      verbose: 0
[2018-05-10 17:53:42,091] INFO: Result
[2018-05-10 17:53:42,091] INFO:      Run     AUC     Shape
[2018-05-10 17:54:29,617] INFO:        1     0.721408     44601 x 390
[2018-05-10 17:55:13,773] INFO:        2      0.75067     44601 x 390
[2018-05-10 17:56:01,520] INFO:        3     0.754002     44602 x 390
[2018-05-10 17:56:01,640] INFO: AUC
[2018-05-10 17:56:01,640] INFO:      cv_mean: 0.742027
[2018-05-10 17:56:01,640] INFO:      cv_test: 0.762238
[2018-05-10 17:56:01,641] INFO: Time
[2018-05-10 17:56:01,641] INFO:      2 mins
[2018-05-10 17:56:01,641] INFO: --------------------------------------------------
[2018-05-10 17:57:13,876] INFO: tpe_transform took 0.004194 seconds
[2018-05-10 17:57:13,877] INFO: TPE using 5/5 trials with best loss -0.791344
[2018-05-10 17:57:13,880] INFO: ==================================================
[2018-05-10 17:57:13,880] INFO: Task
[2018-05-10 17:57:13,880] INFO:      single_Learner@clf_skl_rf_Id@24
[2018-05-10 17:57:13,880] INFO: Param
[2018-05-10 17:57:13,881] INFO:      max_depth: 9
[2018-05-10 17:57:13,881] INFO:      max_features: 0.7
[2018-05-10 17:57:13,881] INFO:      min_samples_leaf: 15
[2018-05-10 17:57:13,881] INFO:      min_samples_split: 7
[2018-05-10 17:57:13,881] INFO:      n_estimators: 140
[2018-05-10 17:57:13,881] INFO:      n_jobs: 8
[2018-05-10 17:57:13,881] INFO:      random_state: 42
[2018-05-10 17:57:13,882] INFO:      verbose: 0
[2018-05-10 17:57:13,882] INFO: Result
[2018-05-10 17:57:13,882] INFO:      Run     AUC     Shape
[2018-05-10 17:57:32,724] INFO:        1     0.776807     44601 x 390
[2018-05-10 17:57:51,822] INFO:        2     0.792507     44601 x 390
[2018-05-10 17:58:11,104] INFO:        3     0.782765     44602 x 390
[2018-05-10 17:58:11,222] INFO: AUC
[2018-05-10 17:58:11,222] INFO:      cv_mean: 0.784026
[2018-05-10 17:58:11,222] INFO:      cv_test: 0.791527
[2018-05-10 17:58:11,222] INFO: Time
[2018-05-10 17:58:11,222] INFO:      57 secs
[2018-05-10 17:58:11,222] INFO: --------------------------------------------------
[2018-05-10 17:58:43,400] INFO: tpe_transform took 0.004745 seconds
[2018-05-10 17:58:43,401] INFO: TPE using 6/6 trials with best loss -0.791344
[2018-05-10 17:58:43,404] INFO: ==================================================
[2018-05-10 17:58:43,404] INFO: Task
[2018-05-10 17:58:43,404] INFO:      single_Learner@clf_skl_rf_Id@25
[2018-05-10 17:58:43,404] INFO: Param
[2018-05-10 17:58:43,404] INFO:      max_depth: 4
[2018-05-10 17:58:43,405] INFO:      max_features: 0.45
[2018-05-10 17:58:43,405] INFO:      min_samples_leaf: 8
[2018-05-10 17:58:43,405] INFO:      min_samples_split: 13
[2018-05-10 17:58:43,405] INFO:      n_estimators: 710
[2018-05-10 17:58:43,405] INFO:      n_jobs: 8
[2018-05-10 17:58:43,406] INFO:      random_state: 42
[2018-05-10 17:58:43,406] INFO:      verbose: 0
[2018-05-10 17:58:43,406] INFO: Result
[2018-05-10 17:58:43,406] INFO:      Run     AUC     Shape
[2018-05-10 17:59:24,117] INFO:        1     0.759771     44601 x 390
[2018-05-10 18:00:09,054] INFO:        2     0.777967     44601 x 390
[2018-05-10 18:00:50,948] INFO:        3       0.7698     44602 x 390
[2018-05-10 18:00:51,098] INFO: AUC
[2018-05-10 18:00:51,099] INFO:      cv_mean: 0.769179
[2018-05-10 18:00:51,099] INFO:      cv_test: 0.777277
[2018-05-10 18:00:51,099] INFO: Time
[2018-05-10 18:00:51,099] INFO:      2 mins
[2018-05-10 18:00:51,100] INFO: --------------------------------------------------
[2018-05-10 18:01:55,693] INFO: tpe_transform took 0.003694 seconds
[2018-05-10 18:01:55,693] INFO: TPE using 7/7 trials with best loss -0.791344
[2018-05-10 18:01:55,696] INFO: ==================================================
[2018-05-10 18:01:55,696] INFO: Task
[2018-05-10 18:01:55,696] INFO:      single_Learner@clf_skl_rf_Id@26
[2018-05-10 18:01:55,696] INFO: Param
[2018-05-10 18:01:55,697] INFO:      max_depth: 9
[2018-05-10 18:01:55,697] INFO:      max_features: 0.6
[2018-05-10 18:01:55,697] INFO:      min_samples_leaf: 8
[2018-05-10 18:01:55,697] INFO:      min_samples_split: 10
[2018-05-10 18:01:55,697] INFO:      n_estimators: 930
[2018-05-10 18:01:55,697] INFO:      n_jobs: 8
[2018-05-10 18:01:55,697] INFO:      random_state: 42
[2018-05-10 18:01:55,697] INFO:      verbose: 0
[2018-05-10 18:01:55,697] INFO: Result
[2018-05-10 18:01:55,698] INFO:      Run     AUC     Shape
[2018-05-10 18:03:57,790] INFO:        1     0.776516     44601 x 390
[2018-05-10 18:05:36,458] INFO:        2     0.792379     44601 x 390
[2018-05-10 18:07:13,708] INFO:        3     0.782443     44602 x 390
[2018-05-10 18:07:13,905] INFO: AUC
[2018-05-10 18:07:13,906] INFO:      cv_mean: 0.783780
[2018-05-10 18:07:13,906] INFO:      cv_test: 0.790741
[2018-05-10 18:07:13,906] INFO: Time
[2018-05-10 18:07:13,907] INFO:      5 mins
[2018-05-10 18:07:13,907] INFO: --------------------------------------------------
[2018-05-10 18:10:19,620] INFO: tpe_transform took 0.004638 seconds
[2018-05-10 18:10:19,621] INFO: TPE using 8/8 trials with best loss -0.791344
[2018-05-10 18:10:19,625] INFO: ==================================================
[2018-05-10 18:10:19,625] INFO: Task
[2018-05-10 18:10:19,625] INFO:      single_Learner@clf_skl_rf_Id@27
[2018-05-10 18:10:19,625] INFO: Param
[2018-05-10 18:10:19,625] INFO:      max_depth: 8
[2018-05-10 18:10:19,626] INFO:      max_features: 0.95
[2018-05-10 18:10:19,626] INFO:      min_samples_leaf: 11
[2018-05-10 18:10:19,626] INFO:      min_samples_split: 12
[2018-05-10 18:10:19,626] INFO:      n_estimators: 310
[2018-05-10 18:10:19,626] INFO:      n_jobs: 8
[2018-05-10 18:10:19,626] INFO:      random_state: 42
[2018-05-10 18:10:19,626] INFO:      verbose: 0
[2018-05-10 18:10:19,627] INFO: Result
[2018-05-10 18:10:19,627] INFO:      Run     AUC     Shape
[2018-05-10 18:11:06,493] INFO:        1     0.774984     44601 x 390
[2018-05-10 18:11:43,648] INFO:        2     0.789681     44601 x 390
[2018-05-10 18:12:20,125] INFO:        3     0.780409     44602 x 390
[2018-05-10 18:12:20,226] INFO: AUC
[2018-05-10 18:12:20,226] INFO:      cv_mean: 0.781691
[2018-05-10 18:12:20,226] INFO:      cv_test: 0.789035
[2018-05-10 18:12:20,227] INFO: Time
[2018-05-10 18:12:20,227] INFO:      2 mins
[2018-05-10 18:12:20,227] INFO: --------------------------------------------------
[2018-05-10 18:13:24,106] INFO: Hyperopt_Time
[2018-05-10 18:13:24,106] INFO:      35 mins
[2018-05-10 18:13:24,106] INFO: --------------------------------------------------
[2018-05-10 18:13:24,126] INFO: tpe_transform took 0.006762 seconds
[2018-05-10 18:13:24,126] INFO: TPE using 0 trials
[2018-05-10 18:13:24,130] INFO: ==================================================
[2018-05-10 18:13:24,130] INFO: Task
[2018-05-10 18:13:24,130] INFO:      single_Learner@clf_lgb_tree_Id@28
[2018-05-10 18:13:24,131] INFO: Param
[2018-05-10 18:13:24,131] INFO:      boosting_type: gbdt
[2018-05-10 18:13:24,131] INFO:      colsample_bytree: 0.85
[2018-05-10 18:13:24,131] INFO:      learning_rate: 0.024
[2018-05-10 18:13:24,131] INFO:      max_depth: 6
[2018-05-10 18:13:24,132] INFO:      metric: auc
[2018-05-10 18:13:24,132] INFO:      min_child_samples: 2
[2018-05-10 18:13:24,132] INFO:      n_estimators: 280
[2018-05-10 18:13:24,132] INFO:      n_jobs: 16
[2018-05-10 18:13:24,132] INFO:      num_leaves: 926
[2018-05-10 18:13:24,133] INFO:      objective: binary
[2018-05-10 18:13:24,133] INFO:      random_state: 42
[2018-05-10 18:13:24,133] INFO:      reg_alpha: 4.29247301476e-09
[2018-05-10 18:13:24,133] INFO:      reg_lambda: 3.71673490364
[2018-05-10 18:13:24,133] INFO:      subsample: 0.5
[2018-05-10 18:13:24,134] INFO:      verbose: -1
[2018-05-10 18:13:24,134] INFO: Result
[2018-05-10 18:13:24,134] INFO:      Run     AUC     Shape
[2018-05-10 18:13:32,279] INFO:        1     0.785715     44601 x 390
[2018-05-10 18:13:39,799] INFO:        2     0.802817     44601 x 390
[2018-05-10 18:13:47,483] INFO:        3     0.794059     44602 x 390
[2018-05-10 18:13:47,640] INFO: AUC
[2018-05-10 18:13:47,640] INFO:      cv_mean: 0.794197
[2018-05-10 18:13:47,641] INFO:      cv_test: 0.799226
[2018-05-10 18:13:47,641] INFO: Time
[2018-05-10 18:13:47,641] INFO:      23 secs
[2018-05-10 18:13:47,641] INFO: --------------------------------------------------
[2018-05-10 18:13:58,060] INFO: tpe_transform took 0.020355 seconds
[2018-05-10 18:13:58,061] INFO: TPE using 1/1 trials with best loss -0.798683
[2018-05-10 18:13:58,064] INFO: ==================================================
[2018-05-10 18:13:58,064] INFO: Task
[2018-05-10 18:13:58,064] INFO:      single_Learner@clf_lgb_tree_Id@29
[2018-05-10 18:13:58,064] INFO: Param
[2018-05-10 18:13:58,064] INFO:      boosting_type: dart
[2018-05-10 18:13:58,065] INFO:      colsample_bytree: 0.85
[2018-05-10 18:13:58,065] INFO:      learning_rate: 0.002
[2018-05-10 18:13:58,065] INFO:      max_depth: 7
[2018-05-10 18:13:58,065] INFO:      metric: auc
[2018-05-10 18:13:58,065] INFO:      min_child_samples: 31
[2018-05-10 18:13:58,065] INFO:      n_estimators: 710
[2018-05-10 18:13:58,065] INFO:      n_jobs: 16
[2018-05-10 18:13:58,066] INFO:      num_leaves: 888
[2018-05-10 18:13:58,066] INFO:      objective: binary
[2018-05-10 18:13:58,066] INFO:      random_state: 42
[2018-05-10 18:13:58,066] INFO:      reg_alpha: 7.19148906795e-05
[2018-05-10 18:13:58,066] INFO:      reg_lambda: 1.76805308552
[2018-05-10 18:13:58,066] INFO:      subsample: 0.9
[2018-05-10 18:13:58,066] INFO:      verbose: -1
[2018-05-10 18:13:58,066] INFO: Result
[2018-05-10 18:13:58,067] INFO:      Run     AUC     Shape
[2018-05-10 18:14:20,749] INFO:        1     0.771343     44601 x 390
[2018-05-10 18:14:44,817] INFO:        2     0.785866     44601 x 390
[2018-05-10 18:15:08,960] INFO:        3     0.777363     44602 x 390
[2018-05-10 18:15:09,069] INFO: AUC
[2018-05-10 18:15:09,069] INFO:      cv_mean: 0.778191
[2018-05-10 18:15:09,070] INFO:      cv_test: 0.785952
[2018-05-10 18:15:09,070] INFO: Time
[2018-05-10 18:15:09,070] INFO:      1 mins
[2018-05-10 18:15:09,070] INFO: --------------------------------------------------
[2018-05-10 18:15:48,518] INFO: tpe_transform took 0.034407 seconds
[2018-05-10 18:15:48,518] INFO: TPE using 2/2 trials with best loss -0.798683
[2018-05-10 18:15:48,524] INFO: ==================================================
[2018-05-10 18:15:48,524] INFO: Task
[2018-05-10 18:15:48,524] INFO:      single_Learner@clf_lgb_tree_Id@30
[2018-05-10 18:15:48,524] INFO: Param
[2018-05-10 18:15:48,524] INFO:      boosting_type: dart
[2018-05-10 18:15:48,524] INFO:      colsample_bytree: 0.55
[2018-05-10 18:15:48,525] INFO:      learning_rate: 0.006
[2018-05-10 18:15:48,525] INFO:      max_depth: 8
[2018-05-10 18:15:48,525] INFO:      metric: auc
[2018-05-10 18:15:48,525] INFO:      min_child_samples: 19
[2018-05-10 18:15:48,525] INFO:      n_estimators: 500
[2018-05-10 18:15:48,525] INFO:      n_jobs: 16
[2018-05-10 18:15:48,526] INFO:      num_leaves: 628
[2018-05-10 18:15:48,526] INFO:      objective: binary
[2018-05-10 18:15:48,526] INFO:      random_state: 42
[2018-05-10 18:15:48,526] INFO:      reg_alpha: 0.0295838751355
[2018-05-10 18:15:48,526] INFO:      reg_lambda: 0.0163289710833
[2018-05-10 18:15:48,526] INFO:      subsample: 0.7
[2018-05-10 18:15:48,527] INFO:      verbose: -1
[2018-05-10 18:15:48,527] INFO: Result
[2018-05-10 18:15:48,527] INFO:      Run     AUC     Shape
[2018-05-10 18:16:08,845] INFO:        1     0.780512     44601 x 390
[2018-05-10 18:16:31,951] INFO:        2     0.794743     44601 x 390
[2018-05-10 18:16:54,183] INFO:        3     0.787032     44602 x 390
[2018-05-10 18:16:54,276] INFO: AUC
[2018-05-10 18:16:54,276] INFO:      cv_mean: 0.787429
[2018-05-10 18:16:54,276] INFO:      cv_test: 0.793569
[2018-05-10 18:16:54,276] INFO: Time
[2018-05-10 18:16:54,277] INFO:      1 mins
[2018-05-10 18:16:54,277] INFO: --------------------------------------------------
[2018-05-10 18:17:33,400] INFO: tpe_transform took 0.044563 seconds
[2018-05-10 18:17:33,401] INFO: TPE using 3/3 trials with best loss -0.798683
[2018-05-10 18:17:33,406] INFO: ==================================================
[2018-05-10 18:17:33,406] INFO: Task
[2018-05-10 18:17:33,406] INFO:      single_Learner@clf_lgb_tree_Id@31
[2018-05-10 18:17:33,407] INFO: Param
[2018-05-10 18:17:33,407] INFO:      boosting_type: dart
[2018-05-10 18:17:33,407] INFO:      colsample_bytree: 0.4
[2018-05-10 18:17:33,407] INFO:      learning_rate: 0.006
[2018-05-10 18:17:33,408] INFO:      max_depth: 8
[2018-05-10 18:17:33,408] INFO:      metric: auc
[2018-05-10 18:17:33,408] INFO:      min_child_samples: 142
[2018-05-10 18:17:33,408] INFO:      n_estimators: 340
[2018-05-10 18:17:33,408] INFO:      n_jobs: 16
[2018-05-10 18:17:33,409] INFO:      num_leaves: 419
[2018-05-10 18:17:33,409] INFO:      objective: binary
[2018-05-10 18:17:33,409] INFO:      random_state: 42
[2018-05-10 18:17:33,409] INFO:      reg_alpha: 3.41877844799e-06
[2018-05-10 18:17:33,409] INFO:      reg_lambda: 0.109473471536
[2018-05-10 18:17:33,410] INFO:      subsample: 0.75
[2018-05-10 18:17:33,410] INFO:      verbose: -1
[2018-05-10 18:17:33,410] INFO: Result
[2018-05-10 18:17:33,410] INFO:      Run     AUC     Shape
[2018-05-10 18:17:48,587] INFO:        1     0.778431     44601 x 390
[2018-05-10 18:18:04,614] INFO:        2     0.793011     44601 x 390
[2018-05-10 18:18:20,179] INFO:        3     0.785478     44602 x 390
[2018-05-10 18:18:20,287] INFO: AUC
[2018-05-10 18:18:20,288] INFO:      cv_mean: 0.785640
[2018-05-10 18:18:20,288] INFO:      cv_test: 0.791756
[2018-05-10 18:18:20,288] INFO: Time
[2018-05-10 18:18:20,288] INFO:      46 secs
[2018-05-10 18:18:20,288] INFO: --------------------------------------------------
[2018-05-10 18:18:44,951] INFO: tpe_transform took 0.051460 seconds
[2018-05-10 18:18:44,951] INFO: TPE using 4/4 trials with best loss -0.798683
[2018-05-10 18:18:44,955] INFO: ==================================================
[2018-05-10 18:18:44,955] INFO: Task
[2018-05-10 18:18:44,955] INFO:      single_Learner@clf_lgb_tree_Id@32
[2018-05-10 18:18:44,955] INFO: Param
[2018-05-10 18:18:44,955] INFO:      boosting_type: dart
[2018-05-10 18:18:44,956] INFO:      colsample_bytree: 0.2
[2018-05-10 18:18:44,956] INFO:      learning_rate: 0.048
[2018-05-10 18:18:44,956] INFO:      max_depth: 9
[2018-05-10 18:18:44,956] INFO:      metric: auc
[2018-05-10 18:18:44,956] INFO:      min_child_samples: 38
[2018-05-10 18:18:44,956] INFO:      n_estimators: 620
[2018-05-10 18:18:44,957] INFO:      n_jobs: 16
[2018-05-10 18:18:44,957] INFO:      num_leaves: 626
[2018-05-10 18:18:44,957] INFO:      objective: binary
[2018-05-10 18:18:44,957] INFO:      random_state: 42
[2018-05-10 18:18:44,957] INFO:      reg_alpha: 5.19093345788e-07
[2018-05-10 18:18:44,957] INFO:      reg_lambda: 6.87706158201e-05
[2018-05-10 18:18:44,957] INFO:      subsample: 0.4
[2018-05-10 18:18:44,958] INFO:      verbose: -1
[2018-05-10 18:18:44,958] INFO: Result
[2018-05-10 18:18:44,958] INFO:      Run     AUC     Shape
[2018-05-10 18:19:18,701] INFO:        1     0.785368     44601 x 390
[2018-05-10 18:19:48,570] INFO:        2     0.803118     44601 x 390
[2018-05-10 18:20:23,184] INFO:        3     0.792836     44602 x 390
[2018-05-10 18:20:23,280] INFO: AUC
[2018-05-10 18:20:23,280] INFO:      cv_mean: 0.793774
[2018-05-10 18:20:23,280] INFO:      cv_test: 0.799454
[2018-05-10 18:20:23,280] INFO: Time
[2018-05-10 18:20:23,281] INFO:      1 mins
[2018-05-10 18:20:23,281] INFO: --------------------------------------------------
[2018-05-10 18:21:10,999] INFO: tpe_transform took 0.044327 seconds
[2018-05-10 18:21:10,999] INFO: TPE using 5/5 trials with best loss -0.799500
[2018-05-10 18:21:11,004] INFO: ==================================================
[2018-05-10 18:21:11,004] INFO: Task
[2018-05-10 18:21:11,004] INFO:      single_Learner@clf_lgb_tree_Id@33
[2018-05-10 18:21:11,004] INFO: Param
[2018-05-10 18:21:11,004] INFO:      boosting_type: gbdt
[2018-05-10 18:21:11,005] INFO:      colsample_bytree: 0.15
[2018-05-10 18:21:11,005] INFO:      learning_rate: 0.002
[2018-05-10 18:21:11,005] INFO:      max_depth: 8
[2018-05-10 18:21:11,005] INFO:      metric: auc
[2018-05-10 18:21:11,005] INFO:      min_child_samples: 1
[2018-05-10 18:21:11,005] INFO:      n_estimators: 520
[2018-05-10 18:21:11,005] INFO:      n_jobs: 16
[2018-05-10 18:21:11,006] INFO:      num_leaves: 164
[2018-05-10 18:21:11,006] INFO:      objective: binary
[2018-05-10 18:21:11,006] INFO:      random_state: 42
[2018-05-10 18:21:11,006] INFO:      reg_alpha: 0.000440957853955
[2018-05-10 18:21:11,006] INFO:      reg_lambda: 0.000531565876695
[2018-05-10 18:21:11,006] INFO:      subsample: 0.95
[2018-05-10 18:21:11,006] INFO:      verbose: -1
[2018-05-10 18:21:11,007] INFO: Result
[2018-05-10 18:21:11,007] INFO:      Run     AUC     Shape
[2018-05-10 18:21:26,399] INFO:        1      0.77482     44601 x 390
[2018-05-10 18:21:44,112] INFO:        2      0.78412     44601 x 390
[2018-05-10 18:22:00,002] INFO:        3     0.780114     44602 x 390
[2018-05-10 18:22:00,110] INFO: AUC
[2018-05-10 18:22:00,110] INFO:      cv_mean: 0.779685
[2018-05-10 18:22:00,110] INFO:      cv_test: 0.787570
[2018-05-10 18:22:00,110] INFO: Time
[2018-05-10 18:22:00,110] INFO:      49 secs
[2018-05-10 18:22:00,110] INFO: --------------------------------------------------
[2018-05-10 18:22:21,488] INFO: tpe_transform took 0.039006 seconds
[2018-05-10 18:22:21,489] INFO: TPE using 6/6 trials with best loss -0.799500
[2018-05-10 18:22:21,493] INFO: ==================================================
[2018-05-10 18:22:21,494] INFO: Task
[2018-05-10 18:22:21,494] INFO:      single_Learner@clf_lgb_tree_Id@34
[2018-05-10 18:22:21,494] INFO: Param
[2018-05-10 18:22:21,494] INFO:      boosting_type: gbdt
[2018-05-10 18:22:21,495] INFO:      colsample_bytree: 0.45
[2018-05-10 18:22:21,495] INFO:      learning_rate: 0.05
[2018-05-10 18:22:21,495] INFO:      max_depth: 6
[2018-05-10 18:22:21,495] INFO:      metric: auc
[2018-05-10 18:22:21,495] INFO:      min_child_samples: 275
[2018-05-10 18:22:21,495] INFO:      n_estimators: 800
[2018-05-10 18:22:21,496] INFO:      n_jobs: 16
[2018-05-10 18:22:21,496] INFO:      num_leaves: 94
[2018-05-10 18:22:21,496] INFO:      objective: binary
[2018-05-10 18:22:21,496] INFO:      random_state: 42
[2018-05-10 18:22:21,496] INFO:      reg_alpha: 5.08127658836
[2018-05-10 18:22:21,496] INFO:      reg_lambda: 0.000107925667602
[2018-05-10 18:22:21,497] INFO:      subsample: 0.6
[2018-05-10 18:22:21,497] INFO:      verbose: -1
[2018-05-10 18:22:21,497] INFO: Result
[2018-05-10 18:22:21,497] INFO:      Run     AUC     Shape
[2018-05-10 18:22:33,672] INFO:        1      0.78471     44601 x 390
[2018-05-10 18:22:49,275] INFO:        2     0.804487     44601 x 390
[2018-05-10 18:23:02,679] INFO:        3     0.793214     44602 x 390
[2018-05-10 18:23:02,773] INFO: AUC
[2018-05-10 18:23:02,774] INFO:      cv_mean: 0.794137
[2018-05-10 18:23:02,774] INFO:      cv_test: 0.799180
[2018-05-10 18:23:02,774] INFO: Time
[2018-05-10 18:23:02,774] INFO:      41 secs
[2018-05-10 18:23:02,774] INFO: --------------------------------------------------
[2018-05-10 18:23:20,528] INFO: tpe_transform took 0.078296 seconds
[2018-05-10 18:23:20,529] INFO: TPE using 7/7 trials with best loss -0.799676
[2018-05-10 18:23:20,533] INFO: ==================================================
[2018-05-10 18:23:20,534] INFO: Task
[2018-05-10 18:23:20,534] INFO:      single_Learner@clf_lgb_tree_Id@35
[2018-05-10 18:23:20,534] INFO: Param
[2018-05-10 18:23:20,534] INFO:      boosting_type: dart
[2018-05-10 18:23:20,535] INFO:      colsample_bytree: 0.6
[2018-05-10 18:23:20,535] INFO:      learning_rate: 0.066
[2018-05-10 18:23:20,535] INFO:      max_depth: 5
[2018-05-10 18:23:20,535] INFO:      metric: auc
[2018-05-10 18:23:20,536] INFO:      min_child_samples: 38
[2018-05-10 18:23:20,536] INFO:      n_estimators: 920
[2018-05-10 18:23:20,536] INFO:      n_jobs: 16
[2018-05-10 18:23:20,536] INFO:      num_leaves: 568
[2018-05-10 18:23:20,536] INFO:      objective: binary
[2018-05-10 18:23:20,537] INFO:      random_state: 42
[2018-05-10 18:23:20,537] INFO:      reg_alpha: 4.23209908411e-05
[2018-05-10 18:23:20,537] INFO:      reg_lambda: 0.0213208595007
[2018-05-10 18:23:20,537] INFO:      subsample: 0.25
[2018-05-10 18:23:20,537] INFO:      verbose: -1
[2018-05-10 18:23:20,537] INFO: Result
[2018-05-10 18:23:20,538] INFO:      Run     AUC     Shape
[2018-05-10 18:23:44,699] INFO:        1     0.782322     44601 x 390
[2018-05-10 18:24:13,007] INFO:        2     0.802909     44601 x 390
[2018-05-10 18:24:38,690] INFO:        3     0.792132     44602 x 390
[2018-05-10 18:24:38,798] INFO: AUC
[2018-05-10 18:24:38,799] INFO:      cv_mean: 0.792454
[2018-05-10 18:24:38,799] INFO:      cv_test: 0.800161
[2018-05-10 18:24:38,799] INFO: Time
[2018-05-10 18:24:38,799] INFO:      1 mins
[2018-05-10 18:24:38,799] INFO: --------------------------------------------------
[2018-05-10 18:25:07,254] INFO: tpe_transform took 0.037641 seconds
[2018-05-10 18:25:07,255] INFO: TPE using 8/8 trials with best loss -0.799676
[2018-05-10 18:25:07,259] INFO: ==================================================
[2018-05-10 18:25:07,260] INFO: Task
[2018-05-10 18:25:07,260] INFO:      single_Learner@clf_lgb_tree_Id@36
[2018-05-10 18:25:07,260] INFO: Param
[2018-05-10 18:25:07,260] INFO:      boosting_type: gbdt
[2018-05-10 18:25:07,260] INFO:      colsample_bytree: 0.95
[2018-05-10 18:25:07,261] INFO:      learning_rate: 0.096
[2018-05-10 18:25:07,261] INFO:      max_depth: 9
[2018-05-10 18:25:07,261] INFO:      metric: auc
[2018-05-10 18:25:07,261] INFO:      min_child_samples: 24
[2018-05-10 18:25:07,261] INFO:      n_estimators: 420
[2018-05-10 18:25:07,261] INFO:      n_jobs: 16
[2018-05-10 18:25:07,261] INFO:      num_leaves: 193
[2018-05-10 18:25:07,262] INFO:      objective: binary
[2018-05-10 18:25:07,262] INFO:      random_state: 42
[2018-05-10 18:25:07,262] INFO:      reg_alpha: 0.0132797643844
[2018-05-10 18:25:07,262] INFO:      reg_lambda: 2.09428628126e-07
[2018-05-10 18:25:07,262] INFO:      subsample: 0.2
[2018-05-10 18:25:07,262] INFO:      verbose: -1
[2018-05-10 18:25:07,262] INFO: Result
[2018-05-10 18:25:07,263] INFO:      Run     AUC     Shape
[2018-05-10 18:25:16,008] INFO:        1     0.739649     44601 x 390
[2018-05-10 18:25:24,637] INFO:        2     0.749382     44601 x 390
[2018-05-10 18:25:32,684] INFO:        3     0.745077     44602 x 390
[2018-05-10 18:25:32,757] INFO: AUC
[2018-05-10 18:25:32,758] INFO:      cv_mean: 0.744703
[2018-05-10 18:25:32,758] INFO:      cv_test: 0.774112
[2018-05-10 18:25:32,758] INFO: Time
[2018-05-10 18:25:32,758] INFO:      25 secs
[2018-05-10 18:25:32,758] INFO: --------------------------------------------------
[2018-05-10 18:25:43,788] INFO: Hyperopt_Time
[2018-05-10 18:25:43,789] INFO:      12 mins
[2018-05-10 18:25:43,789] INFO: --------------------------------------------------
[2018-05-10 18:25:43,817] INFO: tpe_transform took 0.003403 seconds
[2018-05-10 18:25:43,817] INFO: TPE using 0 trials
[2018-05-10 18:25:43,892] INFO: ==================================================
[2018-05-10 18:25:43,892] INFO: Task
[2018-05-10 18:25:43,892] INFO:      single_Learner@clf_cbst_tree_Id@37
[2018-05-10 18:25:43,893] INFO: Param
[2018-05-10 18:25:43,893] INFO:      bagging_temperature: 0.506054979566
[2018-05-10 18:25:43,893] INFO:      border_count: 128
[2018-05-10 18:25:43,893] INFO:      depth: 5.0
[2018-05-10 18:25:43,894] INFO:      l2_leaf_reg: 1.81199923735
[2018-05-10 18:25:43,894] INFO:      learning_rate: 0.0562292412493
[2018-05-10 18:25:43,894] INFO:      one_hot_max_size: 0
[2018-05-10 18:25:43,894] INFO:      random_state: 42
[2018-05-10 18:25:43,895] INFO:      random_strength: 20
[2018-05-10 18:25:43,895] INFO:      simple_ctr: ('Borders', 'BinarizedTargetMeanValue', 'Counter')
[2018-05-10 18:25:43,895] INFO:      thread_count: 8
[2018-05-10 18:25:43,895] INFO:      used_ram_limit: 100000000000
[2018-05-10 18:25:43,896] INFO:      verbose: False
[2018-05-10 18:25:43,896] INFO: Result
[2018-05-10 18:25:43,896] INFO:      Run     AUC     Shape
[2018-05-10 18:27:32,872] INFO:        1     0.781747     44601 x 390
[2018-05-10 18:29:20,892] INFO:        2     0.800184     44601 x 390
[2018-05-10 18:31:19,704] INFO:        3     0.792719     44602 x 390
[2018-05-10 18:31:19,787] INFO: AUC
[2018-05-10 18:31:19,787] INFO:      cv_mean: 0.791550
[2018-05-10 18:31:19,787] INFO:      cv_test: 0.797647
[2018-05-10 18:31:19,787] INFO: Time
[2018-05-10 18:31:19,787] INFO:      5 mins
[2018-05-10 18:31:19,788] INFO: --------------------------------------------------
[2018-05-10 18:32:50,674] INFO: tpe_transform took 0.004083 seconds
[2018-05-10 18:32:50,674] INFO: TPE using 1/1 trials with best loss -0.798577
[2018-05-10 18:32:50,677] INFO: ==================================================
[2018-05-10 18:32:50,677] INFO: Task
[2018-05-10 18:32:50,677] INFO:      single_Learner@clf_cbst_tree_Id@38
[2018-05-10 18:32:50,677] INFO: Param
[2018-05-10 18:32:50,677] INFO:      bagging_temperature: 0.10420423936
[2018-05-10 18:32:50,678] INFO:      border_count: 128
[2018-05-10 18:32:50,678] INFO:      depth: 5.0
[2018-05-10 18:32:50,678] INFO:      l2_leaf_reg: 4.17865706732
[2018-05-10 18:32:50,678] INFO:      learning_rate: 0.0179559008328
[2018-05-10 18:32:50,678] INFO:      one_hot_max_size: 0
[2018-05-10 18:32:50,678] INFO:      random_state: 42
[2018-05-10 18:32:50,679] INFO:      random_strength: 20
[2018-05-10 18:32:50,679] INFO:      simple_ctr: ('Borders', 'BinarizedTargetMeanValue', 'Counter')
[2018-05-10 18:32:50,679] INFO:      thread_count: 8
[2018-05-10 18:32:50,679] INFO:      used_ram_limit: 100000000000
[2018-05-10 18:32:50,679] INFO:      verbose: False
[2018-05-10 18:32:50,679] INFO: Result
[2018-05-10 18:32:50,679] INFO:      Run     AUC     Shape
[2018-05-10 18:34:38,178] INFO:        1     0.780259     44601 x 390
[2018-05-10 18:36:18,450] INFO:        2     0.795926     44601 x 390
[2018-05-10 18:37:59,291] INFO:        3     0.791621     44602 x 390
[2018-05-10 18:37:59,371] INFO: AUC
[2018-05-10 18:37:59,372] INFO:      cv_mean: 0.789269
[2018-05-10 18:37:59,372] INFO:      cv_test: 0.794076
[2018-05-10 18:37:59,372] INFO: Time
[2018-05-10 18:37:59,372] INFO:      5 mins
[2018-05-10 18:37:59,372] INFO: --------------------------------------------------
[2018-05-10 18:39:25,759] INFO: tpe_transform took 0.004363 seconds
[2018-05-10 18:39:25,759] INFO: TPE using 2/2 trials with best loss -0.798577
[2018-05-10 18:39:25,762] INFO: ==================================================
[2018-05-10 18:39:25,762] INFO: Task
[2018-05-10 18:39:25,762] INFO:      single_Learner@clf_cbst_tree_Id@39
[2018-05-10 18:39:25,762] INFO: Param
[2018-05-10 18:39:25,763] INFO:      bagging_temperature: 0.869051976549
[2018-05-10 18:39:25,763] INFO:      border_count: 128
[2018-05-10 18:39:25,763] INFO:      depth: 4.0
[2018-05-10 18:39:25,763] INFO:      l2_leaf_reg: 3.58838954047
[2018-05-10 18:39:25,763] INFO:      learning_rate: 0.440625269329
[2018-05-10 18:39:25,763] INFO:      one_hot_max_size: 0
[2018-05-10 18:39:25,763] INFO:      random_state: 42
[2018-05-10 18:39:25,764] INFO:      random_strength: 20
[2018-05-10 18:39:25,764] INFO:      simple_ctr: ('Borders', 'BinarizedTargetMeanValue', 'Counter')
[2018-05-10 18:39:25,764] INFO:      thread_count: 8
[2018-05-10 18:39:25,764] INFO:      used_ram_limit: 100000000000
[2018-05-10 18:39:25,764] INFO:      verbose: False
[2018-05-10 18:39:25,764] INFO: Result
[2018-05-10 18:39:25,765] INFO:      Run     AUC     Shape
[2018-05-10 18:40:51,693] INFO:        1      0.75514     44601 x 390
[2018-05-10 18:42:16,068] INFO:        2     0.774806     44601 x 390
[2018-05-10 18:43:41,090] INFO:        3     0.768797     44602 x 390
[2018-05-10 18:43:41,165] INFO: AUC
[2018-05-10 18:43:41,166] INFO:      cv_mean: 0.766247
[2018-05-10 18:43:41,166] INFO:      cv_test: 0.789150
[2018-05-10 18:43:41,166] INFO: Time
[2018-05-10 18:43:41,166] INFO:      4 mins
[2018-05-10 18:43:41,166] INFO: --------------------------------------------------
[2018-05-10 18:45:16,707] INFO: tpe_transform took 0.004467 seconds
[2018-05-10 18:45:16,707] INFO: TPE using 3/3 trials with best loss -0.798577
[2018-05-10 18:45:16,710] INFO: ==================================================
[2018-05-10 18:45:16,711] INFO: Task
[2018-05-10 18:45:16,711] INFO:      single_Learner@clf_cbst_tree_Id@40
[2018-05-10 18:45:16,711] INFO: Param
[2018-05-10 18:45:16,711] INFO:      bagging_temperature: 0.83216657409
[2018-05-10 18:45:16,711] INFO:      border_count: 128
[2018-05-10 18:45:16,712] INFO:      depth: 4.0
[2018-05-10 18:45:16,712] INFO:      l2_leaf_reg: 1.65091340018
[2018-05-10 18:45:16,712] INFO:      learning_rate: 0.0317998529865
[2018-05-10 18:45:16,712] INFO:      one_hot_max_size: 0
[2018-05-10 18:45:16,712] INFO:      random_state: 42
[2018-05-10 18:45:16,713] INFO:      random_strength: 20
[2018-05-10 18:45:16,713] INFO:      simple_ctr: ('Borders', 'BinarizedTargetMeanValue', 'Counter')
[2018-05-10 18:45:16,713] INFO:      thread_count: 8
[2018-05-10 18:45:16,713] INFO:      used_ram_limit: 100000000000
[2018-05-10 18:45:16,713] INFO:      verbose: False
[2018-05-10 18:45:16,714] INFO: Result
[2018-05-10 18:45:16,714] INFO:      Run     AUC     Shape
[2018-05-10 18:46:48,728] INFO:        1     0.782189     44601 x 390
[2018-05-10 18:48:23,393] INFO:        2      0.79904     44601 x 390
[2018-05-10 18:50:07,029] INFO:        3     0.793468     44602 x 390
[2018-05-10 18:50:07,170] INFO: AUC
[2018-05-10 18:50:07,171] INFO:      cv_mean: 0.791566
[2018-05-10 18:50:07,171] INFO:      cv_test: 0.796757
[2018-05-10 18:50:07,171] INFO: Time
[2018-05-10 18:50:07,172] INFO:      4 mins
[2018-05-10 18:50:07,172] INFO: --------------------------------------------------
[2018-05-10 18:51:27,289] INFO: tpe_transform took 0.005213 seconds
[2018-05-10 18:51:27,290] INFO: TPE using 4/4 trials with best loss -0.798577
[2018-05-10 18:51:27,293] INFO: ==================================================
[2018-05-10 18:51:27,293] INFO: Task
[2018-05-10 18:51:27,293] INFO:      single_Learner@clf_cbst_tree_Id@41
[2018-05-10 18:51:27,294] INFO: Param
[2018-05-10 18:51:27,294] INFO:      bagging_temperature: 0.932609832235
[2018-05-10 18:51:27,294] INFO:      border_count: 128
[2018-05-10 18:51:27,294] INFO:      depth: 8.0
[2018-05-10 18:51:27,294] INFO:      l2_leaf_reg: 3.03670526792
[2018-05-10 18:51:27,295] INFO:      learning_rate: 0.0226938157836
[2018-05-10 18:51:27,295] INFO:      one_hot_max_size: 25
[2018-05-10 18:51:27,295] INFO:      random_state: 42
[2018-05-10 18:51:27,295] INFO:      random_strength: 1
[2018-05-10 18:51:27,295] INFO:      simple_ctr: ('Borders', 'BinarizedTargetMeanValue', 'Counter')
[2018-05-10 18:51:27,296] INFO:      thread_count: 8
[2018-05-10 18:51:27,296] INFO:      used_ram_limit: 100000000000
[2018-05-10 18:51:27,296] INFO:      verbose: False
[2018-05-10 18:51:27,296] INFO: Result
[2018-05-10 18:51:27,296] INFO:      Run     AUC     Shape
[2018-05-10 18:53:55,707] INFO:        1     0.784596     44601 x 390
[2018-05-10 18:56:26,518] INFO:        2     0.802745     44601 x 390
[2018-05-10 18:58:57,616] INFO:        3     0.794529     44602 x 390
[2018-05-10 18:58:57,690] INFO: AUC
[2018-05-10 18:58:57,690] INFO:      cv_mean: 0.793957
[2018-05-10 18:58:57,690] INFO:      cv_test: 0.799950
[2018-05-10 18:58:57,690] INFO: Time
[2018-05-10 18:58:57,690] INFO:      7 mins
[2018-05-10 18:58:57,691] INFO: --------------------------------------------------
[2018-05-10 19:01:02,701] INFO: tpe_transform took 0.006178 seconds
[2018-05-10 19:01:02,702] INFO: TPE using 5/5 trials with best loss -0.801389
[2018-05-10 19:01:02,705] INFO: ==================================================
[2018-05-10 19:01:02,706] INFO: Task
[2018-05-10 19:01:02,706] INFO:      single_Learner@clf_cbst_tree_Id@42
[2018-05-10 19:01:02,706] INFO: Param
[2018-05-10 19:01:02,706] INFO:      bagging_temperature: 0.692121669228
[2018-05-10 19:01:02,706] INFO:      border_count: 128
[2018-05-10 19:01:02,706] INFO:      depth: 6.0
[2018-05-10 19:01:02,707] INFO:      l2_leaf_reg: 4.33900475125
[2018-05-10 19:01:02,707] INFO:      learning_rate: 0.555547612944
[2018-05-10 19:01:02,707] INFO:      one_hot_max_size: 25
[2018-05-10 19:01:02,707] INFO:      random_state: 42
[2018-05-10 19:01:02,707] INFO:      random_strength: 1
[2018-05-10 19:01:02,708] INFO:      simple_ctr: ('Borders', 'BinarizedTargetMeanValue', 'Counter')
[2018-05-10 19:01:02,708] INFO:      thread_count: 8
[2018-05-10 19:01:02,708] INFO:      used_ram_limit: 100000000000
[2018-05-10 19:01:02,708] INFO:      verbose: False
[2018-05-10 19:01:02,708] INFO: Result
[2018-05-10 19:01:02,708] INFO:      Run     AUC     Shape
[2018-05-10 19:03:21,620] INFO:        1     0.722455     44601 x 390
[2018-05-10 19:05:21,159] INFO:        2     0.737058     44601 x 390
[2018-05-10 19:07:21,825] INFO:        3     0.741886     44602 x 390
[2018-05-10 19:07:21,913] INFO: AUC
[2018-05-10 19:07:21,913] INFO:      cv_mean: 0.733800
[2018-05-10 19:07:21,913] INFO:      cv_test: 0.770255
[2018-05-10 19:07:21,914] INFO: Time
[2018-05-10 19:07:21,914] INFO:      6 mins
[2018-05-10 19:07:21,914] INFO: --------------------------------------------------
[2018-05-10 19:08:57,849] INFO: tpe_transform took 0.003980 seconds
[2018-05-10 19:08:57,850] INFO: TPE using 6/6 trials with best loss -0.801389
[2018-05-10 19:08:57,852] INFO: ==================================================
[2018-05-10 19:08:57,852] INFO: Task
[2018-05-10 19:08:57,852] INFO:      single_Learner@clf_cbst_tree_Id@43
[2018-05-10 19:08:57,853] INFO: Param
[2018-05-10 19:08:57,853] INFO:      bagging_temperature: 0.22133973883
[2018-05-10 19:08:57,853] INFO:      border_count: 128
[2018-05-10 19:08:57,853] INFO:      depth: 5.0
[2018-05-10 19:08:57,853] INFO:      l2_leaf_reg: 9.84325316187
[2018-05-10 19:08:57,853] INFO:      learning_rate: 0.455128793638
[2018-05-10 19:08:57,853] INFO:      one_hot_max_size: 0
[2018-05-10 19:08:57,854] INFO:      random_state: 42
[2018-05-10 19:08:57,854] INFO:      random_strength: 20
[2018-05-10 19:08:57,854] INFO:      simple_ctr: ('Borders', 'BinarizedTargetMeanValue', 'Counter')
[2018-05-10 19:08:57,854] INFO:      thread_count: 8
[2018-05-10 19:08:57,854] INFO:      used_ram_limit: 100000000000
[2018-05-10 19:08:57,854] INFO:      verbose: False
[2018-05-10 19:08:57,855] INFO: Result
[2018-05-10 19:08:57,855] INFO:      Run     AUC     Shape
[2018-05-10 19:10:58,278] INFO:        1     0.743755     44601 x 390
[2018-05-10 19:13:09,369] INFO:        2     0.771369     44601 x 390
[2018-05-10 19:15:08,361] INFO:        3     0.766167     44602 x 390
[2018-05-10 19:15:08,445] INFO: AUC
[2018-05-10 19:15:08,445] INFO:      cv_mean: 0.760430
[2018-05-10 19:15:08,446] INFO:      cv_test: 0.785371
[2018-05-10 19:15:08,446] INFO: Time
[2018-05-10 19:15:08,446] INFO:      6 mins
[2018-05-10 19:15:08,446] INFO: --------------------------------------------------
[2018-05-10 19:16:47,265] INFO: tpe_transform took 0.004731 seconds
[2018-05-10 19:16:47,266] INFO: TPE using 7/7 trials with best loss -0.801389
[2018-05-10 19:16:47,269] INFO: ==================================================
[2018-05-10 19:16:47,269] INFO: Task
[2018-05-10 19:16:47,269] INFO:      single_Learner@clf_cbst_tree_Id@44
[2018-05-10 19:16:47,269] INFO: Param
[2018-05-10 19:16:47,270] INFO:      bagging_temperature: 0.659046757593
[2018-05-10 19:16:47,270] INFO:      border_count: 128
[2018-05-10 19:16:47,270] INFO:      depth: 6.0
[2018-05-10 19:16:47,271] INFO:      l2_leaf_reg: 2.62705928691
[2018-05-10 19:16:47,271] INFO:      learning_rate: 0.0115002977339
[2018-05-10 19:16:47,271] INFO:      one_hot_max_size: 0
[2018-05-10 19:16:47,272] INFO:      random_state: 42
[2018-05-10 19:16:47,272] INFO:      random_strength: 1
[2018-05-10 19:16:47,272] INFO:      simple_ctr: ('Borders', 'BinarizedTargetMeanValue', 'Counter')
[2018-05-10 19:16:47,272] INFO:      thread_count: 8
[2018-05-10 19:16:47,272] INFO:      used_ram_limit: 100000000000
[2018-05-10 19:16:47,273] INFO:      verbose: False
[2018-05-10 19:16:47,273] INFO: Result
[2018-05-10 19:16:47,273] INFO:      Run     AUC     Shape
[2018-05-10 19:19:03,753] INFO:        1     0.782144     44601 x 390
[2018-05-10 19:21:28,364] INFO:        2     0.798278     44601 x 390
[2018-05-10 19:23:52,010] INFO:        3     0.791992     44602 x 390
[2018-05-10 19:23:52,118] INFO: AUC
[2018-05-10 19:23:52,118] INFO:      cv_mean: 0.790805
[2018-05-10 19:23:52,119] INFO:      cv_test: 0.795491
[2018-05-10 19:23:52,119] INFO: Time
[2018-05-10 19:23:52,119] INFO:      7 mins
[2018-05-10 19:23:52,119] INFO: --------------------------------------------------
[2018-05-10 19:25:51,863] INFO: tpe_transform took 0.065578 seconds
[2018-05-10 19:25:51,864] INFO: TPE using 8/8 trials with best loss -0.801389
[2018-05-10 19:25:51,866] INFO: ==================================================
[2018-05-10 19:25:51,867] INFO: Task
[2018-05-10 19:25:51,867] INFO:      single_Learner@clf_cbst_tree_Id@45
[2018-05-10 19:25:51,867] INFO: Param
[2018-05-10 19:25:51,867] INFO:      bagging_temperature: 0.0127052555364
[2018-05-10 19:25:51,867] INFO:      border_count: 128
[2018-05-10 19:25:51,868] INFO:      depth: 7.0
[2018-05-10 19:25:51,868] INFO:      l2_leaf_reg: 1.46097041856
[2018-05-10 19:25:51,868] INFO:      learning_rate: 0.0251940420562
[2018-05-10 19:25:51,868] INFO:      one_hot_max_size: 0
[2018-05-10 19:25:51,869] INFO:      random_state: 42
[2018-05-10 19:25:51,869] INFO:      random_strength: 1
[2018-05-10 19:25:51,869] INFO:      simple_ctr: ('Borders', 'BinarizedTargetMeanValue', 'Counter')
[2018-05-10 19:25:51,869] INFO:      thread_count: 8
[2018-05-10 19:25:51,869] INFO:      used_ram_limit: 100000000000
[2018-05-10 19:25:51,870] INFO:      verbose: False
[2018-05-10 19:25:51,870] INFO: Result
[2018-05-10 19:25:51,870] INFO:      Run     AUC     Shape
[2018-05-10 19:28:15,105] INFO:        1     0.780686     44601 x 390
[2018-05-10 19:30:38,625] INFO:        2     0.798817     44601 x 390
[2018-05-10 19:32:50,219] INFO:        3     0.791582     44602 x 390
[2018-05-10 19:32:50,291] INFO: AUC
[2018-05-10 19:32:50,291] INFO:      cv_mean: 0.790362
[2018-05-10 19:32:50,292] INFO:      cv_test: 0.796370
[2018-05-10 19:32:50,292] INFO: Time
[2018-05-10 19:32:50,292] INFO:      6 mins
[2018-05-10 19:32:50,292] INFO: --------------------------------------------------
[2018-05-10 19:34:44,123] INFO: Hyperopt_Time
[2018-05-10 19:34:44,123] INFO:      69 mins
[2018-05-10 19:34:44,123] INFO: --------------------------------------------------
[2018-05-10 19:34:44,145] INFO: tpe_transform took 0.008177 seconds
[2018-05-10 19:34:44,145] INFO: TPE using 0 trials
[2018-05-10 19:34:44,151] INFO: ==================================================
[2018-05-10 19:34:44,151] INFO: Task
[2018-05-10 19:34:44,151] INFO:      single_Learner@EnsembleLearner_Id@46
[2018-05-10 19:34:44,151] INFO: Param
[2018-05-10 19:34:44,152] INFO:      clf_skl_lr:
[2018-05-10 19:34:44,152] INFO:          param:
[2018-05-10 19:34:44,152] INFO:              C: 1.19908957529e-05
[2018-05-10 19:34:44,152] INFO:              penalty: l1
[2018-05-10 19:34:44,153] INFO:              random_state: 42
[2018-05-10 19:34:44,153] INFO:          weight: 1.0
[2018-05-10 19:34:44,153] INFO:      clf_skl_rf:
[2018-05-10 19:34:44,153] INFO:          param:
[2018-05-10 19:34:44,154] INFO:              max_depth: 7
[2018-05-10 19:34:44,154] INFO:              max_features: 0.75
[2018-05-10 19:34:44,154] INFO:              min_samples_leaf: 6
[2018-05-10 19:34:44,154] INFO:              min_samples_split: 9
[2018-05-10 19:34:44,155] INFO:              n_estimators: 750
[2018-05-10 19:34:44,155] INFO:              n_jobs: 8
[2018-05-10 19:34:44,155] INFO:              random_state: 42
[2018-05-10 19:34:44,155] INFO:              verbose: 0
[2018-05-10 19:34:44,156] INFO:          weight: 0.1
[2018-05-10 19:34:44,156] INFO:      clf_xgb_tree:
[2018-05-10 19:34:44,156] INFO:          param:
[2018-05-10 19:34:44,156] INFO:              colsample_bylevel: 0.947939354157
[2018-05-10 19:34:44,156] INFO:              colsample_bytree: 0.526671823189
[2018-05-10 19:34:44,157] INFO:              gamma: 0.0232958685013
[2018-05-10 19:34:44,157] INFO:              learning_rate: 0.002
[2018-05-10 19:34:44,157] INFO:              max_depth: 8
[2018-05-10 19:34:44,157] INFO:              min_child_weight: 0.000524751289009
[2018-05-10 19:34:44,158] INFO:              n_estimators: 340
[2018-05-10 19:34:44,158] INFO:              nthread: 8
[2018-05-10 19:34:44,158] INFO:              reg_alpha: 0.010723517861
[2018-05-10 19:34:44,158] INFO:              reg_lambda: 8.80153637646e-10
[2018-05-10 19:34:44,159] INFO:              seed: 42
[2018-05-10 19:34:44,159] INFO:              subsample: 0.850442149613
[2018-05-10 19:34:44,159] INFO:          weight: 0.2
[2018-05-10 19:34:44,159] INFO: Result
[2018-05-10 19:34:44,160] INFO:      Run     AUC     Shape
[2018-05-10 19:36:33,031] INFO:        1     0.775928     44601 x 390
[2018-05-10 19:38:16,966] INFO:        2     0.790779     44601 x 390
[2018-05-10 19:40:00,389] INFO:        3     0.781955     44602 x 390
[2018-05-10 19:40:00,474] INFO: AUC
[2018-05-10 19:40:00,474] INFO:      cv_mean: 0.782887
[2018-05-10 19:40:00,474] INFO:      cv_test: 0.789738
[2018-05-10 19:40:00,475] INFO: Time
[2018-05-10 19:40:00,475] INFO:      5 mins
[2018-05-10 19:40:00,475] INFO: --------------------------------------------------
[2018-05-10 19:42:37,904] INFO: tpe_transform took 0.077740 seconds
[2018-05-10 19:42:37,905] INFO: TPE using 1/1 trials with best loss -0.789666
[2018-05-10 19:42:37,910] INFO: ==================================================
[2018-05-10 19:42:37,911] INFO: Task
[2018-05-10 19:42:37,911] INFO:      single_Learner@EnsembleLearner_Id@47
[2018-05-10 19:42:37,911] INFO: Param
[2018-05-10 19:42:37,911] INFO:      clf_skl_lr:
[2018-05-10 19:42:37,912] INFO:          param:
[2018-05-10 19:42:37,912] INFO:              C: 0.0159584920296
[2018-05-10 19:42:37,912] INFO:              penalty: l2
[2018-05-10 19:42:37,912] INFO:              random_state: 42
[2018-05-10 19:42:37,912] INFO:          weight: 1.0
[2018-05-10 19:42:37,913] INFO:      clf_skl_rf:
[2018-05-10 19:42:37,913] INFO:          param:
[2018-05-10 19:42:37,913] INFO:              max_depth: 7
[2018-05-10 19:42:37,913] INFO:              max_features: 0.95
[2018-05-10 19:42:37,913] INFO:              min_samples_leaf: 15
[2018-05-10 19:42:37,914] INFO:              min_samples_split: 14
[2018-05-10 19:42:37,914] INFO:              n_estimators: 540
[2018-05-10 19:42:37,914] INFO:              n_jobs: 8
[2018-05-10 19:42:37,914] INFO:              random_state: 42
[2018-05-10 19:42:37,914] INFO:              verbose: 0
[2018-05-10 19:42:37,915] INFO:          weight: 0.3
[2018-05-10 19:42:37,915] INFO:      clf_xgb_tree:
[2018-05-10 19:42:37,915] INFO:          param:
[2018-05-10 19:42:37,915] INFO:              colsample_bylevel: 0.61168597402
[2018-05-10 19:42:37,916] INFO:              colsample_bytree: 0.564605277588
[2018-05-10 19:42:37,916] INFO:              gamma: 0.601564160691
[2018-05-10 19:42:37,916] INFO:              learning_rate: 0.004
[2018-05-10 19:42:37,916] INFO:              max_depth: 2
[2018-05-10 19:42:37,916] INFO:              min_child_weight: 0.0117355487819
[2018-05-10 19:42:37,917] INFO:              n_estimators: 110
[2018-05-10 19:42:37,917] INFO:              nthread: 8
[2018-05-10 19:42:37,917] INFO:              reg_alpha: 0.169003304397
[2018-05-10 19:42:37,917] INFO:              reg_lambda: 1.9263657461e-10
[2018-05-10 19:42:37,917] INFO:              seed: 42
[2018-05-10 19:42:37,918] INFO:              subsample: 0.580227372258
[2018-05-10 19:42:37,918] INFO:          weight: 0.2
[2018-05-10 19:42:37,918] INFO: Result
[2018-05-10 19:42:37,918] INFO:      Run     AUC     Shape
[2018-05-10 19:43:58,256] INFO:        1      0.78181     44601 x 390
[2018-05-10 19:45:01,178] INFO:        2     0.799011     44601 x 390
[2018-05-10 19:46:08,582] INFO:        3     0.791487     44602 x 390
[2018-05-10 19:46:08,655] INFO: AUC
[2018-05-10 19:46:08,655] INFO:      cv_mean: 0.790769
[2018-05-10 19:46:08,655] INFO:      cv_test: 0.798175
[2018-05-10 19:46:08,655] INFO: Time
[2018-05-10 19:46:08,655] INFO:      3 mins
[2018-05-10 19:46:08,656] INFO: --------------------------------------------------
[2018-05-10 19:48:00,503] INFO: tpe_transform took 0.009082 seconds
[2018-05-10 19:48:00,504] INFO: TPE using 2/2 trials with best loss -0.798335
[2018-05-10 19:48:00,508] INFO: ==================================================
[2018-05-10 19:48:00,509] INFO: Task
[2018-05-10 19:48:00,509] INFO:      single_Learner@EnsembleLearner_Id@48
[2018-05-10 19:48:00,509] INFO: Param
[2018-05-10 19:48:00,509] INFO:      clf_skl_lr:
[2018-05-10 19:48:00,510] INFO:          param:
[2018-05-10 19:48:00,510] INFO:              C: 9.35937494529e-06
[2018-05-10 19:48:00,510] INFO:              penalty: l2
[2018-05-10 19:48:00,510] INFO:              random_state: 42
[2018-05-10 19:48:00,510] INFO:          weight: 1.0
[2018-05-10 19:48:00,511] INFO:      clf_skl_rf:
[2018-05-10 19:48:00,511] INFO:          param:
[2018-05-10 19:48:00,511] INFO:              max_depth: 2
[2018-05-10 19:48:00,511] INFO:              max_features: 0.5
[2018-05-10 19:48:00,511] INFO:              min_samples_leaf: 8
[2018-05-10 19:48:00,512] INFO:              min_samples_split: 7
[2018-05-10 19:48:00,512] INFO:              n_estimators: 720
[2018-05-10 19:48:00,512] INFO:              n_jobs: 8
[2018-05-10 19:48:00,512] INFO:              random_state: 42
[2018-05-10 19:48:00,512] INFO:              verbose: 0
[2018-05-10 19:48:00,513] INFO:          weight: 0.5
[2018-05-10 19:48:00,513] INFO:      clf_xgb_tree:
[2018-05-10 19:48:00,513] INFO:          param:
[2018-05-10 19:48:00,513] INFO:              colsample_bylevel: 0.660955086262
[2018-05-10 19:48:00,513] INFO:              colsample_bytree: 0.968663918527
[2018-05-10 19:48:00,514] INFO:              gamma: 0.633821084253
[2018-05-10 19:48:00,514] INFO:              learning_rate: 0.018
[2018-05-10 19:48:00,514] INFO:              max_depth: 7
[2018-05-10 19:48:00,514] INFO:              min_child_weight: 0.000154813989988
[2018-05-10 19:48:00,515] INFO:              n_estimators: 940
[2018-05-10 19:48:00,515] INFO:              nthread: 8
[2018-05-10 19:48:00,515] INFO:              reg_alpha: 1.08284817321e-07
[2018-05-10 19:48:00,515] INFO:              reg_lambda: 9.15481220045e-10
[2018-05-10 19:48:00,515] INFO:              seed: 42
[2018-05-10 19:48:00,516] INFO:              subsample: 0.725034230607
[2018-05-10 19:48:00,516] INFO:          weight: 0.0
[2018-05-10 19:48:00,516] INFO: Result
[2018-05-10 19:48:00,516] INFO:      Run     AUC     Shape
[2018-05-10 19:49:46,831] INFO:        1     0.596523     44601 x 390
[2018-05-10 19:51:36,027] INFO:        2     0.604583     44601 x 390
[2018-05-10 19:53:24,946] INFO:        3     0.609832     44602 x 390
[2018-05-10 19:53:25,037] INFO: AUC
[2018-05-10 19:53:25,037] INFO:      cv_mean: 0.603646
[2018-05-10 19:53:25,038] INFO:      cv_test: 0.609285
[2018-05-10 19:53:25,038] INFO: Time
[2018-05-10 19:53:25,038] INFO:      5 mins
[2018-05-10 19:53:25,038] INFO: --------------------------------------------------
[2018-05-10 19:56:08,646] INFO: tpe_transform took 0.009963 seconds
[2018-05-10 19:56:08,646] INFO: TPE using 3/3 trials with best loss -0.798335
[2018-05-10 19:56:08,652] INFO: ==================================================
[2018-05-10 19:56:08,652] INFO: Task
[2018-05-10 19:56:08,652] INFO:      single_Learner@EnsembleLearner_Id@49
[2018-05-10 19:56:08,652] INFO: Param
[2018-05-10 19:56:08,653] INFO:      clf_skl_lr:
[2018-05-10 19:56:08,653] INFO:          param:
[2018-05-10 19:56:08,653] INFO:              C: 1.99225765615e-05
[2018-05-10 19:56:08,653] INFO:              penalty: l1
[2018-05-10 19:56:08,653] INFO:              random_state: 42
[2018-05-10 19:56:08,654] INFO:          weight: 1.0
[2018-05-10 19:56:08,654] INFO:      clf_skl_rf:
[2018-05-10 19:56:08,654] INFO:          param:
[2018-05-10 19:56:08,654] INFO:              max_depth: 6
[2018-05-10 19:56:08,654] INFO:              max_features: 0.65
[2018-05-10 19:56:08,655] INFO:              min_samples_leaf: 6
[2018-05-10 19:56:08,655] INFO:              min_samples_split: 15
[2018-05-10 19:56:08,655] INFO:              n_estimators: 360
[2018-05-10 19:56:08,655] INFO:              n_jobs: 8
[2018-05-10 19:56:08,655] INFO:              random_state: 42
[2018-05-10 19:56:08,656] INFO:              verbose: 0
[2018-05-10 19:56:08,656] INFO:          weight: 0.3
[2018-05-10 19:56:08,656] INFO:      clf_xgb_tree:
[2018-05-10 19:56:08,656] INFO:          param:
[2018-05-10 19:56:08,656] INFO:              colsample_bylevel: 0.819586271455
[2018-05-10 19:56:08,657] INFO:              colsample_bytree: 0.895007158464
[2018-05-10 19:56:08,657] INFO:              gamma: 4.55521129267e-09
[2018-05-10 19:56:08,657] INFO:              learning_rate: 0.004
[2018-05-10 19:56:08,657] INFO:              max_depth: 7
[2018-05-10 19:56:08,657] INFO:              min_child_weight: 1.5585631529e-07
[2018-05-10 19:56:08,658] INFO:              n_estimators: 130
[2018-05-10 19:56:08,658] INFO:              nthread: 8
[2018-05-10 19:56:08,658] INFO:              reg_alpha: 5.04902114641
[2018-05-10 19:56:08,658] INFO:              reg_lambda: 8.42920181095e-05
[2018-05-10 19:56:08,658] INFO:              seed: 42
[2018-05-10 19:56:08,658] INFO:              subsample: 0.898367702081
[2018-05-10 19:56:08,659] INFO:          weight: 0.1
[2018-05-10 19:56:08,659] INFO: Result
[2018-05-10 19:56:08,659] INFO:      Run     AUC     Shape
[2018-05-10 19:56:55,890] INFO:        1     0.771823     44601 x 390
[2018-05-10 19:57:39,959] INFO:        2     0.785948     44601 x 390
[2018-05-10 19:58:28,948] INFO:        3     0.776803     44602 x 390
[2018-05-10 19:58:29,017] INFO: AUC
[2018-05-10 19:58:29,018] INFO:      cv_mean: 0.778192
[2018-05-10 19:58:29,018] INFO:      cv_test: 0.784752
[2018-05-10 19:58:29,018] INFO: Time
[2018-05-10 19:58:29,018] INFO:      2 mins
[2018-05-10 19:58:29,019] INFO: --------------------------------------------------
[2018-05-10 19:59:40,532] INFO: tpe_transform took 0.012146 seconds
[2018-05-10 19:59:40,532] INFO: TPE using 4/4 trials with best loss -0.798335
[2018-05-10 19:59:40,538] INFO: ==================================================
[2018-05-10 19:59:40,538] INFO: Task
[2018-05-10 19:59:40,539] INFO:      single_Learner@EnsembleLearner_Id@50
[2018-05-10 19:59:40,539] INFO: Param
[2018-05-10 19:59:40,539] INFO:      clf_skl_lr:
[2018-05-10 19:59:40,539] INFO:          param:
[2018-05-10 19:59:40,540] INFO:              C: 2.86532575568
[2018-05-10 19:59:40,540] INFO:              penalty: l2
[2018-05-10 19:59:40,540] INFO:              random_state: 42
[2018-05-10 19:59:40,540] INFO:          weight: 1.0
[2018-05-10 19:59:40,540] INFO:      clf_skl_rf:
[2018-05-10 19:59:40,541] INFO:          param:
[2018-05-10 19:59:40,541] INFO:              max_depth: 4
[2018-05-10 19:59:40,541] INFO:              max_features: 0.35
[2018-05-10 19:59:40,541] INFO:              min_samples_leaf: 6
[2018-05-10 19:59:40,542] INFO:              min_samples_split: 13
[2018-05-10 19:59:40,542] INFO:              n_estimators: 330
[2018-05-10 19:59:40,542] INFO:              n_jobs: 8
[2018-05-10 19:59:40,542] INFO:              random_state: 42
[2018-05-10 19:59:40,543] INFO:              verbose: 0
[2018-05-10 19:59:40,543] INFO:          weight: 0.9
[2018-05-10 19:59:40,543] INFO:      clf_xgb_tree:
[2018-05-10 19:59:40,544] INFO:          param:
[2018-05-10 19:59:40,544] INFO:              colsample_bylevel: 0.964322469111
[2018-05-10 19:59:40,544] INFO:              colsample_bytree: 0.994490845541
[2018-05-10 19:59:40,544] INFO:              gamma: 0.000100064645617
[2018-05-10 19:59:40,544] INFO:              learning_rate: 0.012
[2018-05-10 19:59:40,545] INFO:              max_depth: 4
[2018-05-10 19:59:40,545] INFO:              min_child_weight: 0.00156060043605
[2018-05-10 19:59:40,545] INFO:              n_estimators: 310
[2018-05-10 19:59:40,545] INFO:              nthread: 8
[2018-05-10 19:59:40,546] INFO:              reg_alpha: 1.75689765e-08
[2018-05-10 19:59:40,546] INFO:              reg_lambda: 0.000693849717528
[2018-05-10 19:59:40,546] INFO:              seed: 42
[2018-05-10 19:59:40,546] INFO:              subsample: 0.730931245629
[2018-05-10 19:59:40,547] INFO:          weight: 0.9
[2018-05-10 19:59:40,547] INFO: Result
[2018-05-10 19:59:40,547] INFO:      Run     AUC     Shape
[2018-05-10 20:00:21,895] INFO:        1     0.778698     44601 x 390
[2018-05-10 20:00:56,770] INFO:        2     0.796431     44601 x 390
[2018-05-10 20:01:31,278] INFO:        3     0.788776     44602 x 390
[2018-05-10 20:01:31,365] INFO: AUC
[2018-05-10 20:01:31,365] INFO:      cv_mean: 0.787968
[2018-05-10 20:01:31,366] INFO:      cv_test: 0.795029
[2018-05-10 20:01:31,366] INFO: Time
[2018-05-10 20:01:31,366] INFO:      1 mins
[2018-05-10 20:01:31,366] INFO: --------------------------------------------------
[2018-05-10 20:02:27,264] INFO: tpe_transform took 0.008798 seconds
[2018-05-10 20:02:27,265] INFO: TPE using 5/5 trials with best loss -0.798335
[2018-05-10 20:02:27,269] INFO: ==================================================
[2018-05-10 20:02:27,269] INFO: Task
[2018-05-10 20:02:27,270] INFO:      single_Learner@EnsembleLearner_Id@51
[2018-05-10 20:02:27,270] INFO: Param
[2018-05-10 20:02:27,270] INFO:      clf_skl_lr:
[2018-05-10 20:02:27,270] INFO:          param:
[2018-05-10 20:02:27,270] INFO:              C: 0.0262854273404
[2018-05-10 20:02:27,271] INFO:              penalty: l2
[2018-05-10 20:02:27,271] INFO:              random_state: 42
[2018-05-10 20:02:27,271] INFO:          weight: 1.0
[2018-05-10 20:02:27,271] INFO:      clf_skl_rf:
[2018-05-10 20:02:27,271] INFO:          param:
[2018-05-10 20:02:27,272] INFO:              max_depth: 8
[2018-05-10 20:02:27,272] INFO:              max_features: 0.65
[2018-05-10 20:02:27,272] INFO:              min_samples_leaf: 8
[2018-05-10 20:02:27,272] INFO:              min_samples_split: 15
[2018-05-10 20:02:27,272] INFO:              n_estimators: 690
[2018-05-10 20:02:27,272] INFO:              n_jobs: 8
[2018-05-10 20:02:27,273] INFO:              random_state: 42
[2018-05-10 20:02:27,273] INFO:              verbose: 0
[2018-05-10 20:02:27,273] INFO:          weight: 0.8
[2018-05-10 20:02:27,273] INFO:      clf_xgb_tree:
[2018-05-10 20:02:27,273] INFO:          param:
[2018-05-10 20:02:27,274] INFO:              colsample_bylevel: 0.944578372114
[2018-05-10 20:02:27,274] INFO:              colsample_bytree: 0.891005357819
[2018-05-10 20:02:27,274] INFO:              gamma: 1.18482150809e-08
[2018-05-10 20:02:27,274] INFO:              learning_rate: 0.004
[2018-05-10 20:02:27,274] INFO:              max_depth: 3
[2018-05-10 20:02:27,274] INFO:              min_child_weight: 8.98343959981e-07
[2018-05-10 20:02:27,275] INFO:              n_estimators: 560
[2018-05-10 20:02:27,275] INFO:              nthread: 8
[2018-05-10 20:02:27,275] INFO:              reg_alpha: 1.88679969981e-08
[2018-05-10 20:02:27,275] INFO:              reg_lambda: 0.00450666828174
[2018-05-10 20:02:27,275] INFO:              seed: 42
[2018-05-10 20:02:27,276] INFO:              subsample: 0.573731588952
[2018-05-10 20:02:27,276] INFO:          weight: 0.9
[2018-05-10 20:02:27,276] INFO: Result
[2018-05-10 20:02:27,276] INFO:      Run     AUC     Shape
[2018-05-10 20:03:55,602] INFO:        1     0.780758     44601 x 390
[2018-05-10 20:05:36,790] INFO:        2     0.797302     44601 x 390
[2018-05-10 20:07:24,509] INFO:        3     0.788836     44602 x 390
[2018-05-10 20:07:24,598] INFO: AUC
[2018-05-10 20:07:24,599] INFO:      cv_mean: 0.788965
[2018-05-10 20:07:24,599] INFO:      cv_test: 0.795628
[2018-05-10 20:07:24,599] INFO: Time
[2018-05-10 20:07:24,599] INFO:      4 mins
[2018-05-10 20:07:24,600] INFO: --------------------------------------------------
[2018-05-10 20:11:04,629] INFO: tpe_transform took 0.011040 seconds
[2018-05-10 20:11:04,629] INFO: TPE using 6/6 trials with best loss -0.798335
[2018-05-10 20:11:04,635] INFO: ==================================================
[2018-05-10 20:11:04,636] INFO: Task
[2018-05-10 20:11:04,636] INFO:      single_Learner@EnsembleLearner_Id@52
[2018-05-10 20:11:04,636] INFO: Param
[2018-05-10 20:11:04,637] INFO:      clf_skl_lr:
[2018-05-10 20:11:04,637] INFO:          param:
[2018-05-10 20:11:04,637] INFO:              C: 6.36723826228e-05
[2018-05-10 20:11:04,637] INFO:              penalty: l2
[2018-05-10 20:11:04,637] INFO:              random_state: 42
[2018-05-10 20:11:04,638] INFO:          weight: 1.0
[2018-05-10 20:11:04,638] INFO:      clf_skl_rf:
[2018-05-10 20:11:04,638] INFO:          param:
[2018-05-10 20:11:04,638] INFO:              max_depth: 6
[2018-05-10 20:11:04,639] INFO:              max_features: 0.8
[2018-05-10 20:11:04,639] INFO:              min_samples_leaf: 7
[2018-05-10 20:11:04,639] INFO:              min_samples_split: 6
[2018-05-10 20:11:04,639] INFO:              n_estimators: 950
[2018-05-10 20:11:04,640] INFO:              n_jobs: 8
[2018-05-10 20:11:04,640] INFO:              random_state: 42
[2018-05-10 20:11:04,640] INFO:              verbose: 0
[2018-05-10 20:11:04,640] INFO:          weight: 0.2
[2018-05-10 20:11:04,640] INFO:      clf_xgb_tree:
[2018-05-10 20:11:04,641] INFO:          param:
[2018-05-10 20:11:04,641] INFO:              colsample_bylevel: 0.572881200407
[2018-05-10 20:11:04,641] INFO:              colsample_bytree: 0.998389100152
[2018-05-10 20:11:04,641] INFO:              gamma: 2.815328847e-10
[2018-05-10 20:11:04,642] INFO:              learning_rate: 0.02
[2018-05-10 20:11:04,642] INFO:              max_depth: 6
[2018-05-10 20:11:04,642] INFO:              min_child_weight: 46.6686530397
[2018-05-10 20:11:04,642] INFO:              n_estimators: 840
[2018-05-10 20:11:04,643] INFO:              nthread: 8
[2018-05-10 20:11:04,643] INFO:              reg_alpha: 0.0142490790315
[2018-05-10 20:11:04,643] INFO:              reg_lambda: 3.88808594948
[2018-05-10 20:11:04,643] INFO:              seed: 42
[2018-05-10 20:11:04,643] INFO:              subsample: 0.952928781633
[2018-05-10 20:11:04,644] INFO:          weight: 0.0
[2018-05-10 20:11:04,644] INFO: Result
[2018-05-10 20:11:04,644] INFO:      Run     AUC     Shape
[2018-05-10 20:13:41,426] INFO:        1      0.66723     44601 x 390
[2018-05-10 20:15:53,622] INFO:        2     0.678001     44601 x 390
[2018-05-10 20:17:59,790] INFO:        3     0.682704     44602 x 390
[2018-05-10 20:17:59,892] INFO: AUC
[2018-05-10 20:17:59,892] INFO:      cv_mean: 0.675978
[2018-05-10 20:17:59,893] INFO:      cv_test: 0.682985
[2018-05-10 20:17:59,893] INFO: Time
[2018-05-10 20:17:59,893] INFO:      6 mins
[2018-05-10 20:17:59,893] INFO: --------------------------------------------------
[2018-05-10 20:21:26,283] INFO: tpe_transform took 0.013056 seconds
[2018-05-10 20:21:26,284] INFO: TPE using 7/7 trials with best loss -0.798335
[2018-05-10 20:21:26,292] INFO: ==================================================
[2018-05-10 20:21:26,293] INFO: Task
[2018-05-10 20:21:26,293] INFO:      single_Learner@EnsembleLearner_Id@53
[2018-05-10 20:21:26,293] INFO: Param
[2018-05-10 20:21:26,294] INFO:      clf_skl_lr:
[2018-05-10 20:21:26,294] INFO:          param:
[2018-05-10 20:21:26,294] INFO:              C: 1.46539863857
[2018-05-10 20:21:26,294] INFO:              penalty: l2
[2018-05-10 20:21:26,295] INFO:              random_state: 42
[2018-05-10 20:21:26,295] INFO:          weight: 1.0
[2018-05-10 20:21:26,295] INFO:      clf_skl_rf:
[2018-05-10 20:21:26,295] INFO:          param:
[2018-05-10 20:21:26,295] INFO:              max_depth: 5
[2018-05-10 20:21:26,296] INFO:              max_features: 0.35
[2018-05-10 20:21:26,296] INFO:              min_samples_leaf: 11
[2018-05-10 20:21:26,296] INFO:              min_samples_split: 13
[2018-05-10 20:21:26,296] INFO:              n_estimators: 710
[2018-05-10 20:21:26,297] INFO:              n_jobs: 8
[2018-05-10 20:21:26,297] INFO:              random_state: 42
[2018-05-10 20:21:26,297] INFO:              verbose: 0
[2018-05-10 20:21:26,297] INFO:          weight: 0.5
[2018-05-10 20:21:26,298] INFO:      clf_xgb_tree:
[2018-05-10 20:21:26,298] INFO:          param:
[2018-05-10 20:21:26,298] INFO:              colsample_bylevel: 0.782917432771
[2018-05-10 20:21:26,298] INFO:              colsample_bytree: 0.699268327619
[2018-05-10 20:21:26,298] INFO:              gamma: 1.65429732176e-08
[2018-05-10 20:21:26,299] INFO:              learning_rate: 0.022
[2018-05-10 20:21:26,299] INFO:              max_depth: 5
[2018-05-10 20:21:26,299] INFO:              min_child_weight: 1.49534046889
[2018-05-10 20:21:26,299] INFO:              n_estimators: 340
[2018-05-10 20:21:26,300] INFO:              nthread: 8
[2018-05-10 20:21:26,300] INFO:              reg_alpha: 0.000684215285744
[2018-05-10 20:21:26,300] INFO:              reg_lambda: 1.65432602399
[2018-05-10 20:21:26,300] INFO:              seed: 42
[2018-05-10 20:21:26,301] INFO:              subsample: 0.964947375247
[2018-05-10 20:21:26,301] INFO:          weight: 0.6
[2018-05-10 20:21:26,301] INFO: Result
[2018-05-10 20:21:26,301] INFO:      Run     AUC     Shape
[2018-05-10 20:22:24,649] INFO:        1     0.782267     44601 x 390
[2018-05-10 20:23:17,765] INFO:        2     0.800137     44601 x 390
[2018-05-10 20:24:17,951] INFO:        3      0.79224     44602 x 390
[2018-05-10 20:24:18,066] INFO: AUC
[2018-05-10 20:24:18,067] INFO:      cv_mean: 0.791548
[2018-05-10 20:24:18,067] INFO:      cv_test: 0.798350
[2018-05-10 20:24:18,068] INFO: Time
[2018-05-10 20:24:18,068] INFO:      2 mins
[2018-05-10 20:24:18,069] INFO: --------------------------------------------------
[2018-05-10 20:25:52,901] INFO: tpe_transform took 0.015003 seconds
[2018-05-10 20:25:52,902] INFO: TPE using 8/8 trials with best loss -0.798335
[2018-05-10 20:25:52,908] INFO: ==================================================
[2018-05-10 20:25:52,908] INFO: Task
[2018-05-10 20:25:52,908] INFO:      single_Learner@EnsembleLearner_Id@54
[2018-05-10 20:25:52,908] INFO: Param
[2018-05-10 20:25:52,909] INFO:      clf_skl_lr:
[2018-05-10 20:25:52,909] INFO:          param:
[2018-05-10 20:25:52,909] INFO:              C: 4.74449663623e-05
[2018-05-10 20:25:52,909] INFO:              penalty: l1
[2018-05-10 20:25:52,909] INFO:              random_state: 42
[2018-05-10 20:25:52,910] INFO:          weight: 1.0
[2018-05-10 20:25:52,910] INFO:      clf_skl_rf:
[2018-05-10 20:25:52,910] INFO:          param:
[2018-05-10 20:25:52,910] INFO:              max_depth: 4
[2018-05-10 20:25:52,911] INFO:              max_features: 0.4
[2018-05-10 20:25:52,911] INFO:              min_samples_leaf: 8
[2018-05-10 20:25:52,911] INFO:              min_samples_split: 10
[2018-05-10 20:25:52,911] INFO:              n_estimators: 940
[2018-05-10 20:25:52,911] INFO:              n_jobs: 8
[2018-05-10 20:25:52,912] INFO:              random_state: 42
[2018-05-10 20:25:52,912] INFO:              verbose: 0
[2018-05-10 20:25:52,912] INFO:          weight: 0.8
[2018-05-10 20:25:52,912] INFO:      clf_xgb_tree:
[2018-05-10 20:25:52,912] INFO:          param:
[2018-05-10 20:25:52,913] INFO:              colsample_bylevel: 0.612215948714
[2018-05-10 20:25:52,913] INFO:              colsample_bytree: 0.810451450021
[2018-05-10 20:25:52,913] INFO:              gamma: 0.0267640745678
[2018-05-10 20:25:52,913] INFO:              learning_rate: 0.066
[2018-05-10 20:25:52,914] INFO:              max_depth: 7
[2018-05-10 20:25:52,914] INFO:              min_child_weight: 0.00192440096247
[2018-05-10 20:25:52,914] INFO:              n_estimators: 180
[2018-05-10 20:25:52,914] INFO:              nthread: 8
[2018-05-10 20:25:52,914] INFO:              reg_alpha: 9.29892024941e-06
[2018-05-10 20:25:52,915] INFO:              reg_lambda: 0.0855180262245
[2018-05-10 20:25:52,915] INFO:              seed: 42
[2018-05-10 20:25:52,915] INFO:              subsample: 0.829266550954
[2018-05-10 20:25:52,915] INFO:          weight: 0.2
[2018-05-10 20:25:52,915] INFO: Result
[2018-05-10 20:25:52,916] INFO:      Run     AUC     Shape
[2018-05-10 20:26:53,610] INFO:        1     0.772206     44601 x 390
[2018-05-10 20:27:45,981] INFO:        2     0.788799     44601 x 390
[2018-05-10 20:28:40,815] INFO:        3     0.782429     44602 x 390
[2018-05-10 20:28:40,906] INFO: AUC
[2018-05-10 20:28:40,906] INFO:      cv_mean: 0.781145
[2018-05-10 20:28:40,907] INFO:      cv_test: 0.789323
[2018-05-10 20:28:40,907] INFO: Time
[2018-05-10 20:28:40,907] INFO:      2 mins
[2018-05-10 20:28:40,907] INFO: --------------------------------------------------
[2018-05-10 20:30:11,805] INFO: Hyperopt_Time
[2018-05-10 20:30:11,806] INFO:      55 mins
[2018-05-10 20:30:11,806] INFO: --------------------------------------------------
[2018-05-10 20:30:11,835] INFO: tpe_transform took 0.011454 seconds
[2018-05-10 20:30:11,836] INFO: TPE using 0 trials
[2018-05-10 20:30:13,502] INFO: ==================================================
[2018-05-10 20:30:13,502] INFO: Task
[2018-05-10 20:30:13,503] INFO:      stacking_Learner@EnsembleLearner_Id@55
[2018-05-10 20:30:13,503] INFO: Param
[2018-05-10 20:30:13,504] INFO:      clf_skl_lr:
[2018-05-10 20:30:13,504] INFO:          param:
[2018-05-10 20:30:13,504] INFO:              C: 0.00251351960951
[2018-05-10 20:30:13,505] INFO:              penalty: l2
[2018-05-10 20:30:13,505] INFO:              random_state: 42
[2018-05-10 20:30:13,506] INFO:          weight: 1.0
[2018-05-10 20:30:13,506] INFO:      clf_skl_rf:
[2018-05-10 20:30:13,506] INFO:          param:
[2018-05-10 20:30:13,507] INFO:              max_depth: 9
[2018-05-10 20:30:13,507] INFO:              max_features: 0.9
[2018-05-10 20:30:13,508] INFO:              min_samples_leaf: 11
[2018-05-10 20:30:13,510] INFO:              min_samples_split: 12
[2018-05-10 20:30:13,511] INFO:              n_estimators: 160
[2018-05-10 20:30:13,511] INFO:              n_jobs: 8
[2018-05-10 20:30:13,511] INFO:              random_state: 42
[2018-05-10 20:30:13,512] INFO:              verbose: 0
[2018-05-10 20:30:13,512] INFO:          weight: 0.4
[2018-05-10 20:30:13,512] INFO:      clf_xgb_tree:
[2018-05-10 20:30:13,513] INFO:          param:
[2018-05-10 20:30:13,513] INFO:              colsample_bylevel: 0.512379365663
[2018-05-10 20:30:13,514] INFO:              colsample_bytree: 0.513864155081
[2018-05-10 20:30:13,514] INFO:              gamma: 4.71985409737e-06
[2018-05-10 20:30:13,515] INFO:              learning_rate: 0.002
[2018-05-10 20:30:13,515] INFO:              max_depth: 3
[2018-05-10 20:30:13,515] INFO:              min_child_weight: 7.90086331218e-05
[2018-05-10 20:30:13,516] INFO:              n_estimators: 890
[2018-05-10 20:30:13,516] INFO:              nthread: 8
[2018-05-10 20:30:13,517] INFO:              reg_alpha: 0.0236571701767
[2018-05-10 20:30:13,517] INFO:              reg_lambda: 4.04603442396e-06
[2018-05-10 20:30:13,517] INFO:              seed: 42
[2018-05-10 20:30:13,518] INFO:              subsample: 0.656335778746
[2018-05-10 20:30:13,518] INFO:          weight: 0.1
[2018-05-10 20:30:13,519] INFO: Result
[2018-05-10 20:30:13,519] INFO:      Run     AUC     Shape
[2018-05-10 20:30:58,146] INFO:        1     0.786686     44601 x 54
[2018-05-10 20:31:43,626] INFO:        2     0.803382     44601 x 54
[2018-05-10 20:32:28,286] INFO:        3     0.795342     44602 x 54
[2018-05-10 20:32:28,381] INFO: AUC
[2018-05-10 20:32:28,381] INFO:      cv_mean: 0.795137
[2018-05-10 20:32:28,382] INFO:      cv_test: 0.800924
[2018-05-10 20:32:28,382] INFO: Time
[2018-05-10 20:32:28,382] INFO:      2 mins
[2018-05-10 20:32:28,382] INFO: --------------------------------------------------
[2018-05-10 20:33:39,069] INFO: tpe_transform took 0.012393 seconds
[2018-05-10 20:33:39,069] INFO: TPE using 1/1 trials with best loss -0.800859
[2018-05-10 20:33:40,507] INFO: ==================================================
[2018-05-10 20:33:40,508] INFO: Task
[2018-05-10 20:33:40,508] INFO:      stacking_Learner@EnsembleLearner_Id@56
[2018-05-10 20:33:40,509] INFO: Param
[2018-05-10 20:33:40,509] INFO:      clf_skl_lr:
[2018-05-10 20:33:40,509] INFO:          param:
[2018-05-10 20:33:40,509] INFO:              C: 0.00168286103309
[2018-05-10 20:33:40,510] INFO:              penalty: l1
[2018-05-10 20:33:40,510] INFO:              random_state: 42
[2018-05-10 20:33:40,510] INFO:          weight: 1.0
[2018-05-10 20:33:40,511] INFO:      clf_skl_rf:
[2018-05-10 20:33:40,511] INFO:          param:
[2018-05-10 20:33:40,512] INFO:              max_depth: 2
[2018-05-10 20:33:40,512] INFO:              max_features: 0.5
[2018-05-10 20:33:40,512] INFO:              min_samples_leaf: 15
[2018-05-10 20:33:40,513] INFO:              min_samples_split: 9
[2018-05-10 20:33:40,513] INFO:              n_estimators: 210
[2018-05-10 20:33:40,514] INFO:              n_jobs: 8
[2018-05-10 20:33:40,514] INFO:              random_state: 42
[2018-05-10 20:33:40,515] INFO:              verbose: 0
[2018-05-10 20:33:40,515] INFO:          weight: 0.3
[2018-05-10 20:33:40,516] INFO:      clf_xgb_tree:
[2018-05-10 20:33:40,516] INFO:          param:
[2018-05-10 20:33:40,517] INFO:              colsample_bylevel: 0.936195887631
[2018-05-10 20:33:40,517] INFO:              colsample_bytree: 0.884333747876
[2018-05-10 20:33:40,518] INFO:              gamma: 2.34750329664e-08
[2018-05-10 20:33:40,518] INFO:              learning_rate: 0.05
[2018-05-10 20:33:40,518] INFO:              max_depth: 9
[2018-05-10 20:33:40,519] INFO:              min_child_weight: 9.3871715541e-06
[2018-05-10 20:33:40,520] INFO:              n_estimators: 470
[2018-05-10 20:33:40,520] INFO:              nthread: 8
[2018-05-10 20:33:40,520] INFO:              reg_alpha: 4.33555172488e-07
[2018-05-10 20:33:40,521] INFO:              reg_lambda: 0.000406007443514
[2018-05-10 20:33:40,521] INFO:              seed: 42
[2018-05-10 20:33:40,522] INFO:              subsample: 0.732432484846
[2018-05-10 20:33:40,522] INFO:          weight: 0.7
[2018-05-10 20:33:40,522] INFO: Result
[2018-05-10 20:33:40,523] INFO:      Run     AUC     Shape
[2018-05-10 20:34:29,174] INFO:        1     0.780704     44601 x 54
[2018-05-10 20:35:12,374] INFO:        2     0.797748     44601 x 54
[2018-05-10 20:35:46,411] INFO:        3     0.789044     44602 x 54
[2018-05-10 20:35:46,505] INFO: AUC
[2018-05-10 20:35:46,506] INFO:      cv_mean: 0.789166
[2018-05-10 20:35:46,506] INFO:      cv_test: 0.792818
[2018-05-10 20:35:46,506] INFO: Time
[2018-05-10 20:35:46,507] INFO:      2 mins
[2018-05-10 20:35:46,507] INFO: --------------------------------------------------
[2018-05-10 20:36:43,634] INFO: tpe_transform took 0.008295 seconds
[2018-05-10 20:36:43,634] INFO: TPE using 2/2 trials with best loss -0.800859
[2018-05-10 20:36:44,543] INFO: ==================================================
[2018-05-10 20:36:44,543] INFO: Task
[2018-05-10 20:36:44,543] INFO:      stacking_Learner@EnsembleLearner_Id@57
[2018-05-10 20:36:44,544] INFO: Param
[2018-05-10 20:36:44,544] INFO:      clf_skl_lr:
[2018-05-10 20:36:44,544] INFO:          param:
[2018-05-10 20:36:44,544] INFO:              C: 0.00883982823696
[2018-05-10 20:36:44,544] INFO:              penalty: l2
[2018-05-10 20:36:44,545] INFO:              random_state: 42
[2018-05-10 20:36:44,545] INFO:          weight: 1.0
[2018-05-10 20:36:44,545] INFO:      clf_skl_rf:
[2018-05-10 20:36:44,545] INFO:          param:
[2018-05-10 20:36:44,545] INFO:              max_depth: 7
[2018-05-10 20:36:44,546] INFO:              max_features: 0.65
[2018-05-10 20:36:44,546] INFO:              min_samples_leaf: 6
[2018-05-10 20:36:44,546] INFO:              min_samples_split: 11
[2018-05-10 20:36:44,546] INFO:              n_estimators: 370
[2018-05-10 20:36:44,546] INFO:              n_jobs: 8
[2018-05-10 20:36:44,547] INFO:              random_state: 42
[2018-05-10 20:36:44,547] INFO:              verbose: 0
[2018-05-10 20:36:44,547] INFO:          weight: 0.6
[2018-05-10 20:36:44,547] INFO:      clf_xgb_tree:
[2018-05-10 20:36:44,547] INFO:          param:
[2018-05-10 20:36:44,548] INFO:              colsample_bylevel: 0.731261188343
[2018-05-10 20:36:44,548] INFO:              colsample_bytree: 0.527737938884
[2018-05-10 20:36:44,548] INFO:              gamma: 0.000418993776734
[2018-05-10 20:36:44,548] INFO:              learning_rate: 0.068
[2018-05-10 20:36:44,549] INFO:              max_depth: 3
[2018-05-10 20:36:44,549] INFO:              min_child_weight: 1.79283571287e-07
[2018-05-10 20:36:44,549] INFO:              n_estimators: 130
[2018-05-10 20:36:44,549] INFO:              nthread: 8
[2018-05-10 20:36:44,549] INFO:              reg_alpha: 0.000574956464694
[2018-05-10 20:36:44,550] INFO:              reg_lambda: 0.00747636338042
[2018-05-10 20:36:44,550] INFO:              seed: 42
[2018-05-10 20:36:44,550] INFO:              subsample: 0.579706715449
[2018-05-10 20:36:44,550] INFO:          weight: 1.0
[2018-05-10 20:36:44,550] INFO: Result
[2018-05-10 20:36:44,551] INFO:      Run     AUC     Shape
[2018-05-10 20:37:25,737] INFO:        1     0.786247     44601 x 54
[2018-05-10 20:38:06,600] INFO:        2     0.803888     44601 x 54
[2018-05-10 20:38:48,813] INFO:        3     0.795859     44602 x 54
[2018-05-10 20:38:48,899] INFO: AUC
[2018-05-10 20:38:48,899] INFO:      cv_mean: 0.795331
[2018-05-10 20:38:48,900] INFO:      cv_test: 0.801040
[2018-05-10 20:38:48,900] INFO: Time
[2018-05-10 20:38:48,900] INFO:      2 mins
[2018-05-10 20:38:48,900] INFO: --------------------------------------------------
[2018-05-10 20:39:55,168] INFO: tpe_transform took 0.009111 seconds
[2018-05-10 20:39:55,169] INFO: TPE using 3/3 trials with best loss -0.800859
[2018-05-10 20:39:56,067] INFO: ==================================================
[2018-05-10 20:39:56,067] INFO: Task
[2018-05-10 20:39:56,067] INFO:      stacking_Learner@EnsembleLearner_Id@58
[2018-05-10 20:39:56,068] INFO: Param
[2018-05-10 20:39:56,068] INFO:      clf_skl_lr:
[2018-05-10 20:39:56,068] INFO:          param:
[2018-05-10 20:39:56,068] INFO:              C: 4.80737315512e-06
[2018-05-10 20:39:56,068] INFO:              penalty: l2
[2018-05-10 20:39:56,069] INFO:              random_state: 42
[2018-05-10 20:39:56,069] INFO:          weight: 1.0
[2018-05-10 20:39:56,069] INFO:      clf_skl_rf:
[2018-05-10 20:39:56,069] INFO:          param:
[2018-05-10 20:39:56,069] INFO:              max_depth: 8
[2018-05-10 20:39:56,070] INFO:              max_features: 0.7
[2018-05-10 20:39:56,070] INFO:              min_samples_leaf: 5
[2018-05-10 20:39:56,070] INFO:              min_samples_split: 8
[2018-05-10 20:39:56,070] INFO:              n_estimators: 340
[2018-05-10 20:39:56,070] INFO:              n_jobs: 8
[2018-05-10 20:39:56,071] INFO:              random_state: 42
[2018-05-10 20:39:56,071] INFO:              verbose: 0
[2018-05-10 20:39:56,071] INFO:          weight: 0.6
[2018-05-10 20:39:56,071] INFO:      clf_xgb_tree:
[2018-05-10 20:39:56,072] INFO:          param:
[2018-05-10 20:39:56,072] INFO:              colsample_bylevel: 0.884225532149
[2018-05-10 20:39:56,072] INFO:              colsample_bytree: 0.877172310771
[2018-05-10 20:39:56,072] INFO:              gamma: 0.0811016116877
[2018-05-10 20:39:56,072] INFO:              learning_rate: 0.086
[2018-05-10 20:39:56,073] INFO:              max_depth: 3
[2018-05-10 20:39:56,073] INFO:              min_child_weight: 0.0344068284745
[2018-05-10 20:39:56,073] INFO:              n_estimators: 550
[2018-05-10 20:39:56,073] INFO:              nthread: 8
[2018-05-10 20:39:56,074] INFO:              reg_alpha: 0.00614875636161
[2018-05-10 20:39:56,074] INFO:              reg_lambda: 1.99133002334e-07
[2018-05-10 20:39:56,074] INFO:              seed: 42
[2018-05-10 20:39:56,074] INFO:              subsample: 0.797220493945
[2018-05-10 20:39:56,074] INFO:          weight: 0.5
[2018-05-10 20:39:56,075] INFO: Result
[2018-05-10 20:39:56,075] INFO:      Run     AUC     Shape
[2018-05-10 20:40:49,924] INFO:        1      0.77348     44601 x 54
[2018-05-10 20:41:41,688] INFO:        2     0.801349     44601 x 54
[2018-05-10 20:42:33,659] INFO:        3     0.793882     44602 x 54
[2018-05-10 20:42:33,731] INFO: AUC
[2018-05-10 20:42:33,731] INFO:      cv_mean: 0.789571
[2018-05-10 20:42:33,732] INFO:      cv_test: 0.799690
[2018-05-10 20:42:33,732] INFO: Time
[2018-05-10 20:42:33,732] INFO:      2 mins
[2018-05-10 20:42:33,732] INFO: --------------------------------------------------
[2018-05-10 20:43:55,353] INFO: tpe_transform took 0.008576 seconds
[2018-05-10 20:43:55,354] INFO: TPE using 4/4 trials with best loss -0.800859
[2018-05-10 20:43:56,254] INFO: ==================================================
[2018-05-10 20:43:56,254] INFO: Task
[2018-05-10 20:43:56,254] INFO:      stacking_Learner@EnsembleLearner_Id@59
[2018-05-10 20:43:56,254] INFO: Param
[2018-05-10 20:43:56,255] INFO:      clf_skl_lr:
[2018-05-10 20:43:56,255] INFO:          param:
[2018-05-10 20:43:56,255] INFO:              C: 2.87084156491e-06
[2018-05-10 20:43:56,255] INFO:              penalty: l2
[2018-05-10 20:43:56,255] INFO:              random_state: 42
[2018-05-10 20:43:56,256] INFO:          weight: 1.0
[2018-05-10 20:43:56,256] INFO:      clf_skl_rf:
[2018-05-10 20:43:56,256] INFO:          param:
[2018-05-10 20:43:56,256] INFO:              max_depth: 7
[2018-05-10 20:43:56,256] INFO:              max_features: 0.45
[2018-05-10 20:43:56,257] INFO:              min_samples_leaf: 9
[2018-05-10 20:43:56,257] INFO:              min_samples_split: 8
[2018-05-10 20:43:56,257] INFO:              n_estimators: 630
[2018-05-10 20:43:56,257] INFO:              n_jobs: 8
[2018-05-10 20:43:56,258] INFO:              random_state: 42
[2018-05-10 20:43:56,258] INFO:              verbose: 0
[2018-05-10 20:43:56,258] INFO:          weight: 0.6
[2018-05-10 20:43:56,258] INFO:      clf_xgb_tree:
[2018-05-10 20:43:56,258] INFO:          param:
[2018-05-10 20:43:56,259] INFO:              colsample_bylevel: 0.596226364658
[2018-05-10 20:43:56,259] INFO:              colsample_bytree: 0.766692843002
[2018-05-10 20:43:56,259] INFO:              gamma: 0.0172550168592
[2018-05-10 20:43:56,259] INFO:              learning_rate: 0.006
[2018-05-10 20:43:56,259] INFO:              max_depth: 4
[2018-05-10 20:43:56,260] INFO:              min_child_weight: 7.5113492238e-07
[2018-05-10 20:43:56,260] INFO:              n_estimators: 300
[2018-05-10 20:43:56,260] INFO:              nthread: 8
[2018-05-10 20:43:56,260] INFO:              reg_alpha: 7.27880243926e-10
[2018-05-10 20:43:56,260] INFO:              reg_lambda: 4.37613272467e-06
[2018-05-10 20:43:56,261] INFO:              seed: 42
[2018-05-10 20:43:56,261] INFO:              subsample: 0.844847855366
[2018-05-10 20:43:56,261] INFO:          weight: 1.0
[2018-05-10 20:43:56,261] INFO: Result
[2018-05-10 20:43:56,261] INFO:      Run     AUC     Shape
[2018-05-10 20:44:48,419] INFO:        1      0.78677     44601 x 54
[2018-05-10 20:45:38,981] INFO:        2     0.804131     44601 x 54
[2018-05-10 20:46:29,786] INFO:        3     0.795984     44602 x 54
[2018-05-10 20:46:29,854] INFO: AUC
[2018-05-10 20:46:29,854] INFO:      cv_mean: 0.795628
[2018-05-10 20:46:29,854] INFO:      cv_test: 0.801032
[2018-05-10 20:46:29,855] INFO: Time
[2018-05-10 20:46:29,855] INFO:      2 mins
[2018-05-10 20:46:29,855] INFO: --------------------------------------------------
[2018-05-10 20:47:49,110] INFO: tpe_transform took 0.010915 seconds
[2018-05-10 20:47:49,112] INFO: TPE using 5/5 trials with best loss -0.800859
[2018-05-10 20:47:50,305] INFO: ==================================================
[2018-05-10 20:47:50,306] INFO: Task
[2018-05-10 20:47:50,306] INFO:      stacking_Learner@EnsembleLearner_Id@60
[2018-05-10 20:47:50,306] INFO: Param
[2018-05-10 20:47:50,307] INFO:      clf_skl_lr:
[2018-05-10 20:47:50,307] INFO:          param:
[2018-05-10 20:47:50,307] INFO:              C: 1.11758134435e-06
[2018-05-10 20:47:50,307] INFO:              penalty: l1
[2018-05-10 20:47:50,308] INFO:              random_state: 42
[2018-05-10 20:47:50,308] INFO:          weight: 1.0
[2018-05-10 20:47:50,308] INFO:      clf_skl_rf:
[2018-05-10 20:47:50,309] INFO:          param:
[2018-05-10 20:47:50,309] INFO:              max_depth: 3
[2018-05-10 20:47:50,309] INFO:              max_features: 0.85
[2018-05-10 20:47:50,309] INFO:              min_samples_leaf: 11
[2018-05-10 20:47:50,310] INFO:              min_samples_split: 9
[2018-05-10 20:47:50,310] INFO:              n_estimators: 750
[2018-05-10 20:47:50,310] INFO:              n_jobs: 8
[2018-05-10 20:47:50,310] INFO:              random_state: 42
[2018-05-10 20:47:50,311] INFO:              verbose: 0
[2018-05-10 20:47:50,311] INFO:          weight: 0.5
[2018-05-10 20:47:50,311] INFO:      clf_xgb_tree:
[2018-05-10 20:47:50,312] INFO:          param:
[2018-05-10 20:47:50,312] INFO:              colsample_bylevel: 0.54933070139
[2018-05-10 20:47:50,312] INFO:              colsample_bytree: 0.569807139874
[2018-05-10 20:47:50,312] INFO:              gamma: 6.2975355476e-06
[2018-05-10 20:47:50,313] INFO:              learning_rate: 0.086
[2018-05-10 20:47:50,313] INFO:              max_depth: 4
[2018-05-10 20:47:50,313] INFO:              min_child_weight: 64.8130156877
[2018-05-10 20:47:50,313] INFO:              n_estimators: 830
[2018-05-10 20:47:50,314] INFO:              nthread: 8
[2018-05-10 20:47:50,314] INFO:              reg_alpha: 1.13484662203e-10
[2018-05-10 20:47:50,314] INFO:              reg_lambda: 2.94766779802e-10
[2018-05-10 20:47:50,315] INFO:              seed: 42
[2018-05-10 20:47:50,315] INFO:              subsample: 0.728164046234
[2018-05-10 20:47:50,315] INFO:          weight: 0.8
[2018-05-10 20:47:50,315] INFO: Result
[2018-05-10 20:47:50,316] INFO:      Run     AUC     Shape
[2018-05-10 20:48:47,095] INFO:        1     0.781869     44601 x 54
[2018-05-10 20:49:43,167] INFO:        2     0.799755     44601 x 54
[2018-05-10 20:50:39,415] INFO:        3     0.790625     44602 x 54
[2018-05-10 20:50:39,496] INFO: AUC
[2018-05-10 20:50:39,496] INFO:      cv_mean: 0.790749
[2018-05-10 20:50:39,497] INFO:      cv_test: 0.797199
[2018-05-10 20:50:39,497] INFO: Time
[2018-05-10 20:50:39,497] INFO:      2 mins
[2018-05-10 20:50:39,497] INFO: --------------------------------------------------
[2018-05-10 20:52:05,758] INFO: tpe_transform took 0.011372 seconds
[2018-05-10 20:52:05,758] INFO: TPE using 6/6 trials with best loss -0.800859
[2018-05-10 20:52:06,863] INFO: ==================================================
[2018-05-10 20:52:06,864] INFO: Task
[2018-05-10 20:52:06,864] INFO:      stacking_Learner@EnsembleLearner_Id@61
[2018-05-10 20:52:06,864] INFO: Param
[2018-05-10 20:52:06,865] INFO:      clf_skl_lr:
[2018-05-10 20:52:06,865] INFO:          param:
[2018-05-10 20:52:06,865] INFO:              C: 0.000315386043429
[2018-05-10 20:52:06,865] INFO:              penalty: l1
[2018-05-10 20:52:06,866] INFO:              random_state: 42
[2018-05-10 20:52:06,866] INFO:          weight: 1.0
[2018-05-10 20:52:06,866] INFO:      clf_skl_rf:
[2018-05-10 20:52:06,866] INFO:          param:
[2018-05-10 20:52:06,867] INFO:              max_depth: 6
[2018-05-10 20:52:06,867] INFO:              max_features: 0.85
[2018-05-10 20:52:06,867] INFO:              min_samples_leaf: 13
[2018-05-10 20:52:06,867] INFO:              min_samples_split: 9
[2018-05-10 20:52:06,868] INFO:              n_estimators: 130
[2018-05-10 20:52:06,868] INFO:              n_jobs: 8
[2018-05-10 20:52:06,868] INFO:              random_state: 42
[2018-05-10 20:52:06,868] INFO:              verbose: 0
[2018-05-10 20:52:06,869] INFO:          weight: 1.0
[2018-05-10 20:52:06,869] INFO:      clf_xgb_tree:
[2018-05-10 20:52:06,869] INFO:          param:
[2018-05-10 20:52:06,869] INFO:              colsample_bylevel: 0.990873104156
[2018-05-10 20:52:06,870] INFO:              colsample_bytree: 0.77679568296
[2018-05-10 20:52:06,870] INFO:              gamma: 0.0695945341831
[2018-05-10 20:52:06,870] INFO:              learning_rate: 0.002
[2018-05-10 20:52:06,870] INFO:              max_depth: 10
[2018-05-10 20:52:06,871] INFO:              min_child_weight: 3.99876042309
[2018-05-10 20:52:06,871] INFO:              n_estimators: 110
[2018-05-10 20:52:06,871] INFO:              nthread: 8
[2018-05-10 20:52:06,871] INFO:              reg_alpha: 5.23495593575e-07
[2018-05-10 20:52:06,872] INFO:              reg_lambda: 7.41671869503
[2018-05-10 20:52:06,872] INFO:              seed: 42
[2018-05-10 20:52:06,872] INFO:              subsample: 0.954147856703
[2018-05-10 20:52:06,872] INFO:          weight: 0.1
[2018-05-10 20:52:06,873] INFO: Result
[2018-05-10 20:52:06,873] INFO:      Run     AUC     Shape
[2018-05-10 20:52:26,779] INFO:        1     0.786584     44601 x 54
[2018-05-10 20:52:47,542] INFO:        2      0.80358     44601 x 54
[2018-05-10 20:53:09,807] INFO:        3     0.795807     44602 x 54
[2018-05-10 20:53:09,884] INFO: AUC
[2018-05-10 20:53:09,884] INFO:      cv_mean: 0.795324
[2018-05-10 20:53:09,885] INFO:      cv_test: 0.801285
[2018-05-10 20:53:09,885] INFO: Time
[2018-05-10 20:53:09,885] INFO:      1 mins
[2018-05-10 20:53:09,886] INFO: --------------------------------------------------
[2018-05-10 20:53:42,257] INFO: tpe_transform took 0.094605 seconds
[2018-05-10 20:53:42,258] INFO: TPE using 7/7 trials with best loss -0.800898
[2018-05-10 20:53:43,251] INFO: ==================================================
[2018-05-10 20:53:43,252] INFO: Task
[2018-05-10 20:53:43,252] INFO:      stacking_Learner@EnsembleLearner_Id@62
[2018-05-10 20:53:43,252] INFO: Param
[2018-05-10 20:53:43,252] INFO:      clf_skl_lr:
[2018-05-10 20:53:43,253] INFO:          param:
[2018-05-10 20:53:43,253] INFO:              C: 87.8743578009
[2018-05-10 20:53:43,253] INFO:              penalty: l1
[2018-05-10 20:53:43,253] INFO:              random_state: 42
[2018-05-10 20:53:43,254] INFO:          weight: 1.0
[2018-05-10 20:53:43,254] INFO:      clf_skl_rf:
[2018-05-10 20:53:43,254] INFO:          param:
[2018-05-10 20:53:43,254] INFO:              max_depth: 5
[2018-05-10 20:53:43,254] INFO:              max_features: 0.8
[2018-05-10 20:53:43,255] INFO:              min_samples_leaf: 13
[2018-05-10 20:53:43,255] INFO:              min_samples_split: 14
[2018-05-10 20:53:43,255] INFO:              n_estimators: 300
[2018-05-10 20:53:43,255] INFO:              n_jobs: 8
[2018-05-10 20:53:43,256] INFO:              random_state: 42
[2018-05-10 20:53:43,256] INFO:              verbose: 0
[2018-05-10 20:53:43,256] INFO:          weight: 0.6
[2018-05-10 20:53:43,256] INFO:      clf_xgb_tree:
[2018-05-10 20:53:43,256] INFO:          param:
[2018-05-10 20:53:43,257] INFO:              colsample_bylevel: 0.766667715497
[2018-05-10 20:53:43,257] INFO:              colsample_bytree: 0.921098441214
[2018-05-10 20:53:43,257] INFO:              gamma: 1.948823142e-09
[2018-05-10 20:53:43,257] INFO:              learning_rate: 0.006
[2018-05-10 20:53:43,258] INFO:              max_depth: 3
[2018-05-10 20:53:43,258] INFO:              min_child_weight: 0.000128670298177
[2018-05-10 20:53:43,258] INFO:              n_estimators: 410
[2018-05-10 20:53:43,258] INFO:              nthread: 8
[2018-05-10 20:53:43,259] INFO:              reg_alpha: 0.00130940094362
[2018-05-10 20:53:43,259] INFO:              reg_lambda: 6.93735662886e-07
[2018-05-10 20:53:43,259] INFO:              seed: 42
[2018-05-10 20:53:43,259] INFO:              subsample: 0.762465179127
[2018-05-10 20:53:43,259] INFO:          weight: 0.7
[2018-05-10 20:53:43,260] INFO: Result
[2018-05-10 20:53:43,260] INFO:      Run     AUC     Shape
[2018-05-10 20:56:13,728] INFO:        1     0.787094     44601 x 54
[2018-05-10 20:58:24,432] INFO:        2     0.803571     44601 x 54
[2018-05-10 21:00:34,970] INFO:        3     0.794572     44602 x 54
[2018-05-10 21:00:35,042] INFO: AUC
[2018-05-10 21:00:35,042] INFO:      cv_mean: 0.795079
[2018-05-10 21:00:35,042] INFO:      cv_test: 0.800661
[2018-05-10 21:00:35,042] INFO: Time
[2018-05-10 21:00:35,043] INFO:      6 mins
[2018-05-10 21:00:35,043] INFO: --------------------------------------------------
[2018-05-10 21:04:37,862] INFO: tpe_transform took 0.009982 seconds
[2018-05-10 21:04:37,862] INFO: TPE using 8/8 trials with best loss -0.800898
[2018-05-10 21:04:38,986] INFO: ==================================================
[2018-05-10 21:04:38,987] INFO: Task
[2018-05-10 21:04:38,987] INFO:      stacking_Learner@EnsembleLearner_Id@63
[2018-05-10 21:04:38,987] INFO: Param
[2018-05-10 21:04:38,988] INFO:      clf_skl_lr:
[2018-05-10 21:04:38,988] INFO:          param:
[2018-05-10 21:04:38,988] INFO:              C: 1.10991861121e-07
[2018-05-10 21:04:38,988] INFO:              penalty: l1
[2018-05-10 21:04:38,989] INFO:              random_state: 42
[2018-05-10 21:04:38,989] INFO:          weight: 1.0
[2018-05-10 21:04:38,989] INFO:      clf_skl_rf:
[2018-05-10 21:04:38,990] INFO:          param:
[2018-05-10 21:04:38,990] INFO:              max_depth: 2
[2018-05-10 21:04:38,990] INFO:              max_features: 0.35
[2018-05-10 21:04:38,990] INFO:              min_samples_leaf: 9
[2018-05-10 21:04:38,991] INFO:              min_samples_split: 12
[2018-05-10 21:04:38,991] INFO:              n_estimators: 900
[2018-05-10 21:04:38,991] INFO:              n_jobs: 8
[2018-05-10 21:04:38,992] INFO:              random_state: 42
[2018-05-10 21:04:38,992] INFO:              verbose: 0
[2018-05-10 21:04:38,992] INFO:          weight: 0.6
[2018-05-10 21:04:38,992] INFO:      clf_xgb_tree:
[2018-05-10 21:04:38,993] INFO:          param:
[2018-05-10 21:04:38,993] INFO:              colsample_bylevel: 0.564347158038
[2018-05-10 21:04:38,993] INFO:              colsample_bytree: 0.612780649642
[2018-05-10 21:04:38,994] INFO:              gamma: 0.000378011029172
[2018-05-10 21:04:38,994] INFO:              learning_rate: 0.008
[2018-05-10 21:04:38,994] INFO:              max_depth: 8
[2018-05-10 21:04:38,994] INFO:              min_child_weight: 0.000579901349253
[2018-05-10 21:04:38,995] INFO:              n_estimators: 770
[2018-05-10 21:04:38,995] INFO:              nthread: 8
[2018-05-10 21:04:38,995] INFO:              reg_alpha: 1.79245948761e-10
[2018-05-10 21:04:38,995] INFO:              reg_lambda: 9.72473411899e-07
[2018-05-10 21:04:38,996] INFO:              seed: 42
[2018-05-10 21:04:38,996] INFO:              subsample: 0.845378661381
[2018-05-10 21:04:38,996] INFO:          weight: 0.4
[2018-05-10 21:04:38,997] INFO: Result
[2018-05-10 21:04:38,997] INFO:      Run     AUC     Shape
[2018-05-10 21:05:21,680] INFO:        1     0.786453     44601 x 54
[2018-05-10 21:06:01,216] INFO:        2     0.803361     44601 x 54
[2018-05-10 21:06:42,104] INFO:        3      0.79568     44602 x 54
[2018-05-10 21:06:42,198] INFO: AUC
[2018-05-10 21:06:42,198] INFO:      cv_mean: 0.795165
[2018-05-10 21:06:42,199] INFO:      cv_test: 0.798841
[2018-05-10 21:06:42,199] INFO: Time
[2018-05-10 21:06:42,199] INFO:      2 mins
[2018-05-10 21:06:42,199] INFO: --------------------------------------------------
[2018-05-10 21:07:41,270] INFO: Hyperopt_Time
[2018-05-10 21:07:41,271] INFO:      37 mins
[2018-05-10 21:07:41,271] INFO: --------------------------------------------------
