[2018-05-18 19:11:43,811] INFO: tpe_transform took 0.004868 seconds
[2018-05-18 19:11:43,811] INFO: TPE using 0 trials
[2018-05-18 19:11:43,814] INFO: ==================================================
[2018-05-18 19:11:43,814] INFO: Task
[2018-05-18 19:11:43,814] INFO:      single_Learner@clf_xgb_tree_Id@3
[2018-05-18 19:11:43,814] INFO: Param
[2018-05-18 19:11:43,814] INFO:      colsample_bylevel: 0.5433949418017152
[2018-05-18 19:11:43,814] INFO:      colsample_bytree: 0.862609701576968
[2018-05-18 19:11:43,814] INFO:      gamma: 6.46165969879924e-08
[2018-05-18 19:11:43,814] INFO:      learning_rate: 0.02
[2018-05-18 19:11:43,815] INFO:      max_depth: 6
[2018-05-18 19:11:43,815] INFO:      min_child_weight: 122.11893275012281
[2018-05-18 19:11:43,815] INFO:      n_estimators: 650
[2018-05-18 19:11:43,815] INFO:      nthread: 8
[2018-05-18 19:11:43,815] INFO:      reg_alpha: 3.5663535854183416e-10
[2018-05-18 19:11:43,815] INFO:      reg_lambda: 3.752056484062533e-05
[2018-05-18 19:11:43,815] INFO:      seed: 42
[2018-05-18 19:11:43,815] INFO:      subsample: 0.5114114271785732
[2018-05-18 19:11:43,815] INFO: Result
[2018-05-18 19:11:43,816] INFO:      Run     AUC     Shape
[2018-05-18 19:11:44,236] INFO:        1          0.5     401 x 327
[2018-05-18 19:11:44,685] INFO:        2          0.5     401 x 327
[2018-05-18 19:11:44,691] INFO: AUC
[2018-05-18 19:11:44,691] INFO:      cv_mean: 0.500000
[2018-05-18 19:11:44,691] INFO:      cv_test: 0.000000
[2018-05-18 19:11:44,691] INFO: Time
[2018-05-18 19:11:44,691] INFO:      0 secs
[2018-05-18 19:11:44,691] INFO: --------------------------------------------------
[2018-05-18 19:11:45,594] INFO: tpe_transform took 0.005067 seconds
[2018-05-18 19:11:45,594] INFO: TPE using 1/1 trials with best loss -0.500000
[2018-05-18 19:11:45,597] INFO: ==================================================
[2018-05-18 19:11:45,597] INFO: Task
[2018-05-18 19:11:45,598] INFO:      single_Learner@clf_xgb_tree_Id@4
[2018-05-18 19:11:45,598] INFO: Param
[2018-05-18 19:11:45,598] INFO:      colsample_bylevel: 0.7528993164351969
[2018-05-18 19:11:45,598] INFO:      colsample_bytree: 0.6433350805735385
[2018-05-18 19:11:45,598] INFO:      gamma: 0.011549749572134269
[2018-05-18 19:11:45,598] INFO:      learning_rate: 0.018000000000000002
[2018-05-18 19:11:45,598] INFO:      max_depth: 7
[2018-05-18 19:11:45,599] INFO:      min_child_weight: 3.461766043048879e-07
[2018-05-18 19:11:45,599] INFO:      n_estimators: 900
[2018-05-18 19:11:45,599] INFO:      nthread: 8
[2018-05-18 19:11:45,599] INFO:      reg_alpha: 2.3111184783927004e-07
[2018-05-18 19:11:45,599] INFO:      reg_lambda: 0.009528243561867196
[2018-05-18 19:11:45,599] INFO:      seed: 42
[2018-05-18 19:11:45,599] INFO:      subsample: 0.7073797181198993
[2018-05-18 19:11:45,600] INFO: Result
[2018-05-18 19:11:45,600] INFO:      Run     AUC     Shape
[2018-05-18 19:11:48,757] INFO:        1     0.672798     401 x 327
[2018-05-18 19:11:51,758] INFO:        2     0.706151     401 x 327
[2018-05-18 19:11:51,764] INFO: AUC
[2018-05-18 19:11:51,765] INFO:      cv_mean: 0.689475
[2018-05-18 19:11:51,765] INFO:      cv_test: 0.000000
[2018-05-18 19:11:51,765] INFO: Time
[2018-05-18 19:11:51,765] INFO:      6 secs
[2018-05-18 19:11:51,765] INFO: --------------------------------------------------
[2018-05-18 19:11:57,918] INFO: Hyperopt_Time
[2018-05-18 19:11:57,919] INFO:      14 secs
[2018-05-18 19:11:57,919] INFO: --------------------------------------------------
[2018-05-18 19:11:57,932] INFO: tpe_transform took 0.001847 seconds
[2018-05-18 19:11:57,933] INFO: TPE using 0 trials
[2018-05-18 19:11:57,935] INFO: ==================================================
[2018-05-18 19:11:57,935] INFO: Task
[2018-05-18 19:11:57,935] INFO:      single_Learner@clf_skl_rf_Id@5
[2018-05-18 19:11:57,936] INFO: Param
[2018-05-18 19:11:57,936] INFO:      max_depth: 10
[2018-05-18 19:11:57,936] INFO:      max_features: 0.4
[2018-05-18 19:11:57,936] INFO:      min_samples_leaf: 12
[2018-05-18 19:11:57,936] INFO:      min_samples_split: 8
[2018-05-18 19:11:57,937] INFO:      n_estimators: 240
[2018-05-18 19:11:57,937] INFO:      n_jobs: 8
[2018-05-18 19:11:57,937] INFO:      random_state: 42
[2018-05-18 19:11:57,937] INFO:      verbose: 0
[2018-05-18 19:11:57,937] INFO: Result
[2018-05-18 19:11:57,937] INFO:      Run     AUC     Shape
[2018-05-18 19:11:58,568] INFO:        1     0.725064     401 x 327
[2018-05-18 19:11:59,299] INFO:        2     0.753681     401 x 327
[2018-05-18 19:11:59,306] INFO: AUC
[2018-05-18 19:11:59,307] INFO:      cv_mean: 0.739373
[2018-05-18 19:11:59,307] INFO:      cv_test: 0.000000
[2018-05-18 19:11:59,307] INFO: Time
[2018-05-18 19:11:59,307] INFO:      1 secs
[2018-05-18 19:11:59,307] INFO: --------------------------------------------------
[2018-05-18 19:12:00,024] INFO: tpe_transform took 0.002409 seconds
[2018-05-18 19:12:00,024] INFO: TPE using 1/1 trials with best loss -0.739373
[2018-05-18 19:12:00,026] INFO: ==================================================
[2018-05-18 19:12:00,026] INFO: Task
[2018-05-18 19:12:00,026] INFO:      single_Learner@clf_skl_rf_Id@6
[2018-05-18 19:12:00,027] INFO: Param
[2018-05-18 19:12:00,027] INFO:      max_depth: 6
[2018-05-18 19:12:00,027] INFO:      max_features: 0.45
[2018-05-18 19:12:00,027] INFO:      min_samples_leaf: 14
[2018-05-18 19:12:00,027] INFO:      min_samples_split: 12
[2018-05-18 19:12:00,027] INFO:      n_estimators: 700
[2018-05-18 19:12:00,028] INFO:      n_jobs: 8
[2018-05-18 19:12:00,028] INFO:      random_state: 42
[2018-05-18 19:12:00,028] INFO:      verbose: 0
[2018-05-18 19:12:00,028] INFO: Result
[2018-05-18 19:12:00,028] INFO:      Run     AUC     Shape
[2018-05-18 19:12:01,510] INFO:        1     0.724113     401 x 327
[2018-05-18 19:12:03,000] INFO:        2      0.75657     401 x 327
[2018-05-18 19:12:03,007] INFO: AUC
[2018-05-18 19:12:03,008] INFO:      cv_mean: 0.740342
[2018-05-18 19:12:03,008] INFO:      cv_test: 0.000000
[2018-05-18 19:12:03,008] INFO: Time
[2018-05-18 19:12:03,008] INFO:      2 secs
[2018-05-18 19:12:03,008] INFO: --------------------------------------------------
[2018-05-18 19:12:04,735] INFO: Hyperopt_Time
[2018-05-18 19:12:04,735] INFO:      6 secs
[2018-05-18 19:12:04,736] INFO: --------------------------------------------------
[2018-05-18 19:12:04,753] INFO: tpe_transform took 0.004438 seconds
[2018-05-18 19:12:04,753] INFO: TPE using 0 trials
[2018-05-18 19:12:04,756] INFO: ==================================================
[2018-05-18 19:12:04,756] INFO: Task
[2018-05-18 19:12:04,756] INFO:      single_Learner@clf_lgb_tree_Id@7
[2018-05-18 19:12:04,757] INFO: Param
[2018-05-18 19:12:04,757] INFO:      boosting_type: gbdt
[2018-05-18 19:12:04,757] INFO:      colsample_bytree: 0.15000000000000002
[2018-05-18 19:12:04,758] INFO:      learning_rate: 0.06
[2018-05-18 19:12:04,758] INFO:      max_depth: 9
[2018-05-18 19:12:04,758] INFO:      metric: auc
[2018-05-18 19:12:04,758] INFO:      min_child_samples: 206
[2018-05-18 19:12:04,759] INFO:      n_estimators: 500
[2018-05-18 19:12:04,759] INFO:      n_jobs: 16
[2018-05-18 19:12:04,759] INFO:      num_leaves: 825
[2018-05-18 19:12:04,759] INFO:      objective: binary
[2018-05-18 19:12:04,759] INFO:      random_state: 42
[2018-05-18 19:12:04,760] INFO:      reg_alpha: 0.0006225257905515403
[2018-05-18 19:12:04,760] INFO:      reg_lambda: 0.0004107964924896393
[2018-05-18 19:12:04,760] INFO:      subsample: 0.7000000000000001
[2018-05-18 19:12:04,761] INFO:      verbose: -1
[2018-05-18 19:12:04,761] INFO: Result
[2018-05-18 19:12:04,761] INFO:      Run     AUC     Shape
[2018-05-18 19:12:04,778] INFO: job exception: b'Cannot construct Dataset since there are not useful features.                 It should be at least two unique rows.                 If the num_row (num_data) is small, you can set min_data=1 and min_data_in_bin=1 to fix this.                 Otherwise please make sure you are using the right dataset.'
