[2018-05-08 18:26:00,442] INFO: tpe_transform took 0.003786 seconds
[2018-05-08 18:26:00,442] INFO: TPE using 0 trials
[2018-05-08 18:26:00,447] INFO: ==================================================
[2018-05-08 18:26:00,448] INFO: Task
[2018-05-08 18:26:00,448] INFO:      Learner@clf_cbst_tree_Id@19
[2018-05-08 18:26:00,448] INFO: Param
[2018-05-08 18:26:00,448] INFO:      bagging_temperature: 0.9618545689417005
[2018-05-08 18:26:00,449] INFO:      border_count: 128
[2018-05-08 18:26:00,449] INFO:      depth: 9.0
[2018-05-08 18:26:00,449] INFO:      l2_leaf_reg: 1.6672769442099276
[2018-05-08 18:26:00,449] INFO:      learning_rate: 0.14699350066694192
[2018-05-08 18:26:00,450] INFO:      one_hot_max_size: 0
[2018-05-08 18:26:00,450] INFO:      random_state: 42
[2018-05-08 18:26:00,450] INFO:      random_strength: 1
[2018-05-08 18:26:00,451] INFO:      simple_ctr: ('Borders', 'BinarizedTargetMeanValue', 'Counter')
[2018-05-08 18:26:00,451] INFO:      thread_count: 8
[2018-05-08 18:26:00,451] INFO:      used_ram_limit: 100000000000
[2018-05-08 18:26:00,452] INFO:      verbose: False
[2018-05-08 18:26:00,452] INFO: Result
[2018-05-08 18:26:00,452] INFO:      Run     AUC     Shape
[2018-05-08 18:29:53,366] INFO:        1     0.759176     44601 x 390
[2018-05-08 18:33:36,551] INFO:        2     0.779478     44601 x 390
[2018-05-08 18:37:02,824] INFO:        3     0.775382     44602 x 390
[2018-05-08 18:37:03,045] INFO: AUC
[2018-05-08 18:37:03,046] INFO:      cv_mean: 0.771345
[2018-05-08 18:37:03,046] INFO:      cv_test: 0.789795
[2018-05-08 18:37:03,046] INFO: Time
[2018-05-08 18:37:03,046] INFO:      11 mins
[2018-05-08 18:37:03,046] INFO: --------------------------------------------------
[2018-05-08 18:39:49,799] INFO: tpe_transform took 0.117540 seconds
[2018-05-08 18:39:49,799] INFO: TPE using 1/1 trials with best loss -0.741096
[2018-05-08 18:39:49,806] INFO: ==================================================
[2018-05-08 18:39:49,806] INFO: Task
[2018-05-08 18:39:49,806] INFO:      Learner@clf_cbst_tree_Id@20
[2018-05-08 18:39:49,806] INFO: Param
[2018-05-08 18:39:49,806] INFO:      bagging_temperature: 0.6715576594567929
[2018-05-08 18:39:49,806] INFO:      border_count: 128
[2018-05-08 18:39:49,807] INFO:      depth: 8.0
[2018-05-08 18:39:49,807] INFO:      l2_leaf_reg: 6.37580343357772
[2018-05-08 18:39:49,807] INFO:      learning_rate: 0.4639513794989962
[2018-05-08 18:39:49,807] INFO:      one_hot_max_size: 25
[2018-05-08 18:39:49,807] INFO:      random_state: 42
[2018-05-08 18:39:49,807] INFO:      random_strength: 1
[2018-05-08 18:39:49,808] INFO:      simple_ctr: ('Borders', 'BinarizedTargetMeanValue', 'Counter')
[2018-05-08 18:39:49,808] INFO:      thread_count: 8
[2018-05-08 18:39:49,808] INFO:      used_ram_limit: 100000000000
[2018-05-08 18:39:49,808] INFO:      verbose: False
[2018-05-08 18:39:49,808] INFO: Result
[2018-05-08 18:39:49,808] INFO:      Run     AUC     Shape
[2018-05-08 18:42:58,533] INFO:        1     0.706549     44601 x 390
[2018-05-08 18:46:17,809] INFO:        2     0.724923     44601 x 390
[2018-05-08 18:49:27,371] INFO:        3     0.727034     44602 x 390
[2018-05-08 18:49:27,595] INFO: AUC
[2018-05-08 18:49:27,595] INFO:      cv_mean: 0.719502
[2018-05-08 18:49:27,595] INFO:      cv_test: 0.760393
[2018-05-08 18:49:27,596] INFO: Time
[2018-05-08 18:49:27,596] INFO:      9 mins
[2018-05-08 18:49:27,596] INFO: --------------------------------------------------
[2018-05-08 18:51:58,407] INFO: tpe_transform took 0.004838 seconds
[2018-05-08 18:51:58,407] INFO: TPE using 2/2 trials with best loss -0.741096
[2018-05-08 18:51:58,411] INFO: ==================================================
[2018-05-08 18:51:58,412] INFO: Task
[2018-05-08 18:51:58,412] INFO:      Learner@clf_cbst_tree_Id@21
[2018-05-08 18:51:58,412] INFO: Param
[2018-05-08 18:51:58,412] INFO:      bagging_temperature: 0.5064945030432708
[2018-05-08 18:51:58,413] INFO:      border_count: 128
[2018-05-08 18:51:58,413] INFO:      depth: 9.0
[2018-05-08 18:51:58,413] INFO:      l2_leaf_reg: 1.125547282152223
[2018-05-08 18:51:58,413] INFO:      learning_rate: 0.37990015939712485
[2018-05-08 18:51:58,414] INFO:      one_hot_max_size: 0
[2018-05-08 18:51:58,414] INFO:      random_state: 42
[2018-05-08 18:51:58,414] INFO:      random_strength: 20
[2018-05-08 18:51:58,414] INFO:      simple_ctr: ('Borders', 'BinarizedTargetMeanValue', 'Counter')
[2018-05-08 18:51:58,415] INFO:      thread_count: 8
[2018-05-08 18:51:58,415] INFO:      used_ram_limit: 100000000000
[2018-05-08 18:51:58,415] INFO:      verbose: False
[2018-05-08 18:51:58,415] INFO: Result
[2018-05-08 18:51:58,415] INFO:      Run     AUC     Shape
[2018-05-08 18:55:53,443] INFO:        1      0.72437     44601 x 390
[2018-05-08 18:59:23,904] INFO:        2     0.741672     44601 x 390
[2018-05-08 19:02:47,661] INFO:        3     0.756077     44602 x 390
[2018-05-08 19:02:47,894] INFO: AUC
[2018-05-08 19:02:47,894] INFO:      cv_mean: 0.740706
[2018-05-08 19:02:47,895] INFO:      cv_test: 0.776443
[2018-05-08 19:02:47,895] INFO: Time
[2018-05-08 19:02:47,895] INFO:      10 mins
[2018-05-08 19:02:47,895] INFO: --------------------------------------------------
[2018-05-08 19:05:28,982] INFO: tpe_transform took 0.006572 seconds
[2018-05-08 19:05:28,982] INFO: TPE using 3/3 trials with best loss -0.741096
[2018-05-08 19:05:28,988] INFO: ==================================================
[2018-05-08 19:05:28,988] INFO: Task
[2018-05-08 19:05:28,988] INFO:      Learner@clf_cbst_tree_Id@22
[2018-05-08 19:05:28,989] INFO: Param
[2018-05-08 19:05:28,989] INFO:      bagging_temperature: 0.9659100113714678
[2018-05-08 19:05:28,989] INFO:      border_count: 128
[2018-05-08 19:05:28,989] INFO:      depth: 8.0
[2018-05-08 19:05:28,989] INFO:      l2_leaf_reg: 1.0680246926227899
[2018-05-08 19:05:28,989] INFO:      learning_rate: 0.059251631584897775
[2018-05-08 19:05:28,990] INFO:      one_hot_max_size: 25
[2018-05-08 19:05:28,990] INFO:      random_state: 42
[2018-05-08 19:05:28,990] INFO:      random_strength: 20
[2018-05-08 19:05:28,990] INFO:      simple_ctr: ('Borders', 'BinarizedTargetMeanValue', 'Counter')
[2018-05-08 19:05:28,991] INFO:      thread_count: 8
[2018-05-08 19:05:28,991] INFO:      used_ram_limit: 100000000000
[2018-05-08 19:05:28,991] INFO:      verbose: False
[2018-05-08 19:05:28,991] INFO: Result
[2018-05-08 19:05:28,992] INFO:      Run     AUC     Shape
[2018-05-08 19:08:32,346] INFO:        1     0.778603     44601 x 390
[2018-05-08 19:11:34,272] INFO:        2     0.797259     44601 x 390
[2018-05-08 19:14:36,901] INFO:        3     0.789297     44602 x 390
[2018-05-08 19:14:37,128] INFO: AUC
[2018-05-08 19:14:37,128] INFO:      cv_mean: 0.788387
[2018-05-08 19:14:37,128] INFO:      cv_test: 0.798926
[2018-05-08 19:14:37,129] INFO: Time
[2018-05-08 19:14:37,129] INFO:      9 mins
[2018-05-08 19:14:37,129] INFO: --------------------------------------------------
[2018-05-08 19:17:04,950] INFO: tpe_transform took 0.005693 seconds
[2018-05-08 19:17:04,951] INFO: TPE using 4/4 trials with best loss -0.787501
[2018-05-08 19:17:04,956] INFO: ==================================================
[2018-05-08 19:17:04,957] INFO: Task
[2018-05-08 19:17:04,957] INFO:      Learner@clf_cbst_tree_Id@23
[2018-05-08 19:17:04,957] INFO: Param
[2018-05-08 19:17:04,957] INFO:      bagging_temperature: 0.9459606107484787
[2018-05-08 19:17:04,958] INFO:      border_count: 128
[2018-05-08 19:17:04,958] INFO:      depth: 8.0
[2018-05-08 19:17:04,958] INFO:      l2_leaf_reg: 5.409737386097029
[2018-05-08 19:17:04,958] INFO:      learning_rate: 0.14398595510400838
[2018-05-08 19:17:04,958] INFO:      one_hot_max_size: 0
[2018-05-08 19:17:04,959] INFO:      random_state: 42
[2018-05-08 19:17:04,959] INFO:      random_strength: 20
[2018-05-08 19:17:04,959] INFO:      simple_ctr: ('Borders', 'BinarizedTargetMeanValue', 'Counter')
[2018-05-08 19:17:04,959] INFO:      thread_count: 8
[2018-05-08 19:17:04,959] INFO:      used_ram_limit: 100000000000
[2018-05-08 19:17:04,960] INFO:      verbose: False
[2018-05-08 19:17:04,960] INFO: Result
[2018-05-08 19:17:04,960] INFO:      Run     AUC     Shape
[2018-05-08 19:20:04,333] INFO:        1     0.762773     44601 x 390
[2018-05-08 19:23:06,104] INFO:        2     0.783629     44601 x 390
[2018-05-08 19:26:05,956] INFO:        3     0.776386     44602 x 390
[2018-05-08 19:26:06,185] INFO: AUC
[2018-05-08 19:26:06,185] INFO:      cv_mean: 0.774263
[2018-05-08 19:26:06,185] INFO:      cv_test: 0.791654
[2018-05-08 19:26:06,185] INFO: Time
[2018-05-08 19:26:06,186] INFO:      9 mins
[2018-05-08 19:26:06,186] INFO: --------------------------------------------------
[2018-05-08 19:28:31,456] INFO: tpe_transform took 0.004216 seconds
[2018-05-08 19:28:31,457] INFO: TPE using 5/5 trials with best loss -0.787501
[2018-05-08 19:28:31,460] INFO: ==================================================
[2018-05-08 19:28:31,460] INFO: Task
[2018-05-08 19:28:31,461] INFO:      Learner@clf_cbst_tree_Id@24
[2018-05-08 19:28:31,461] INFO: Param
[2018-05-08 19:28:31,461] INFO:      bagging_temperature: 0.853872487831584
[2018-05-08 19:28:31,461] INFO:      border_count: 128
[2018-05-08 19:28:31,461] INFO:      depth: 8.0
[2018-05-08 19:28:31,461] INFO:      l2_leaf_reg: 3.525987107437749
[2018-05-08 19:28:31,461] INFO:      learning_rate: 0.23813659822397104
[2018-05-08 19:28:31,462] INFO:      one_hot_max_size: 0
[2018-05-08 19:28:31,462] INFO:      random_state: 42
[2018-05-08 19:28:31,462] INFO:      random_strength: 1
[2018-05-08 19:28:31,462] INFO:      simple_ctr: ('Borders', 'BinarizedTargetMeanValue', 'Counter')
[2018-05-08 19:28:31,462] INFO:      thread_count: 8
[2018-05-08 19:28:31,462] INFO:      used_ram_limit: 100000000000
[2018-05-08 19:28:31,463] INFO:      verbose: False
[2018-05-08 19:28:31,463] INFO: Result
[2018-05-08 19:28:31,463] INFO:      Run     AUC     Shape
[2018-05-08 19:31:28,382] INFO:        1     0.742391     44601 x 390
[2018-05-08 19:34:27,647] INFO:        2     0.762896     44601 x 390
[2018-05-08 19:37:19,852] INFO:        3     0.766418     44602 x 390
[2018-05-08 19:37:20,038] INFO: AUC
[2018-05-08 19:37:20,038] INFO:      cv_mean: 0.757235
[2018-05-08 19:37:20,038] INFO:      cv_test: 0.784628
[2018-05-08 19:37:20,038] INFO: Time
[2018-05-08 19:37:20,038] INFO:      8 mins
[2018-05-08 19:37:20,039] INFO: --------------------------------------------------
[2018-05-08 19:39:41,684] INFO: tpe_transform took 0.004380 seconds
[2018-05-08 19:39:41,684] INFO: TPE using 6/6 trials with best loss -0.787501
[2018-05-08 19:39:41,688] INFO: ==================================================
[2018-05-08 19:39:41,688] INFO: Task
[2018-05-08 19:39:41,688] INFO:      Learner@clf_cbst_tree_Id@25
[2018-05-08 19:39:41,688] INFO: Param
[2018-05-08 19:39:41,689] INFO:      bagging_temperature: 0.46452430860672844
[2018-05-08 19:39:41,689] INFO:      border_count: 128
[2018-05-08 19:39:41,689] INFO:      depth: 8.0
[2018-05-08 19:39:41,689] INFO:      l2_leaf_reg: 9.541933237726255
[2018-05-08 19:39:41,689] INFO:      learning_rate: 0.12916201624997625
[2018-05-08 19:39:41,689] INFO:      one_hot_max_size: 0
[2018-05-08 19:39:41,689] INFO:      random_state: 42
[2018-05-08 19:39:41,690] INFO:      random_strength: 20
[2018-05-08 19:39:41,690] INFO:      simple_ctr: ('Borders', 'BinarizedTargetMeanValue', 'Counter')
[2018-05-08 19:39:41,690] INFO:      thread_count: 8
[2018-05-08 19:39:41,690] INFO:      used_ram_limit: 100000000000
[2018-05-08 19:39:41,690] INFO:      verbose: False
[2018-05-08 19:39:41,690] INFO: Result
[2018-05-08 19:39:41,690] INFO:      Run     AUC     Shape
[2018-05-08 19:42:36,246] INFO:        1     0.764047     44601 x 390
[2018-05-08 19:45:32,916] INFO:        2      0.78974     44601 x 390
[2018-05-08 19:48:27,981] INFO:        3     0.779474     44602 x 390
[2018-05-08 19:48:28,175] INFO: AUC
[2018-05-08 19:48:28,175] INFO:      cv_mean: 0.777754
[2018-05-08 19:48:28,175] INFO:      cv_test: 0.793547
[2018-05-08 19:48:28,175] INFO: Time
[2018-05-08 19:48:28,175] INFO:      8 mins
[2018-05-08 19:48:28,176] INFO: --------------------------------------------------
[2018-05-08 19:50:53,800] INFO: tpe_transform took 0.004322 seconds
[2018-05-08 19:50:53,801] INFO: TPE using 7/7 trials with best loss -0.787501
[2018-05-08 19:50:53,803] INFO: ==================================================
[2018-05-08 19:50:53,804] INFO: Task
[2018-05-08 19:50:53,804] INFO:      Learner@clf_cbst_tree_Id@26
[2018-05-08 19:50:53,804] INFO: Param
[2018-05-08 19:50:53,804] INFO:      bagging_temperature: 0.09808263389250738
[2018-05-08 19:50:53,804] INFO:      border_count: 128
[2018-05-08 19:50:53,804] INFO:      depth: 5.0
[2018-05-08 19:50:53,805] INFO:      l2_leaf_reg: 7.3993922545778945
[2018-05-08 19:50:53,805] INFO:      learning_rate: 0.026618697817050858
[2018-05-08 19:50:53,805] INFO:      one_hot_max_size: 0
[2018-05-08 19:50:53,805] INFO:      random_state: 42
[2018-05-08 19:50:53,805] INFO:      random_strength: 1
[2018-05-08 19:50:53,805] INFO:      simple_ctr: ('Borders', 'BinarizedTargetMeanValue', 'Counter')
[2018-05-08 19:50:53,805] INFO:      thread_count: 8
[2018-05-08 19:50:53,806] INFO:      used_ram_limit: 100000000000
[2018-05-08 19:50:53,806] INFO:      verbose: False
[2018-05-08 19:50:53,806] INFO: Result
[2018-05-08 19:50:53,806] INFO:      Run     AUC     Shape
[2018-05-08 19:52:52,176] INFO:        1     0.781928     44601 x 390
[2018-05-08 19:54:50,612] INFO:        2     0.799092     44601 x 390
[2018-05-08 19:56:47,336] INFO:        3     0.792608     44602 x 390
[2018-05-08 19:56:47,524] INFO: AUC
[2018-05-08 19:56:47,524] INFO:      cv_mean: 0.791209
[2018-05-08 19:56:47,524] INFO:      cv_test: 0.795794
[2018-05-08 19:56:47,525] INFO: Time
[2018-05-08 19:56:47,525] INFO:      5 mins
[2018-05-08 19:56:47,525] INFO: --------------------------------------------------
[2018-05-08 19:58:29,807] INFO: tpe_transform took 0.004219 seconds
[2018-05-08 19:58:29,807] INFO: TPE using 8/8 trials with best loss -0.798540
[2018-05-08 19:58:29,810] INFO: ==================================================
[2018-05-08 19:58:29,810] INFO: Task
[2018-05-08 19:58:29,810] INFO:      Learner@clf_cbst_tree_Id@27
[2018-05-08 19:58:29,810] INFO: Param
[2018-05-08 19:58:29,810] INFO:      bagging_temperature: 0.005262976149832288
[2018-05-08 19:58:29,811] INFO:      border_count: 128
[2018-05-08 19:58:29,811] INFO:      depth: 7.0
[2018-05-08 19:58:29,811] INFO:      l2_leaf_reg: 7.434424950827283
[2018-05-08 19:58:29,811] INFO:      learning_rate: 0.010057112321245558
[2018-05-08 19:58:29,811] INFO:      one_hot_max_size: 0
[2018-05-08 19:58:29,811] INFO:      random_state: 42
[2018-05-08 19:58:29,811] INFO:      random_strength: 20
[2018-05-08 19:58:29,812] INFO:      simple_ctr: ('Borders', 'BinarizedTargetMeanValue', 'Counter')
[2018-05-08 19:58:29,812] INFO:      thread_count: 8
[2018-05-08 19:58:29,812] INFO:      used_ram_limit: 100000000000
[2018-05-08 19:58:29,812] INFO:      verbose: False
[2018-05-08 19:58:29,812] INFO: Result
[2018-05-08 19:58:29,812] INFO:      Run     AUC     Shape
[2018-05-08 20:01:05,006] INFO:        1     0.778514     44601 x 390
[2018-05-08 20:03:39,200] INFO:        2     0.792275     44601 x 390
[2018-05-08 20:06:12,933] INFO:        3     0.786842     44602 x 390
[2018-05-08 20:06:13,128] INFO: AUC
[2018-05-08 20:06:13,128] INFO:      cv_mean: 0.785877
[2018-05-08 20:06:13,128] INFO:      cv_test: 0.791283
[2018-05-08 20:06:13,128] INFO: Time
[2018-05-08 20:06:13,128] INFO:      7 mins
[2018-05-08 20:06:13,128] INFO: --------------------------------------------------
[2018-05-08 20:08:22,444] INFO: Hyperopt_Time
[2018-05-08 20:08:22,444] INFO:      102 mins
[2018-05-08 20:08:22,444] INFO: --------------------------------------------------
