[2018-05-10 14:58:45,825] INFO: tpe_transform took 0.011033 seconds
[2018-05-10 14:58:45,825] INFO: TPE using 0 trials
[2018-05-10 14:58:45,830] INFO: ==================================================
[2018-05-10 14:58:45,830] INFO: Task
[2018-05-10 14:58:45,830] INFO:      single_Learner@EnsembleLearner_Id@1
[2018-05-10 14:58:45,830] INFO: Param
[2018-05-10 14:58:45,830] INFO:      clf_skl_lr:
[2018-05-10 14:58:45,830] INFO:          param:
[2018-05-10 14:58:45,830] INFO:              C: 11.753487998219649
[2018-05-10 14:58:45,830] INFO:              penalty: l2
[2018-05-10 14:58:45,830] INFO:              random_state: 42
[2018-05-10 14:58:45,830] INFO:          weight: 1.0
[2018-05-10 14:58:45,831] INFO:      clf_skl_rf:
[2018-05-10 14:58:45,831] INFO:          param:
[2018-05-10 14:58:45,831] INFO:              max_depth: 3
[2018-05-10 14:58:45,831] INFO:              max_features: 0.9
[2018-05-10 14:58:45,831] INFO:              min_samples_leaf: 5
[2018-05-10 14:58:45,831] INFO:              min_samples_split: 12
[2018-05-10 14:58:45,831] INFO:              n_estimators: 600
[2018-05-10 14:58:45,831] INFO:              n_jobs: 8
[2018-05-10 14:58:45,831] INFO:              random_state: 42
[2018-05-10 14:58:45,831] INFO:              verbose: 0
[2018-05-10 14:58:45,831] INFO:          weight: 0.8
[2018-05-10 14:58:45,831] INFO:      clf_xgb_tree:
[2018-05-10 14:58:45,832] INFO:          param:
[2018-05-10 14:58:45,832] INFO:              colsample_bylevel: 0.6855222753133432
[2018-05-10 14:58:45,832] INFO:              colsample_bytree: 0.9002353702700121
[2018-05-10 14:58:45,832] INFO:              gamma: 1.2454814949312133e-08
[2018-05-10 14:58:45,832] INFO:              learning_rate: 0.006
[2018-05-10 14:58:45,832] INFO:              max_depth: 7
[2018-05-10 14:58:45,832] INFO:              min_child_weight: 0.28022748992319135
[2018-05-10 14:58:45,832] INFO:              n_estimators: 770
[2018-05-10 14:58:45,832] INFO:              nthread: 8
[2018-05-10 14:58:45,832] INFO:              reg_alpha: 2.0508119106868411e-07
[2018-05-10 14:58:45,832] INFO:              reg_lambda: 0.0031983007455845215
[2018-05-10 14:58:45,832] INFO:              seed: 42
[2018-05-10 14:58:45,832] INFO:              subsample: 0.6881721946494039
[2018-05-10 14:58:45,833] INFO:          weight: 0.5
[2018-05-10 14:58:45,833] INFO: Result
[2018-05-10 14:58:45,833] INFO:      Run     AUC     Shape
[2018-05-10 15:06:57,309] INFO:        1     0.778946     44601 x 390
