[2018-05-08 17:06:13,608] INFO: tpe_transform took 0.001784 seconds
[2018-05-08 17:06:13,609] INFO: TPE using 0 trials
[2018-05-08 17:06:13,610] INFO: ==================================================
[2018-05-08 17:06:13,610] INFO: Task
[2018-05-08 17:06:13,610] INFO:      Learner@clf_skl_rf_Id@1
[2018-05-08 17:06:13,610] INFO: Param
[2018-05-08 17:06:13,610] INFO:      max_depth: 6
[2018-05-08 17:06:13,610] INFO:      max_features: 0.8
[2018-05-08 17:06:13,611] INFO:      min_samples_leaf: 9
[2018-05-08 17:06:13,611] INFO:      min_samples_split: 12
[2018-05-08 17:06:13,611] INFO:      n_estimators: 670
[2018-05-08 17:06:13,611] INFO:      n_jobs: 8
[2018-05-08 17:06:13,611] INFO:      random_state: 42
[2018-05-08 17:06:13,611] INFO:      verbose: 0
[2018-05-08 17:06:13,611] INFO: Result
[2018-05-08 17:06:13,611] INFO:      Run     AUC     Shape
[2018-05-08 17:08:33,302] INFO:        1     0.772046     44601 x 390
[2018-05-08 17:10:51,132] INFO:        2     0.786454     44601 x 390
[2018-05-08 17:13:08,371] INFO:        3     0.777751     44602 x 390
[2018-05-08 17:13:08,569] INFO: AUC
[2018-05-08 17:13:08,570] INFO:      cv_mean: 0.778750
[2018-05-08 17:13:08,570] INFO:      cv_test: 0.785498
[2018-05-08 17:13:08,570] INFO: Time
[2018-05-08 17:13:08,570] INFO:      6 mins
[2018-05-08 17:13:08,570] INFO: --------------------------------------------------
[2018-05-08 17:16:59,772] INFO: tpe_transform took 0.003085 seconds
[2018-05-08 17:16:59,772] INFO: TPE using 1/1 trials with best loss -0.784406
[2018-05-08 17:16:59,775] INFO: ==================================================
[2018-05-08 17:16:59,775] INFO: Task
[2018-05-08 17:16:59,775] INFO:      Learner@clf_skl_rf_Id@2
[2018-05-08 17:16:59,775] INFO: Param
[2018-05-08 17:16:59,775] INFO:      max_depth: 9
[2018-05-08 17:16:59,775] INFO:      max_features: 0.75
[2018-05-08 17:16:59,776] INFO:      min_samples_leaf: 6
[2018-05-08 17:16:59,776] INFO:      min_samples_split: 10
[2018-05-08 17:16:59,776] INFO:      n_estimators: 160
[2018-05-08 17:16:59,776] INFO:      n_jobs: 8
[2018-05-08 17:16:59,776] INFO:      random_state: 42
[2018-05-08 17:16:59,776] INFO:      verbose: 0
[2018-05-08 17:16:59,776] INFO: Result
[2018-05-08 17:16:59,776] INFO:      Run     AUC     Shape
[2018-05-08 17:17:41,446] INFO:        1     0.775348     44601 x 390
[2018-05-08 17:18:21,843] INFO:        2     0.791053     44601 x 390
[2018-05-08 17:19:01,829] INFO:        3     0.781033     44602 x 390
[2018-05-08 17:19:02,061] INFO: AUC
[2018-05-08 17:19:02,061] INFO:      cv_mean: 0.782478
[2018-05-08 17:19:02,061] INFO:      cv_test: 0.790066
[2018-05-08 17:19:02,061] INFO: Time
[2018-05-08 17:19:02,061] INFO:      2 mins
[2018-05-08 17:19:02,061] INFO: --------------------------------------------------
[2018-05-08 17:20:14,016] INFO: tpe_transform took 0.001868 seconds
[2018-05-08 17:20:14,016] INFO: TPE using 2/2 trials with best loss -0.789958
[2018-05-08 17:20:14,017] INFO: ==================================================
[2018-05-08 17:20:14,017] INFO: Task
[2018-05-08 17:20:14,017] INFO:      Learner@clf_skl_rf_Id@3
[2018-05-08 17:20:14,017] INFO: Param
[2018-05-08 17:20:14,017] INFO:      max_depth: 2
[2018-05-08 17:20:14,018] INFO:      max_features: 1.0
[2018-05-08 17:20:14,018] INFO:      min_samples_leaf: 14
[2018-05-08 17:20:14,018] INFO:      min_samples_split: 8
[2018-05-08 17:20:14,018] INFO:      n_estimators: 50
[2018-05-08 17:20:14,018] INFO:      n_jobs: 8
[2018-05-08 17:20:14,018] INFO:      random_state: 42
[2018-05-08 17:20:14,018] INFO:      verbose: 0
[2018-05-08 17:20:14,018] INFO: Result
[2018-05-08 17:20:14,018] INFO:      Run     AUC     Shape
[2018-05-08 17:20:19,103] INFO:        1      0.70035     44601 x 390
[2018-05-08 17:20:24,197] INFO:        2     0.719537     44601 x 390
[2018-05-08 17:20:29,268] INFO:        3     0.713258     44602 x 390
[2018-05-08 17:20:29,497] INFO: AUC
[2018-05-08 17:20:29,497] INFO:      cv_mean: 0.711048
[2018-05-08 17:20:29,497] INFO:      cv_test: 0.723432
[2018-05-08 17:20:29,497] INFO: Time
[2018-05-08 17:20:29,497] INFO:      15 secs
[2018-05-08 17:20:29,498] INFO: --------------------------------------------------
[2018-05-08 17:20:37,860] INFO: tpe_transform took 0.004723 seconds
[2018-05-08 17:20:37,861] INFO: TPE using 3/3 trials with best loss -0.789958
[2018-05-08 17:20:37,862] INFO: ==================================================
[2018-05-08 17:20:37,862] INFO: Task
[2018-05-08 17:20:37,862] INFO:      Learner@clf_skl_rf_Id@4
[2018-05-08 17:20:37,862] INFO: Param
[2018-05-08 17:20:37,862] INFO:      max_depth: 8
[2018-05-08 17:20:37,862] INFO:      max_features: 0.45
[2018-05-08 17:20:37,862] INFO:      min_samples_leaf: 5
[2018-05-08 17:20:37,862] INFO:      min_samples_split: 9
[2018-05-08 17:20:37,863] INFO:      n_estimators: 930
[2018-05-08 17:20:37,863] INFO:      n_jobs: 8
[2018-05-08 17:20:37,863] INFO:      random_state: 42
[2018-05-08 17:20:37,863] INFO:      verbose: 0
[2018-05-08 17:20:37,863] INFO: Result
[2018-05-08 17:20:37,863] INFO:      Run     AUC     Shape
[2018-05-08 17:22:55,164] INFO:        1     0.775223     44601 x 390
[2018-05-08 17:25:06,623] INFO:        2     0.791357     44601 x 390
[2018-05-08 17:27:22,209] INFO:        3      0.78179     44602 x 390
[2018-05-08 17:27:22,399] INFO: AUC
[2018-05-08 17:27:22,399] INFO:      cv_mean: 0.782790
[2018-05-08 17:27:22,399] INFO:      cv_test: 0.789705
[2018-05-08 17:27:22,399] INFO: Time
[2018-05-08 17:27:22,399] INFO:      6 mins
[2018-05-08 17:27:22,399] INFO: --------------------------------------------------
[2018-05-08 17:31:24,421] INFO: tpe_transform took 0.002855 seconds
[2018-05-08 17:31:24,422] INFO: TPE using 4/4 trials with best loss -0.789958
[2018-05-08 17:31:24,424] INFO: ==================================================
[2018-05-08 17:31:24,425] INFO: Task
[2018-05-08 17:31:24,425] INFO:      Learner@clf_skl_rf_Id@5
[2018-05-08 17:31:24,425] INFO: Param
[2018-05-08 17:31:24,425] INFO:      max_depth: 6
[2018-05-08 17:31:24,425] INFO:      max_features: 0.9500000000000001
[2018-05-08 17:31:24,425] INFO:      min_samples_leaf: 6
[2018-05-08 17:31:24,425] INFO:      min_samples_split: 7
[2018-05-08 17:31:24,425] INFO:      n_estimators: 500
[2018-05-08 17:31:24,425] INFO:      n_jobs: 8
[2018-05-08 17:31:24,425] INFO:      random_state: 42
[2018-05-08 17:31:24,425] INFO:      verbose: 0
[2018-05-08 17:31:24,426] INFO: Result
[2018-05-08 17:31:24,426] INFO:      Run     AUC     Shape
[2018-05-08 17:33:22,874] INFO:        1     0.771586     44601 x 390
[2018-05-08 17:35:20,516] INFO:        2     0.785749     44601 x 390
[2018-05-08 17:37:14,803] INFO:        3     0.776545     44602 x 390
[2018-05-08 17:37:15,019] INFO: AUC
[2018-05-08 17:37:15,019] INFO:      cv_mean: 0.777960
[2018-05-08 17:37:15,019] INFO:      cv_test: 0.785084
[2018-05-08 17:37:15,019] INFO: Time
[2018-05-08 17:37:15,020] INFO:      5 mins
[2018-05-08 17:37:15,020] INFO: --------------------------------------------------
[2018-05-08 17:40:41,871] INFO: tpe_transform took 0.002179 seconds
[2018-05-08 17:40:41,871] INFO: TPE using 5/5 trials with best loss -0.789958
[2018-05-08 17:40:41,873] INFO: ==================================================
[2018-05-08 17:40:41,873] INFO: Task
[2018-05-08 17:40:41,873] INFO:      Learner@clf_skl_rf_Id@6
[2018-05-08 17:40:41,873] INFO: Param
[2018-05-08 17:40:41,873] INFO:      max_depth: 6
[2018-05-08 17:40:41,873] INFO:      max_features: 0.4
[2018-05-08 17:40:41,873] INFO:      min_samples_leaf: 14
[2018-05-08 17:40:41,874] INFO:      min_samples_split: 7
[2018-05-08 17:40:41,874] INFO:      n_estimators: 470
[2018-05-08 17:40:41,874] INFO:      n_jobs: 8
[2018-05-08 17:40:41,874] INFO:      random_state: 42
[2018-05-08 17:40:41,874] INFO:      verbose: 0
[2018-05-08 17:40:41,874] INFO: Result
[2018-05-08 17:40:41,874] INFO:      Run     AUC     Shape
[2018-05-08 17:41:31,187] INFO:        1     0.772352     44601 x 390
[2018-05-08 17:42:19,161] INFO:        2     0.787824     44601 x 390
[2018-05-08 17:43:06,408] INFO:        3     0.778438     44602 x 390
[2018-05-08 17:43:06,623] INFO: AUC
[2018-05-08 17:43:06,623] INFO:      cv_mean: 0.779538
[2018-05-08 17:43:06,623] INFO:      cv_test: 0.786346
[2018-05-08 17:43:06,623] INFO: Time
[2018-05-08 17:43:06,623] INFO:      2 mins
[2018-05-08 17:43:06,623] INFO: --------------------------------------------------
[2018-05-08 17:44:30,433] INFO: tpe_transform took 0.002077 seconds
[2018-05-08 17:44:30,433] INFO: TPE using 6/6 trials with best loss -0.789958
[2018-05-08 17:44:30,434] INFO: ==================================================
[2018-05-08 17:44:30,435] INFO: Task
[2018-05-08 17:44:30,435] INFO:      Learner@clf_skl_rf_Id@7
[2018-05-08 17:44:30,435] INFO: Param
[2018-05-08 17:44:30,435] INFO:      max_depth: 8
[2018-05-08 17:44:30,435] INFO:      max_features: 0.6000000000000001
[2018-05-08 17:44:30,435] INFO:      min_samples_leaf: 5
[2018-05-08 17:44:30,435] INFO:      min_samples_split: 12
[2018-05-08 17:44:30,435] INFO:      n_estimators: 450
[2018-05-08 17:44:30,435] INFO:      n_jobs: 8
[2018-05-08 17:44:30,435] INFO:      random_state: 42
[2018-05-08 17:44:30,435] INFO:      verbose: 0
[2018-05-08 17:44:30,435] INFO: Result
[2018-05-08 17:44:30,435] INFO:      Run     AUC     Shape
[2018-05-08 17:45:59,640] INFO:        1     0.774538     44601 x 390
[2018-05-08 17:47:27,208] INFO:        2     0.790618     44601 x 390
[2018-05-08 17:48:52,685] INFO:        3     0.781104     44602 x 390
[2018-05-08 17:48:52,893] INFO: AUC
[2018-05-08 17:48:52,893] INFO:      cv_mean: 0.782087
[2018-05-08 17:48:52,893] INFO:      cv_test: 0.789142
[2018-05-08 17:48:52,894] INFO: Time
[2018-05-08 17:48:52,894] INFO:      4 mins
[2018-05-08 17:48:52,894] INFO: --------------------------------------------------
[2018-05-08 17:51:26,945] INFO: tpe_transform took 0.002153 seconds
[2018-05-08 17:51:26,945] INFO: TPE using 7/7 trials with best loss -0.789958
[2018-05-08 17:51:26,948] INFO: ==================================================
[2018-05-08 17:51:26,948] INFO: Task
[2018-05-08 17:51:26,948] INFO:      Learner@clf_skl_rf_Id@8
[2018-05-08 17:51:26,948] INFO: Param
[2018-05-08 17:51:26,948] INFO:      max_depth: 3
[2018-05-08 17:51:26,948] INFO:      max_features: 0.8500000000000001
[2018-05-08 17:51:26,948] INFO:      min_samples_leaf: 8
[2018-05-08 17:51:26,949] INFO:      min_samples_split: 8
[2018-05-08 17:51:26,949] INFO:      n_estimators: 740
[2018-05-08 17:51:26,949] INFO:      n_jobs: 8
[2018-05-08 17:51:26,949] INFO:      random_state: 42
[2018-05-08 17:51:26,949] INFO:      verbose: 0
[2018-05-08 17:51:26,949] INFO: Result
[2018-05-08 17:51:26,949] INFO:      Run     AUC     Shape
[2018-05-08 17:52:49,747] INFO:        1     0.752638     44601 x 390
[2018-05-08 17:54:10,516] INFO:        2     0.770645     44601 x 390
[2018-05-08 17:55:32,834] INFO:        3     0.762418     44602 x 390
[2018-05-08 17:55:33,030] INFO: AUC
[2018-05-08 17:55:33,030] INFO:      cv_mean: 0.761900
[2018-05-08 17:55:33,030] INFO:      cv_test: 0.771916
[2018-05-08 17:55:33,030] INFO: Time
[2018-05-08 17:55:33,030] INFO:      4 mins
[2018-05-08 17:55:33,030] INFO: --------------------------------------------------
[2018-05-08 17:58:00,190] INFO: tpe_transform took 0.002785 seconds
[2018-05-08 17:58:00,190] INFO: TPE using 8/8 trials with best loss -0.789958
[2018-05-08 17:58:00,192] INFO: ==================================================
[2018-05-08 17:58:00,192] INFO: Task
[2018-05-08 17:58:00,192] INFO:      Learner@clf_skl_rf_Id@9
[2018-05-08 17:58:00,192] INFO: Param
[2018-05-08 17:58:00,192] INFO:      max_depth: 8
[2018-05-08 17:58:00,193] INFO:      max_features: 0.7000000000000001
[2018-05-08 17:58:00,193] INFO:      min_samples_leaf: 9
[2018-05-08 17:58:00,193] INFO:      min_samples_split: 10
[2018-05-08 17:58:00,193] INFO:      n_estimators: 820
[2018-05-08 17:58:00,193] INFO:      n_jobs: 8
[2018-05-08 17:58:00,193] INFO:      random_state: 42
[2018-05-08 17:58:00,193] INFO:      verbose: 0
[2018-05-08 17:58:00,193] INFO: Result
[2018-05-08 17:58:00,193] INFO:      Run     AUC     Shape
[2018-05-08 18:00:59,570] INFO:        1     0.775215     44601 x 390
[2018-05-08 18:04:06,923] INFO:        2     0.791004     44601 x 390
[2018-05-08 18:07:13,331] INFO:        3     0.781111     44602 x 390
[2018-05-08 18:07:13,548] INFO: AUC
[2018-05-08 18:07:13,548] INFO:      cv_mean: 0.782443
[2018-05-08 18:07:13,548] INFO:      cv_test: 0.789452
[2018-05-08 18:07:13,548] INFO: Time
[2018-05-08 18:07:13,549] INFO:      9 mins
[2018-05-08 18:07:13,549] INFO: --------------------------------------------------
[2018-05-08 18:13:05,545] INFO: Hyperopt_Time
[2018-05-08 18:13:05,545] INFO:      66 mins
[2018-05-08 18:13:05,545] INFO: --------------------------------------------------
[2018-05-08 18:13:05,564] INFO: tpe_transform took 0.004585 seconds
[2018-05-08 18:13:05,564] INFO: TPE using 0 trials
[2018-05-08 18:13:05,567] INFO: ==================================================
[2018-05-08 18:13:05,568] INFO: Task
[2018-05-08 18:13:05,568] INFO:      Learner@clf_lgb_tree_Id@10
[2018-05-08 18:13:05,568] INFO: Param
[2018-05-08 18:13:05,568] INFO:      boosting_type: gbdt
[2018-05-08 18:13:05,568] INFO:      colsample_bytree: 0.5
[2018-05-08 18:13:05,568] INFO:      learning_rate: 0.008
[2018-05-08 18:13:05,569] INFO:      max_depth: 4
[2018-05-08 18:13:05,569] INFO:      metric: auc
[2018-05-08 18:13:05,569] INFO:      min_data_in_leaf: 193
[2018-05-08 18:13:05,569] INFO:      min_sum_hessian_in_leaf: 0.0010101312075907246
[2018-05-08 18:13:05,569] INFO:      n_estimators: 660
[2018-05-08 18:13:05,569] INFO:      n_jobs: 8
[2018-05-08 18:13:05,569] INFO:      num_leaves: 799
[2018-05-08 18:13:05,569] INFO:      objective: binary
[2018-05-08 18:13:05,569] INFO:      random_state: 42
[2018-05-08 18:13:05,570] INFO:      reg_alpha: 4.830194268108314e-06
[2018-05-08 18:13:05,570] INFO:      reg_lambda: 0.0020661426949623233
[2018-05-08 18:13:05,570] INFO:      subsample: 1.0
[2018-05-08 18:13:05,570] INFO:      verbose: -1
[2018-05-08 18:13:05,570] INFO: Result
[2018-05-08 18:13:05,570] INFO:      Run     AUC     Shape
[2018-05-08 18:13:14,691] INFO:        1     0.780697     44601 x 390
[2018-05-08 18:13:23,622] INFO:        2      0.79702     44601 x 390
[2018-05-08 18:13:32,282] INFO:        3      0.78733     44602 x 390
[2018-05-08 18:13:32,511] INFO: AUC
[2018-05-08 18:13:32,511] INFO:      cv_mean: 0.788349
[2018-05-08 18:13:32,512] INFO:      cv_test: 0.792739
[2018-05-08 18:13:32,512] INFO: Time
[2018-05-08 18:13:32,512] INFO:      26 secs
[2018-05-08 18:13:32,512] INFO: --------------------------------------------------
[2018-05-08 18:13:45,063] INFO: tpe_transform took 0.089505 seconds
[2018-05-08 18:13:45,064] INFO: TPE using 1/1 trials with best loss -0.792327
[2018-05-08 18:13:45,068] INFO: ==================================================
[2018-05-08 18:13:45,069] INFO: Task
[2018-05-08 18:13:45,069] INFO:      Learner@clf_lgb_tree_Id@11
[2018-05-08 18:13:45,069] INFO: Param
[2018-05-08 18:13:45,069] INFO:      boosting_type: gbdt
[2018-05-08 18:13:45,069] INFO:      colsample_bytree: 0.45
[2018-05-08 18:13:45,069] INFO:      learning_rate: 0.008
[2018-05-08 18:13:45,070] INFO:      max_depth: 8
[2018-05-08 18:13:45,070] INFO:      metric: auc
[2018-05-08 18:13:45,070] INFO:      min_data_in_leaf: 21
[2018-05-08 18:13:45,070] INFO:      min_sum_hessian_in_leaf: 0.0002400073822489914
[2018-05-08 18:13:45,070] INFO:      n_estimators: 160
[2018-05-08 18:13:45,070] INFO:      n_jobs: 8
[2018-05-08 18:13:45,070] INFO:      num_leaves: 683
[2018-05-08 18:13:45,071] INFO:      objective: binary
[2018-05-08 18:13:45,071] INFO:      random_state: 42
[2018-05-08 18:13:45,071] INFO:      reg_alpha: 0.00132266147435914
[2018-05-08 18:13:45,071] INFO:      reg_lambda: 0.0006064867496132141
[2018-05-08 18:13:45,071] INFO:      subsample: 0.25
[2018-05-08 18:13:45,071] INFO:      verbose: -1
[2018-05-08 18:13:45,071] INFO: Result
[2018-05-08 18:13:45,071] INFO:      Run     AUC     Shape
[2018-05-08 18:13:51,232] INFO:        1     0.780866     44601 x 390
[2018-05-08 18:13:57,606] INFO:        2     0.794815     44601 x 390
[2018-05-08 18:14:04,076] INFO:        3      0.78737     44602 x 390
[2018-05-08 18:14:04,281] INFO: AUC
[2018-05-08 18:14:04,281] INFO:      cv_mean: 0.787683
[2018-05-08 18:14:04,282] INFO:      cv_test: 0.793413
[2018-05-08 18:14:04,282] INFO: Time
[2018-05-08 18:14:04,282] INFO:      19 secs
[2018-05-08 18:14:04,282] INFO: --------------------------------------------------
[2018-05-08 18:14:13,599] INFO: tpe_transform took 0.089257 seconds
[2018-05-08 18:14:13,599] INFO: TPE using 2/2 trials with best loss -0.793591
[2018-05-08 18:14:13,602] INFO: ==================================================
[2018-05-08 18:14:13,602] INFO: Task
[2018-05-08 18:14:13,602] INFO:      Learner@clf_lgb_tree_Id@12
[2018-05-08 18:14:13,602] INFO: Param
[2018-05-08 18:14:13,603] INFO:      boosting_type: dart
[2018-05-08 18:14:13,603] INFO:      colsample_bytree: 0.2
[2018-05-08 18:14:13,603] INFO:      learning_rate: 0.002
[2018-05-08 18:14:13,603] INFO:      max_depth: 7
[2018-05-08 18:14:13,603] INFO:      metric: auc
[2018-05-08 18:14:13,603] INFO:      min_data_in_leaf: 129
[2018-05-08 18:14:13,603] INFO:      min_sum_hessian_in_leaf: 2.606234363899544e-05
[2018-05-08 18:14:13,603] INFO:      n_estimators: 490
[2018-05-08 18:14:13,603] INFO:      n_jobs: 8
[2018-05-08 18:14:13,604] INFO:      num_leaves: 465
[2018-05-08 18:14:13,604] INFO:      objective: binary
[2018-05-08 18:14:13,604] INFO:      random_state: 42
[2018-05-08 18:14:13,604] INFO:      reg_alpha: 0.0014126151064246836
[2018-05-08 18:14:13,604] INFO:      reg_lambda: 0.011439753713350447
[2018-05-08 18:14:13,604] INFO:      subsample: 0.35000000000000003
[2018-05-08 18:14:13,604] INFO:      verbose: -1
[2018-05-08 18:14:13,604] INFO: Result
[2018-05-08 18:14:13,604] INFO:      Run     AUC     Shape
[2018-05-08 18:14:37,736] INFO:        1     0.772016     44601 x 390
[2018-05-08 18:15:01,154] INFO:        2     0.784429     44601 x 390
[2018-05-08 18:15:24,530] INFO:        3     0.779441     44602 x 390
[2018-05-08 18:15:24,740] INFO: AUC
[2018-05-08 18:15:24,740] INFO:      cv_mean: 0.778629
[2018-05-08 18:15:24,740] INFO:      cv_test: 0.786226
[2018-05-08 18:15:24,741] INFO: Time
[2018-05-08 18:15:24,741] INFO:      1 mins
[2018-05-08 18:15:24,741] INFO: --------------------------------------------------
[2018-05-08 18:15:58,969] INFO: tpe_transform took 0.092243 seconds
[2018-05-08 18:15:58,971] INFO: TPE using 3/3 trials with best loss -0.793591
[2018-05-08 18:15:58,975] INFO: ==================================================
[2018-05-08 18:15:58,975] INFO: Task
[2018-05-08 18:15:58,975] INFO:      Learner@clf_lgb_tree_Id@13
[2018-05-08 18:15:58,975] INFO: Param
[2018-05-08 18:15:58,975] INFO:      boosting_type: dart
[2018-05-08 18:15:58,976] INFO:      colsample_bytree: 0.8500000000000001
[2018-05-08 18:15:58,976] INFO:      learning_rate: 0.006
[2018-05-08 18:15:58,976] INFO:      max_depth: 4
[2018-05-08 18:15:58,976] INFO:      metric: auc
[2018-05-08 18:15:58,976] INFO:      min_data_in_leaf: 253
[2018-05-08 18:15:58,976] INFO:      min_sum_hessian_in_leaf: 0.000988389977648104
[2018-05-08 18:15:58,976] INFO:      n_estimators: 590
[2018-05-08 18:15:58,977] INFO:      n_jobs: 8
[2018-05-08 18:15:58,977] INFO:      num_leaves: 884
[2018-05-08 18:15:58,977] INFO:      objective: binary
[2018-05-08 18:15:58,977] INFO:      random_state: 42
[2018-05-08 18:15:58,977] INFO:      reg_alpha: 1.7559299251340287e-05
[2018-05-08 18:15:58,977] INFO:      reg_lambda: 1.6330009742235937e-07
[2018-05-08 18:15:58,977] INFO:      subsample: 0.8500000000000001
[2018-05-08 18:15:58,978] INFO:      verbose: -1
[2018-05-08 18:15:58,978] INFO: Result
[2018-05-08 18:15:58,978] INFO:      Run     AUC     Shape
[2018-05-08 18:16:19,971] INFO:        1     0.764082     44601 x 390
[2018-05-08 18:16:41,330] INFO:        2     0.780791     44601 x 390
[2018-05-08 18:17:02,027] INFO:        3     0.771904     44602 x 390
[2018-05-08 18:17:02,228] INFO: AUC
[2018-05-08 18:17:02,229] INFO:      cv_mean: 0.772259
[2018-05-08 18:17:02,229] INFO:      cv_test: 0.781128
[2018-05-08 18:17:02,229] INFO: Time
[2018-05-08 18:17:02,229] INFO:      1 mins
[2018-05-08 18:17:02,229] INFO: --------------------------------------------------
[2018-05-08 18:17:31,695] INFO: tpe_transform took 0.088929 seconds
[2018-05-08 18:17:31,696] INFO: TPE using 4/4 trials with best loss -0.793591
[2018-05-08 18:17:31,700] INFO: ==================================================
[2018-05-08 18:17:31,700] INFO: Task
[2018-05-08 18:17:31,700] INFO:      Learner@clf_lgb_tree_Id@14
[2018-05-08 18:17:31,701] INFO: Param
[2018-05-08 18:17:31,701] INFO:      boosting_type: gbdt
[2018-05-08 18:17:31,701] INFO:      colsample_bytree: 0.9500000000000001
[2018-05-08 18:17:31,701] INFO:      learning_rate: 0.036000000000000004
[2018-05-08 18:17:31,701] INFO:      max_depth: 7
[2018-05-08 18:17:31,701] INFO:      metric: auc
[2018-05-08 18:17:31,701] INFO:      min_data_in_leaf: 4
[2018-05-08 18:17:31,702] INFO:      min_sum_hessian_in_leaf: 142.4470697001506
[2018-05-08 18:17:31,702] INFO:      n_estimators: 830
[2018-05-08 18:17:31,702] INFO:      n_jobs: 8
[2018-05-08 18:17:31,702] INFO:      num_leaves: 704
[2018-05-08 18:17:31,702] INFO:      objective: binary
[2018-05-08 18:17:31,702] INFO:      random_state: 42
[2018-05-08 18:17:31,702] INFO:      reg_alpha: 7.22382327620257
[2018-05-08 18:17:31,702] INFO:      reg_lambda: 1.9431973280052583e-07
[2018-05-08 18:17:31,703] INFO:      subsample: 0.8
[2018-05-08 18:17:31,703] INFO:      verbose: -1
[2018-05-08 18:17:31,703] INFO: Result
[2018-05-08 18:17:31,703] INFO:      Run     AUC     Shape
[2018-05-08 18:17:44,865] INFO:        1      0.78208     44601 x 390
[2018-05-08 18:17:57,075] INFO:        2     0.802125     44601 x 390
[2018-05-08 18:18:08,121] INFO:        3     0.791403     44602 x 390
[2018-05-08 18:18:08,346] INFO: AUC
[2018-05-08 18:18:08,346] INFO:      cv_mean: 0.791869
[2018-05-08 18:18:08,346] INFO:      cv_test: 0.797986
[2018-05-08 18:18:08,346] INFO: Time
[2018-05-08 18:18:08,347] INFO:      36 secs
[2018-05-08 18:18:08,347] INFO: --------------------------------------------------
[2018-05-08 18:18:25,606] INFO: tpe_transform took 0.088685 seconds
[2018-05-08 18:18:25,606] INFO: TPE using 5/5 trials with best loss -0.797614
[2018-05-08 18:18:25,611] INFO: ==================================================
[2018-05-08 18:18:25,611] INFO: Task
[2018-05-08 18:18:25,612] INFO:      Learner@clf_lgb_tree_Id@15
[2018-05-08 18:18:25,612] INFO: Param
[2018-05-08 18:18:25,612] INFO:      boosting_type: dart
[2018-05-08 18:18:25,612] INFO:      colsample_bytree: 0.1
[2018-05-08 18:18:25,612] INFO:      learning_rate: 0.004
[2018-05-08 18:18:25,612] INFO:      max_depth: 5
[2018-05-08 18:18:25,612] INFO:      metric: auc
[2018-05-08 18:18:25,613] INFO:      min_data_in_leaf: 357
[2018-05-08 18:18:25,613] INFO:      min_sum_hessian_in_leaf: 0.022490856672708538
[2018-05-08 18:18:25,613] INFO:      n_estimators: 400
[2018-05-08 18:18:25,613] INFO:      n_jobs: 8
[2018-05-08 18:18:25,613] INFO:      num_leaves: 404
[2018-05-08 18:18:25,613] INFO:      objective: binary
[2018-05-08 18:18:25,613] INFO:      random_state: 42
[2018-05-08 18:18:25,614] INFO:      reg_alpha: 9.08395072818746
[2018-05-08 18:18:25,614] INFO:      reg_lambda: 4.4518054741315184e-06
[2018-05-08 18:18:25,614] INFO:      subsample: 0.15000000000000002
[2018-05-08 18:18:25,614] INFO:      verbose: -1
[2018-05-08 18:18:25,614] INFO: Result
[2018-05-08 18:18:25,614] INFO:      Run     AUC     Shape
[2018-05-08 18:18:29,369] INFO:        1     0.743585     44601 x 390
[2018-05-08 18:18:33,352] INFO:        2     0.528039     44601 x 390
[2018-05-08 18:18:37,092] INFO:        3     0.734376     44602 x 390
[2018-05-08 18:18:37,293] INFO: AUC
[2018-05-08 18:18:37,294] INFO:      cv_mean: 0.668666
[2018-05-08 18:18:37,294] INFO:      cv_test: 0.732179
[2018-05-08 18:18:37,294] INFO: Time
[2018-05-08 18:18:37,294] INFO:      11 secs
[2018-05-08 18:18:37,294] INFO: --------------------------------------------------
[2018-05-08 18:18:43,928] INFO: tpe_transform took 0.087289 seconds
[2018-05-08 18:18:43,929] INFO: TPE using 6/6 trials with best loss -0.797614
[2018-05-08 18:18:43,932] INFO: ==================================================
[2018-05-08 18:18:43,933] INFO: Task
[2018-05-08 18:18:43,933] INFO:      Learner@clf_lgb_tree_Id@16
[2018-05-08 18:18:43,933] INFO: Param
[2018-05-08 18:18:43,933] INFO:      boosting_type: gbdt
[2018-05-08 18:18:43,933] INFO:      colsample_bytree: 0.55
[2018-05-08 18:18:43,933] INFO:      learning_rate: 0.004
[2018-05-08 18:18:43,934] INFO:      max_depth: 7
[2018-05-08 18:18:43,934] INFO:      metric: auc
[2018-05-08 18:18:43,934] INFO:      min_data_in_leaf: 30
[2018-05-08 18:18:43,934] INFO:      min_sum_hessian_in_leaf: 139.421026274908
[2018-05-08 18:18:43,934] INFO:      n_estimators: 630
[2018-05-08 18:18:43,934] INFO:      n_jobs: 8
[2018-05-08 18:18:43,934] INFO:      num_leaves: 380
[2018-05-08 18:18:43,935] INFO:      objective: binary
[2018-05-08 18:18:43,935] INFO:      random_state: 42
[2018-05-08 18:18:43,935] INFO:      reg_alpha: 0.0009754421788235795
[2018-05-08 18:18:43,935] INFO:      reg_lambda: 6.689081500777928e-06
[2018-05-08 18:18:43,935] INFO:      subsample: 0.6000000000000001
[2018-05-08 18:18:43,935] INFO:      verbose: -1
[2018-05-08 18:18:43,935] INFO: Result
[2018-05-08 18:18:43,936] INFO:      Run     AUC     Shape
[2018-05-08 18:18:53,576] INFO:        1     0.776453     44601 x 390
[2018-05-08 18:19:02,582] INFO:        2     0.792451     44601 x 390
[2018-05-08 18:19:11,961] INFO:        3     0.783828     44602 x 390
[2018-05-08 18:19:12,181] INFO: AUC
[2018-05-08 18:19:12,181] INFO:      cv_mean: 0.784244
[2018-05-08 18:19:12,181] INFO:      cv_test: 0.789384
[2018-05-08 18:19:12,182] INFO: Time
[2018-05-08 18:19:12,182] INFO:      28 secs
[2018-05-08 18:19:12,182] INFO: --------------------------------------------------
[2018-05-08 18:19:26,520] INFO: tpe_transform took 0.081775 seconds
[2018-05-08 18:19:26,520] INFO: TPE using 7/7 trials with best loss -0.797614
[2018-05-08 18:19:26,523] INFO: ==================================================
[2018-05-08 18:19:26,523] INFO: Task
[2018-05-08 18:19:26,523] INFO:      Learner@clf_lgb_tree_Id@17
[2018-05-08 18:19:26,523] INFO: Param
[2018-05-08 18:19:26,524] INFO:      boosting_type: dart
[2018-05-08 18:19:26,524] INFO:      colsample_bytree: 1.0
[2018-05-08 18:19:26,524] INFO:      learning_rate: 0.008
[2018-05-08 18:19:26,524] INFO:      max_depth: 9
[2018-05-08 18:19:26,524] INFO:      metric: auc
[2018-05-08 18:19:26,524] INFO:      min_data_in_leaf: 2
[2018-05-08 18:19:26,524] INFO:      min_sum_hessian_in_leaf: 7.988328566462265
[2018-05-08 18:19:26,524] INFO:      n_estimators: 370
[2018-05-08 18:19:26,524] INFO:      n_jobs: 8
[2018-05-08 18:19:26,525] INFO:      num_leaves: 451
[2018-05-08 18:19:26,525] INFO:      objective: binary
[2018-05-08 18:19:26,525] INFO:      random_state: 42
[2018-05-08 18:19:26,525] INFO:      reg_alpha: 0.3177274181435699
[2018-05-08 18:19:26,525] INFO:      reg_lambda: 5.324718460857672e-09
[2018-05-08 18:19:26,525] INFO:      subsample: 0.6000000000000001
[2018-05-08 18:19:26,525] INFO:      verbose: -1
[2018-05-08 18:19:26,525] INFO: Result
[2018-05-08 18:19:26,525] INFO:      Run     AUC     Shape
[2018-05-08 18:19:50,206] INFO:        1     0.778557     44601 x 390
[2018-05-08 18:20:14,005] INFO:        2     0.792518     44601 x 390
[2018-05-08 18:20:40,209] INFO:        3     0.784678     44602 x 390
[2018-05-08 18:20:40,429] INFO: AUC
[2018-05-08 18:20:40,429] INFO:      cv_mean: 0.785251
[2018-05-08 18:20:40,429] INFO:      cv_test: 0.792281
[2018-05-08 18:20:40,429] INFO: Time
[2018-05-08 18:20:40,429] INFO:      1 mins
[2018-05-08 18:20:40,430] INFO: --------------------------------------------------
[2018-05-08 18:21:17,856] INFO: tpe_transform took 0.088747 seconds
[2018-05-08 18:21:17,857] INFO: TPE using 8/8 trials with best loss -0.797614
[2018-05-08 18:21:17,860] INFO: ==================================================
[2018-05-08 18:21:17,861] INFO: Task
[2018-05-08 18:21:17,861] INFO:      Learner@clf_lgb_tree_Id@18
[2018-05-08 18:21:17,861] INFO: Param
[2018-05-08 18:21:17,861] INFO:      boosting_type: dart
[2018-05-08 18:21:17,861] INFO:      colsample_bytree: 0.75
[2018-05-08 18:21:17,861] INFO:      learning_rate: 0.014
[2018-05-08 18:21:17,861] INFO:      max_depth: 9
[2018-05-08 18:21:17,862] INFO:      metric: auc
[2018-05-08 18:21:17,862] INFO:      min_data_in_leaf: 5
[2018-05-08 18:21:17,862] INFO:      min_sum_hessian_in_leaf: 0.03405490068381239
[2018-05-08 18:21:17,862] INFO:      n_estimators: 770
[2018-05-08 18:21:17,862] INFO:      n_jobs: 8
[2018-05-08 18:21:17,862] INFO:      num_leaves: 366
[2018-05-08 18:21:17,862] INFO:      objective: binary
[2018-05-08 18:21:17,862] INFO:      random_state: 42
[2018-05-08 18:21:17,863] INFO:      reg_alpha: 4.570962501494934e-06
[2018-05-08 18:21:17,863] INFO:      reg_lambda: 1.3936942855149153
[2018-05-08 18:21:17,863] INFO:      subsample: 0.45
[2018-05-08 18:21:17,863] INFO:      verbose: -1
[2018-05-08 18:21:17,863] INFO: Result
[2018-05-08 18:21:17,863] INFO:      Run     AUC     Shape
[2018-05-08 18:22:21,722] INFO:        1     0.782975     44601 x 390
[2018-05-08 18:23:28,965] INFO:        2     0.797674     44601 x 390
[2018-05-08 18:24:29,663] INFO:        3     0.789626     44602 x 390
[2018-05-08 18:24:29,876] INFO: AUC
[2018-05-08 18:24:29,877] INFO:      cv_mean: 0.790092
[2018-05-08 18:24:29,877] INFO:      cv_test: 0.795196
[2018-05-08 18:24:29,877] INFO: Time
[2018-05-08 18:24:29,877] INFO:      3 mins
[2018-05-08 18:24:29,877] INFO: --------------------------------------------------
[2018-05-08 18:26:00,368] INFO: Hyperopt_Time
[2018-05-08 18:26:00,368] INFO:      12 mins
[2018-05-08 18:26:00,368] INFO: --------------------------------------------------
[2018-05-08 18:26:00,442] INFO: tpe_transform took 0.003786 seconds
[2018-05-08 18:26:00,442] INFO: TPE using 0 trials
[2018-05-08 18:26:00,447] INFO: ==================================================
[2018-05-08 18:26:00,448] INFO: Task
[2018-05-08 18:26:00,448] INFO:      Learner@clf_cbst_tree_Id@19
[2018-05-08 18:26:00,448] INFO: Param
[2018-05-08 18:26:00,448] INFO:      bagging_temperature: 0.9618545689417005
[2018-05-08 18:26:00,449] INFO:      border_count: 128
[2018-05-08 18:26:00,449] INFO:      depth: 9.0
[2018-05-08 18:26:00,449] INFO:      l2_leaf_reg: 1.6672769442099276
[2018-05-08 18:26:00,449] INFO:      learning_rate: 0.14699350066694192
[2018-05-08 18:26:00,450] INFO:      one_hot_max_size: 0
[2018-05-08 18:26:00,450] INFO:      random_state: 42
[2018-05-08 18:26:00,450] INFO:      random_strength: 1
[2018-05-08 18:26:00,451] INFO:      simple_ctr: ('Borders', 'BinarizedTargetMeanValue', 'Counter')
[2018-05-08 18:26:00,451] INFO:      thread_count: 8
[2018-05-08 18:26:00,451] INFO:      used_ram_limit: 100000000000
[2018-05-08 18:26:00,452] INFO:      verbose: False
[2018-05-08 18:26:00,452] INFO: Result
[2018-05-08 18:26:00,452] INFO:      Run     AUC     Shape
[2018-05-08 18:29:53,366] INFO:        1     0.759176     44601 x 390
[2018-05-08 18:33:36,551] INFO:        2     0.779478     44601 x 390
[2018-05-08 18:37:02,824] INFO:        3     0.775382     44602 x 390
[2018-05-08 18:37:03,045] INFO: AUC
[2018-05-08 18:37:03,046] INFO:      cv_mean: 0.771345
[2018-05-08 18:37:03,046] INFO:      cv_test: 0.789795
[2018-05-08 18:37:03,046] INFO: Time
[2018-05-08 18:37:03,046] INFO:      11 mins
[2018-05-08 18:37:03,046] INFO: --------------------------------------------------
[2018-05-08 18:39:49,799] INFO: tpe_transform took 0.117540 seconds
[2018-05-08 18:39:49,799] INFO: TPE using 1/1 trials with best loss -0.741096
[2018-05-08 18:39:49,806] INFO: ==================================================
[2018-05-08 18:39:49,806] INFO: Task
[2018-05-08 18:39:49,806] INFO:      Learner@clf_cbst_tree_Id@20
[2018-05-08 18:39:49,806] INFO: Param
[2018-05-08 18:39:49,806] INFO:      bagging_temperature: 0.6715576594567929
[2018-05-08 18:39:49,806] INFO:      border_count: 128
[2018-05-08 18:39:49,807] INFO:      depth: 8.0
[2018-05-08 18:39:49,807] INFO:      l2_leaf_reg: 6.37580343357772
[2018-05-08 18:39:49,807] INFO:      learning_rate: 0.4639513794989962
[2018-05-08 18:39:49,807] INFO:      one_hot_max_size: 25
[2018-05-08 18:39:49,807] INFO:      random_state: 42
[2018-05-08 18:39:49,807] INFO:      random_strength: 1
[2018-05-08 18:39:49,808] INFO:      simple_ctr: ('Borders', 'BinarizedTargetMeanValue', 'Counter')
[2018-05-08 18:39:49,808] INFO:      thread_count: 8
[2018-05-08 18:39:49,808] INFO:      used_ram_limit: 100000000000
[2018-05-08 18:39:49,808] INFO:      verbose: False
[2018-05-08 18:39:49,808] INFO: Result
[2018-05-08 18:39:49,808] INFO:      Run     AUC     Shape
[2018-05-08 18:42:58,533] INFO:        1     0.706549     44601 x 390
[2018-05-08 18:46:17,809] INFO:        2     0.724923     44601 x 390
[2018-05-08 18:49:27,371] INFO:        3     0.727034     44602 x 390
[2018-05-08 18:49:27,595] INFO: AUC
[2018-05-08 18:49:27,595] INFO:      cv_mean: 0.719502
[2018-05-08 18:49:27,595] INFO:      cv_test: 0.760393
[2018-05-08 18:49:27,596] INFO: Time
[2018-05-08 18:49:27,596] INFO:      9 mins
[2018-05-08 18:49:27,596] INFO: --------------------------------------------------
[2018-05-08 18:51:58,407] INFO: tpe_transform took 0.004838 seconds
[2018-05-08 18:51:58,407] INFO: TPE using 2/2 trials with best loss -0.741096
[2018-05-08 18:51:58,411] INFO: ==================================================
[2018-05-08 18:51:58,412] INFO: Task
[2018-05-08 18:51:58,412] INFO:      Learner@clf_cbst_tree_Id@21
[2018-05-08 18:51:58,412] INFO: Param
[2018-05-08 18:51:58,412] INFO:      bagging_temperature: 0.5064945030432708
[2018-05-08 18:51:58,413] INFO:      border_count: 128
[2018-05-08 18:51:58,413] INFO:      depth: 9.0
[2018-05-08 18:51:58,413] INFO:      l2_leaf_reg: 1.125547282152223
[2018-05-08 18:51:58,413] INFO:      learning_rate: 0.37990015939712485
[2018-05-08 18:51:58,414] INFO:      one_hot_max_size: 0
[2018-05-08 18:51:58,414] INFO:      random_state: 42
[2018-05-08 18:51:58,414] INFO:      random_strength: 20
[2018-05-08 18:51:58,414] INFO:      simple_ctr: ('Borders', 'BinarizedTargetMeanValue', 'Counter')
[2018-05-08 18:51:58,415] INFO:      thread_count: 8
[2018-05-08 18:51:58,415] INFO:      used_ram_limit: 100000000000
[2018-05-08 18:51:58,415] INFO:      verbose: False
[2018-05-08 18:51:58,415] INFO: Result
[2018-05-08 18:51:58,415] INFO:      Run     AUC     Shape
[2018-05-08 18:55:53,443] INFO:        1      0.72437     44601 x 390
[2018-05-08 18:59:23,904] INFO:        2     0.741672     44601 x 390
[2018-05-08 19:02:47,661] INFO:        3     0.756077     44602 x 390
[2018-05-08 19:02:47,894] INFO: AUC
[2018-05-08 19:02:47,894] INFO:      cv_mean: 0.740706
[2018-05-08 19:02:47,895] INFO:      cv_test: 0.776443
[2018-05-08 19:02:47,895] INFO: Time
[2018-05-08 19:02:47,895] INFO:      10 mins
[2018-05-08 19:02:47,895] INFO: --------------------------------------------------
[2018-05-08 19:05:28,982] INFO: tpe_transform took 0.006572 seconds
[2018-05-08 19:05:28,982] INFO: TPE using 3/3 trials with best loss -0.741096
[2018-05-08 19:05:28,988] INFO: ==================================================
[2018-05-08 19:05:28,988] INFO: Task
[2018-05-08 19:05:28,988] INFO:      Learner@clf_cbst_tree_Id@22
[2018-05-08 19:05:28,989] INFO: Param
[2018-05-08 19:05:28,989] INFO:      bagging_temperature: 0.9659100113714678
[2018-05-08 19:05:28,989] INFO:      border_count: 128
[2018-05-08 19:05:28,989] INFO:      depth: 8.0
[2018-05-08 19:05:28,989] INFO:      l2_leaf_reg: 1.0680246926227899
[2018-05-08 19:05:28,989] INFO:      learning_rate: 0.059251631584897775
[2018-05-08 19:05:28,990] INFO:      one_hot_max_size: 25
[2018-05-08 19:05:28,990] INFO:      random_state: 42
[2018-05-08 19:05:28,990] INFO:      random_strength: 20
[2018-05-08 19:05:28,990] INFO:      simple_ctr: ('Borders', 'BinarizedTargetMeanValue', 'Counter')
[2018-05-08 19:05:28,991] INFO:      thread_count: 8
[2018-05-08 19:05:28,991] INFO:      used_ram_limit: 100000000000
[2018-05-08 19:05:28,991] INFO:      verbose: False
[2018-05-08 19:05:28,991] INFO: Result
[2018-05-08 19:05:28,992] INFO:      Run     AUC     Shape
[2018-05-08 19:08:32,346] INFO:        1     0.778603     44601 x 390
[2018-05-08 19:11:34,272] INFO:        2     0.797259     44601 x 390
[2018-05-08 19:14:36,901] INFO:        3     0.789297     44602 x 390
[2018-05-08 19:14:37,128] INFO: AUC
[2018-05-08 19:14:37,128] INFO:      cv_mean: 0.788387
[2018-05-08 19:14:37,128] INFO:      cv_test: 0.798926
[2018-05-08 19:14:37,129] INFO: Time
[2018-05-08 19:14:37,129] INFO:      9 mins
[2018-05-08 19:14:37,129] INFO: --------------------------------------------------
[2018-05-08 19:17:04,950] INFO: tpe_transform took 0.005693 seconds
[2018-05-08 19:17:04,951] INFO: TPE using 4/4 trials with best loss -0.787501
[2018-05-08 19:17:04,956] INFO: ==================================================
[2018-05-08 19:17:04,957] INFO: Task
[2018-05-08 19:17:04,957] INFO:      Learner@clf_cbst_tree_Id@23
[2018-05-08 19:17:04,957] INFO: Param
[2018-05-08 19:17:04,957] INFO:      bagging_temperature: 0.9459606107484787
[2018-05-08 19:17:04,958] INFO:      border_count: 128
[2018-05-08 19:17:04,958] INFO:      depth: 8.0
[2018-05-08 19:17:04,958] INFO:      l2_leaf_reg: 5.409737386097029
[2018-05-08 19:17:04,958] INFO:      learning_rate: 0.14398595510400838
[2018-05-08 19:17:04,958] INFO:      one_hot_max_size: 0
[2018-05-08 19:17:04,959] INFO:      random_state: 42
[2018-05-08 19:17:04,959] INFO:      random_strength: 20
[2018-05-08 19:17:04,959] INFO:      simple_ctr: ('Borders', 'BinarizedTargetMeanValue', 'Counter')
[2018-05-08 19:17:04,959] INFO:      thread_count: 8
[2018-05-08 19:17:04,959] INFO:      used_ram_limit: 100000000000
[2018-05-08 19:17:04,960] INFO:      verbose: False
[2018-05-08 19:17:04,960] INFO: Result
[2018-05-08 19:17:04,960] INFO:      Run     AUC     Shape
[2018-05-08 19:20:04,333] INFO:        1     0.762773     44601 x 390
[2018-05-08 19:23:06,104] INFO:        2     0.783629     44601 x 390
[2018-05-08 19:26:05,956] INFO:        3     0.776386     44602 x 390
[2018-05-08 19:26:06,185] INFO: AUC
[2018-05-08 19:26:06,185] INFO:      cv_mean: 0.774263
[2018-05-08 19:26:06,185] INFO:      cv_test: 0.791654
[2018-05-08 19:26:06,185] INFO: Time
[2018-05-08 19:26:06,186] INFO:      9 mins
[2018-05-08 19:26:06,186] INFO: --------------------------------------------------
[2018-05-08 19:28:31,456] INFO: tpe_transform took 0.004216 seconds
[2018-05-08 19:28:31,457] INFO: TPE using 5/5 trials with best loss -0.787501
[2018-05-08 19:28:31,460] INFO: ==================================================
[2018-05-08 19:28:31,460] INFO: Task
[2018-05-08 19:28:31,461] INFO:      Learner@clf_cbst_tree_Id@24
[2018-05-08 19:28:31,461] INFO: Param
[2018-05-08 19:28:31,461] INFO:      bagging_temperature: 0.853872487831584
[2018-05-08 19:28:31,461] INFO:      border_count: 128
[2018-05-08 19:28:31,461] INFO:      depth: 8.0
[2018-05-08 19:28:31,461] INFO:      l2_leaf_reg: 3.525987107437749
[2018-05-08 19:28:31,461] INFO:      learning_rate: 0.23813659822397104
[2018-05-08 19:28:31,462] INFO:      one_hot_max_size: 0
[2018-05-08 19:28:31,462] INFO:      random_state: 42
[2018-05-08 19:28:31,462] INFO:      random_strength: 1
[2018-05-08 19:28:31,462] INFO:      simple_ctr: ('Borders', 'BinarizedTargetMeanValue', 'Counter')
[2018-05-08 19:28:31,462] INFO:      thread_count: 8
[2018-05-08 19:28:31,462] INFO:      used_ram_limit: 100000000000
[2018-05-08 19:28:31,463] INFO:      verbose: False
[2018-05-08 19:28:31,463] INFO: Result
[2018-05-08 19:28:31,463] INFO:      Run     AUC     Shape
[2018-05-08 19:31:28,382] INFO:        1     0.742391     44601 x 390
[2018-05-08 19:34:27,647] INFO:        2     0.762896     44601 x 390
[2018-05-08 19:37:19,852] INFO:        3     0.766418     44602 x 390
[2018-05-08 19:37:20,038] INFO: AUC
[2018-05-08 19:37:20,038] INFO:      cv_mean: 0.757235
[2018-05-08 19:37:20,038] INFO:      cv_test: 0.784628
[2018-05-08 19:37:20,038] INFO: Time
[2018-05-08 19:37:20,038] INFO:      8 mins
[2018-05-08 19:37:20,039] INFO: --------------------------------------------------
[2018-05-08 19:39:41,684] INFO: tpe_transform took 0.004380 seconds
[2018-05-08 19:39:41,684] INFO: TPE using 6/6 trials with best loss -0.787501
[2018-05-08 19:39:41,688] INFO: ==================================================
[2018-05-08 19:39:41,688] INFO: Task
[2018-05-08 19:39:41,688] INFO:      Learner@clf_cbst_tree_Id@25
[2018-05-08 19:39:41,688] INFO: Param
[2018-05-08 19:39:41,689] INFO:      bagging_temperature: 0.46452430860672844
[2018-05-08 19:39:41,689] INFO:      border_count: 128
[2018-05-08 19:39:41,689] INFO:      depth: 8.0
[2018-05-08 19:39:41,689] INFO:      l2_leaf_reg: 9.541933237726255
[2018-05-08 19:39:41,689] INFO:      learning_rate: 0.12916201624997625
[2018-05-08 19:39:41,689] INFO:      one_hot_max_size: 0
[2018-05-08 19:39:41,689] INFO:      random_state: 42
[2018-05-08 19:39:41,690] INFO:      random_strength: 20
[2018-05-08 19:39:41,690] INFO:      simple_ctr: ('Borders', 'BinarizedTargetMeanValue', 'Counter')
[2018-05-08 19:39:41,690] INFO:      thread_count: 8
[2018-05-08 19:39:41,690] INFO:      used_ram_limit: 100000000000
[2018-05-08 19:39:41,690] INFO:      verbose: False
[2018-05-08 19:39:41,690] INFO: Result
[2018-05-08 19:39:41,690] INFO:      Run     AUC     Shape
[2018-05-08 19:42:36,246] INFO:        1     0.764047     44601 x 390
[2018-05-08 19:45:32,916] INFO:        2      0.78974     44601 x 390
[2018-05-08 19:48:27,981] INFO:        3     0.779474     44602 x 390
[2018-05-08 19:48:28,175] INFO: AUC
[2018-05-08 19:48:28,175] INFO:      cv_mean: 0.777754
[2018-05-08 19:48:28,175] INFO:      cv_test: 0.793547
[2018-05-08 19:48:28,175] INFO: Time
[2018-05-08 19:48:28,175] INFO:      8 mins
[2018-05-08 19:48:28,176] INFO: --------------------------------------------------
[2018-05-08 19:50:53,800] INFO: tpe_transform took 0.004322 seconds
[2018-05-08 19:50:53,801] INFO: TPE using 7/7 trials with best loss -0.787501
[2018-05-08 19:50:53,803] INFO: ==================================================
[2018-05-08 19:50:53,804] INFO: Task
[2018-05-08 19:50:53,804] INFO:      Learner@clf_cbst_tree_Id@26
[2018-05-08 19:50:53,804] INFO: Param
[2018-05-08 19:50:53,804] INFO:      bagging_temperature: 0.09808263389250738
[2018-05-08 19:50:53,804] INFO:      border_count: 128
[2018-05-08 19:50:53,804] INFO:      depth: 5.0
[2018-05-08 19:50:53,805] INFO:      l2_leaf_reg: 7.3993922545778945
[2018-05-08 19:50:53,805] INFO:      learning_rate: 0.026618697817050858
[2018-05-08 19:50:53,805] INFO:      one_hot_max_size: 0
[2018-05-08 19:50:53,805] INFO:      random_state: 42
[2018-05-08 19:50:53,805] INFO:      random_strength: 1
[2018-05-08 19:50:53,805] INFO:      simple_ctr: ('Borders', 'BinarizedTargetMeanValue', 'Counter')
[2018-05-08 19:50:53,805] INFO:      thread_count: 8
[2018-05-08 19:50:53,806] INFO:      used_ram_limit: 100000000000
[2018-05-08 19:50:53,806] INFO:      verbose: False
[2018-05-08 19:50:53,806] INFO: Result
[2018-05-08 19:50:53,806] INFO:      Run     AUC     Shape
[2018-05-08 19:52:52,176] INFO:        1     0.781928     44601 x 390
[2018-05-08 19:54:50,612] INFO:        2     0.799092     44601 x 390
[2018-05-08 19:56:47,336] INFO:        3     0.792608     44602 x 390
[2018-05-08 19:56:47,524] INFO: AUC
[2018-05-08 19:56:47,524] INFO:      cv_mean: 0.791209
[2018-05-08 19:56:47,524] INFO:      cv_test: 0.795794
[2018-05-08 19:56:47,525] INFO: Time
[2018-05-08 19:56:47,525] INFO:      5 mins
[2018-05-08 19:56:47,525] INFO: --------------------------------------------------
[2018-05-08 19:58:29,807] INFO: tpe_transform took 0.004219 seconds
[2018-05-08 19:58:29,807] INFO: TPE using 8/8 trials with best loss -0.798540
[2018-05-08 19:58:29,810] INFO: ==================================================
[2018-05-08 19:58:29,810] INFO: Task
[2018-05-08 19:58:29,810] INFO:      Learner@clf_cbst_tree_Id@27
[2018-05-08 19:58:29,810] INFO: Param
[2018-05-08 19:58:29,810] INFO:      bagging_temperature: 0.005262976149832288
[2018-05-08 19:58:29,811] INFO:      border_count: 128
[2018-05-08 19:58:29,811] INFO:      depth: 7.0
[2018-05-08 19:58:29,811] INFO:      l2_leaf_reg: 7.434424950827283
[2018-05-08 19:58:29,811] INFO:      learning_rate: 0.010057112321245558
[2018-05-08 19:58:29,811] INFO:      one_hot_max_size: 0
[2018-05-08 19:58:29,811] INFO:      random_state: 42
[2018-05-08 19:58:29,811] INFO:      random_strength: 20
[2018-05-08 19:58:29,812] INFO:      simple_ctr: ('Borders', 'BinarizedTargetMeanValue', 'Counter')
[2018-05-08 19:58:29,812] INFO:      thread_count: 8
[2018-05-08 19:58:29,812] INFO:      used_ram_limit: 100000000000
[2018-05-08 19:58:29,812] INFO:      verbose: False
[2018-05-08 19:58:29,812] INFO: Result
[2018-05-08 19:58:29,812] INFO:      Run     AUC     Shape
[2018-05-08 20:01:05,006] INFO:        1     0.778514     44601 x 390
[2018-05-08 20:03:39,200] INFO:        2     0.792275     44601 x 390
[2018-05-08 20:06:12,933] INFO:        3     0.786842     44602 x 390
[2018-05-08 20:06:13,128] INFO: AUC
[2018-05-08 20:06:13,128] INFO:      cv_mean: 0.785877
[2018-05-08 20:06:13,128] INFO:      cv_test: 0.791283
[2018-05-08 20:06:13,128] INFO: Time
[2018-05-08 20:06:13,128] INFO:      7 mins
[2018-05-08 20:06:13,128] INFO: --------------------------------------------------
[2018-05-08 20:08:22,444] INFO: Hyperopt_Time
[2018-05-08 20:08:22,444] INFO:      102 mins
[2018-05-08 20:08:22,444] INFO: --------------------------------------------------
