[2018-05-10 20:30:11,835] INFO: tpe_transform took 0.011454 seconds
[2018-05-10 20:30:11,836] INFO: TPE using 0 trials
[2018-05-10 20:30:13,502] INFO: ==================================================
[2018-05-10 20:30:13,502] INFO: Task
[2018-05-10 20:30:13,503] INFO:      stacking_Learner@EnsembleLearner_Id@55
[2018-05-10 20:30:13,503] INFO: Param
[2018-05-10 20:30:13,504] INFO:      clf_skl_lr:
[2018-05-10 20:30:13,504] INFO:          param:
[2018-05-10 20:30:13,504] INFO:              C: 0.00251351960951
[2018-05-10 20:30:13,505] INFO:              penalty: l2
[2018-05-10 20:30:13,505] INFO:              random_state: 42
[2018-05-10 20:30:13,506] INFO:          weight: 1.0
[2018-05-10 20:30:13,506] INFO:      clf_skl_rf:
[2018-05-10 20:30:13,506] INFO:          param:
[2018-05-10 20:30:13,507] INFO:              max_depth: 9
[2018-05-10 20:30:13,507] INFO:              max_features: 0.9
[2018-05-10 20:30:13,508] INFO:              min_samples_leaf: 11
[2018-05-10 20:30:13,510] INFO:              min_samples_split: 12
[2018-05-10 20:30:13,511] INFO:              n_estimators: 160
[2018-05-10 20:30:13,511] INFO:              n_jobs: 8
[2018-05-10 20:30:13,511] INFO:              random_state: 42
[2018-05-10 20:30:13,512] INFO:              verbose: 0
[2018-05-10 20:30:13,512] INFO:          weight: 0.4
[2018-05-10 20:30:13,512] INFO:      clf_xgb_tree:
[2018-05-10 20:30:13,513] INFO:          param:
[2018-05-10 20:30:13,513] INFO:              colsample_bylevel: 0.512379365663
[2018-05-10 20:30:13,514] INFO:              colsample_bytree: 0.513864155081
[2018-05-10 20:30:13,514] INFO:              gamma: 4.71985409737e-06
[2018-05-10 20:30:13,515] INFO:              learning_rate: 0.002
[2018-05-10 20:30:13,515] INFO:              max_depth: 3
[2018-05-10 20:30:13,515] INFO:              min_child_weight: 7.90086331218e-05
[2018-05-10 20:30:13,516] INFO:              n_estimators: 890
[2018-05-10 20:30:13,516] INFO:              nthread: 8
[2018-05-10 20:30:13,517] INFO:              reg_alpha: 0.0236571701767
[2018-05-10 20:30:13,517] INFO:              reg_lambda: 4.04603442396e-06
[2018-05-10 20:30:13,517] INFO:              seed: 42
[2018-05-10 20:30:13,518] INFO:              subsample: 0.656335778746
[2018-05-10 20:30:13,518] INFO:          weight: 0.1
[2018-05-10 20:30:13,519] INFO: Result
[2018-05-10 20:30:13,519] INFO:      Run     AUC     Shape
[2018-05-10 20:30:58,146] INFO:        1     0.786686     44601 x 54
[2018-05-10 20:31:43,626] INFO:        2     0.803382     44601 x 54
[2018-05-10 20:32:28,286] INFO:        3     0.795342     44602 x 54
[2018-05-10 20:32:28,381] INFO: AUC
[2018-05-10 20:32:28,381] INFO:      cv_mean: 0.795137
[2018-05-10 20:32:28,382] INFO:      cv_test: 0.800924
[2018-05-10 20:32:28,382] INFO: Time
[2018-05-10 20:32:28,382] INFO:      2 mins
[2018-05-10 20:32:28,382] INFO: --------------------------------------------------
[2018-05-10 20:33:39,069] INFO: tpe_transform took 0.012393 seconds
[2018-05-10 20:33:39,069] INFO: TPE using 1/1 trials with best loss -0.800859
[2018-05-10 20:33:40,507] INFO: ==================================================
[2018-05-10 20:33:40,508] INFO: Task
[2018-05-10 20:33:40,508] INFO:      stacking_Learner@EnsembleLearner_Id@56
[2018-05-10 20:33:40,509] INFO: Param
[2018-05-10 20:33:40,509] INFO:      clf_skl_lr:
[2018-05-10 20:33:40,509] INFO:          param:
[2018-05-10 20:33:40,509] INFO:              C: 0.00168286103309
[2018-05-10 20:33:40,510] INFO:              penalty: l1
[2018-05-10 20:33:40,510] INFO:              random_state: 42
[2018-05-10 20:33:40,510] INFO:          weight: 1.0
[2018-05-10 20:33:40,511] INFO:      clf_skl_rf:
[2018-05-10 20:33:40,511] INFO:          param:
[2018-05-10 20:33:40,512] INFO:              max_depth: 2
[2018-05-10 20:33:40,512] INFO:              max_features: 0.5
[2018-05-10 20:33:40,512] INFO:              min_samples_leaf: 15
[2018-05-10 20:33:40,513] INFO:              min_samples_split: 9
[2018-05-10 20:33:40,513] INFO:              n_estimators: 210
[2018-05-10 20:33:40,514] INFO:              n_jobs: 8
[2018-05-10 20:33:40,514] INFO:              random_state: 42
[2018-05-10 20:33:40,515] INFO:              verbose: 0
[2018-05-10 20:33:40,515] INFO:          weight: 0.3
[2018-05-10 20:33:40,516] INFO:      clf_xgb_tree:
[2018-05-10 20:33:40,516] INFO:          param:
[2018-05-10 20:33:40,517] INFO:              colsample_bylevel: 0.936195887631
[2018-05-10 20:33:40,517] INFO:              colsample_bytree: 0.884333747876
[2018-05-10 20:33:40,518] INFO:              gamma: 2.34750329664e-08
[2018-05-10 20:33:40,518] INFO:              learning_rate: 0.05
[2018-05-10 20:33:40,518] INFO:              max_depth: 9
[2018-05-10 20:33:40,519] INFO:              min_child_weight: 9.3871715541e-06
[2018-05-10 20:33:40,520] INFO:              n_estimators: 470
[2018-05-10 20:33:40,520] INFO:              nthread: 8
[2018-05-10 20:33:40,520] INFO:              reg_alpha: 4.33555172488e-07
[2018-05-10 20:33:40,521] INFO:              reg_lambda: 0.000406007443514
[2018-05-10 20:33:40,521] INFO:              seed: 42
[2018-05-10 20:33:40,522] INFO:              subsample: 0.732432484846
[2018-05-10 20:33:40,522] INFO:          weight: 0.7
[2018-05-10 20:33:40,522] INFO: Result
[2018-05-10 20:33:40,523] INFO:      Run     AUC     Shape
[2018-05-10 20:34:29,174] INFO:        1     0.780704     44601 x 54
[2018-05-10 20:35:12,374] INFO:        2     0.797748     44601 x 54
[2018-05-10 20:35:46,411] INFO:        3     0.789044     44602 x 54
[2018-05-10 20:35:46,505] INFO: AUC
[2018-05-10 20:35:46,506] INFO:      cv_mean: 0.789166
[2018-05-10 20:35:46,506] INFO:      cv_test: 0.792818
[2018-05-10 20:35:46,506] INFO: Time
[2018-05-10 20:35:46,507] INFO:      2 mins
[2018-05-10 20:35:46,507] INFO: --------------------------------------------------
[2018-05-10 20:36:43,634] INFO: tpe_transform took 0.008295 seconds
[2018-05-10 20:36:43,634] INFO: TPE using 2/2 trials with best loss -0.800859
[2018-05-10 20:36:44,543] INFO: ==================================================
[2018-05-10 20:36:44,543] INFO: Task
[2018-05-10 20:36:44,543] INFO:      stacking_Learner@EnsembleLearner_Id@57
[2018-05-10 20:36:44,544] INFO: Param
[2018-05-10 20:36:44,544] INFO:      clf_skl_lr:
[2018-05-10 20:36:44,544] INFO:          param:
[2018-05-10 20:36:44,544] INFO:              C: 0.00883982823696
[2018-05-10 20:36:44,544] INFO:              penalty: l2
[2018-05-10 20:36:44,545] INFO:              random_state: 42
[2018-05-10 20:36:44,545] INFO:          weight: 1.0
[2018-05-10 20:36:44,545] INFO:      clf_skl_rf:
[2018-05-10 20:36:44,545] INFO:          param:
[2018-05-10 20:36:44,545] INFO:              max_depth: 7
[2018-05-10 20:36:44,546] INFO:              max_features: 0.65
[2018-05-10 20:36:44,546] INFO:              min_samples_leaf: 6
[2018-05-10 20:36:44,546] INFO:              min_samples_split: 11
[2018-05-10 20:36:44,546] INFO:              n_estimators: 370
[2018-05-10 20:36:44,546] INFO:              n_jobs: 8
[2018-05-10 20:36:44,547] INFO:              random_state: 42
[2018-05-10 20:36:44,547] INFO:              verbose: 0
[2018-05-10 20:36:44,547] INFO:          weight: 0.6
[2018-05-10 20:36:44,547] INFO:      clf_xgb_tree:
[2018-05-10 20:36:44,547] INFO:          param:
[2018-05-10 20:36:44,548] INFO:              colsample_bylevel: 0.731261188343
[2018-05-10 20:36:44,548] INFO:              colsample_bytree: 0.527737938884
[2018-05-10 20:36:44,548] INFO:              gamma: 0.000418993776734
[2018-05-10 20:36:44,548] INFO:              learning_rate: 0.068
[2018-05-10 20:36:44,549] INFO:              max_depth: 3
[2018-05-10 20:36:44,549] INFO:              min_child_weight: 1.79283571287e-07
[2018-05-10 20:36:44,549] INFO:              n_estimators: 130
[2018-05-10 20:36:44,549] INFO:              nthread: 8
[2018-05-10 20:36:44,549] INFO:              reg_alpha: 0.000574956464694
[2018-05-10 20:36:44,550] INFO:              reg_lambda: 0.00747636338042
[2018-05-10 20:36:44,550] INFO:              seed: 42
[2018-05-10 20:36:44,550] INFO:              subsample: 0.579706715449
[2018-05-10 20:36:44,550] INFO:          weight: 1.0
[2018-05-10 20:36:44,550] INFO: Result
[2018-05-10 20:36:44,551] INFO:      Run     AUC     Shape
[2018-05-10 20:37:25,737] INFO:        1     0.786247     44601 x 54
[2018-05-10 20:38:06,600] INFO:        2     0.803888     44601 x 54
[2018-05-10 20:38:48,813] INFO:        3     0.795859     44602 x 54
[2018-05-10 20:38:48,899] INFO: AUC
[2018-05-10 20:38:48,899] INFO:      cv_mean: 0.795331
[2018-05-10 20:38:48,900] INFO:      cv_test: 0.801040
[2018-05-10 20:38:48,900] INFO: Time
[2018-05-10 20:38:48,900] INFO:      2 mins
[2018-05-10 20:38:48,900] INFO: --------------------------------------------------
[2018-05-10 20:39:55,168] INFO: tpe_transform took 0.009111 seconds
[2018-05-10 20:39:55,169] INFO: TPE using 3/3 trials with best loss -0.800859
[2018-05-10 20:39:56,067] INFO: ==================================================
[2018-05-10 20:39:56,067] INFO: Task
[2018-05-10 20:39:56,067] INFO:      stacking_Learner@EnsembleLearner_Id@58
[2018-05-10 20:39:56,068] INFO: Param
[2018-05-10 20:39:56,068] INFO:      clf_skl_lr:
[2018-05-10 20:39:56,068] INFO:          param:
[2018-05-10 20:39:56,068] INFO:              C: 4.80737315512e-06
[2018-05-10 20:39:56,068] INFO:              penalty: l2
[2018-05-10 20:39:56,069] INFO:              random_state: 42
[2018-05-10 20:39:56,069] INFO:          weight: 1.0
[2018-05-10 20:39:56,069] INFO:      clf_skl_rf:
[2018-05-10 20:39:56,069] INFO:          param:
[2018-05-10 20:39:56,069] INFO:              max_depth: 8
[2018-05-10 20:39:56,070] INFO:              max_features: 0.7
[2018-05-10 20:39:56,070] INFO:              min_samples_leaf: 5
[2018-05-10 20:39:56,070] INFO:              min_samples_split: 8
[2018-05-10 20:39:56,070] INFO:              n_estimators: 340
[2018-05-10 20:39:56,070] INFO:              n_jobs: 8
[2018-05-10 20:39:56,071] INFO:              random_state: 42
[2018-05-10 20:39:56,071] INFO:              verbose: 0
[2018-05-10 20:39:56,071] INFO:          weight: 0.6
[2018-05-10 20:39:56,071] INFO:      clf_xgb_tree:
[2018-05-10 20:39:56,072] INFO:          param:
[2018-05-10 20:39:56,072] INFO:              colsample_bylevel: 0.884225532149
[2018-05-10 20:39:56,072] INFO:              colsample_bytree: 0.877172310771
[2018-05-10 20:39:56,072] INFO:              gamma: 0.0811016116877
[2018-05-10 20:39:56,072] INFO:              learning_rate: 0.086
[2018-05-10 20:39:56,073] INFO:              max_depth: 3
[2018-05-10 20:39:56,073] INFO:              min_child_weight: 0.0344068284745
[2018-05-10 20:39:56,073] INFO:              n_estimators: 550
[2018-05-10 20:39:56,073] INFO:              nthread: 8
[2018-05-10 20:39:56,074] INFO:              reg_alpha: 0.00614875636161
[2018-05-10 20:39:56,074] INFO:              reg_lambda: 1.99133002334e-07
[2018-05-10 20:39:56,074] INFO:              seed: 42
[2018-05-10 20:39:56,074] INFO:              subsample: 0.797220493945
[2018-05-10 20:39:56,074] INFO:          weight: 0.5
[2018-05-10 20:39:56,075] INFO: Result
[2018-05-10 20:39:56,075] INFO:      Run     AUC     Shape
[2018-05-10 20:40:49,924] INFO:        1      0.77348     44601 x 54
[2018-05-10 20:41:41,688] INFO:        2     0.801349     44601 x 54
[2018-05-10 20:42:33,659] INFO:        3     0.793882     44602 x 54
[2018-05-10 20:42:33,731] INFO: AUC
[2018-05-10 20:42:33,731] INFO:      cv_mean: 0.789571
[2018-05-10 20:42:33,732] INFO:      cv_test: 0.799690
[2018-05-10 20:42:33,732] INFO: Time
[2018-05-10 20:42:33,732] INFO:      2 mins
[2018-05-10 20:42:33,732] INFO: --------------------------------------------------
[2018-05-10 20:43:55,353] INFO: tpe_transform took 0.008576 seconds
[2018-05-10 20:43:55,354] INFO: TPE using 4/4 trials with best loss -0.800859
[2018-05-10 20:43:56,254] INFO: ==================================================
[2018-05-10 20:43:56,254] INFO: Task
[2018-05-10 20:43:56,254] INFO:      stacking_Learner@EnsembleLearner_Id@59
[2018-05-10 20:43:56,254] INFO: Param
[2018-05-10 20:43:56,255] INFO:      clf_skl_lr:
[2018-05-10 20:43:56,255] INFO:          param:
[2018-05-10 20:43:56,255] INFO:              C: 2.87084156491e-06
[2018-05-10 20:43:56,255] INFO:              penalty: l2
[2018-05-10 20:43:56,255] INFO:              random_state: 42
[2018-05-10 20:43:56,256] INFO:          weight: 1.0
[2018-05-10 20:43:56,256] INFO:      clf_skl_rf:
[2018-05-10 20:43:56,256] INFO:          param:
[2018-05-10 20:43:56,256] INFO:              max_depth: 7
[2018-05-10 20:43:56,256] INFO:              max_features: 0.45
[2018-05-10 20:43:56,257] INFO:              min_samples_leaf: 9
[2018-05-10 20:43:56,257] INFO:              min_samples_split: 8
[2018-05-10 20:43:56,257] INFO:              n_estimators: 630
[2018-05-10 20:43:56,257] INFO:              n_jobs: 8
[2018-05-10 20:43:56,258] INFO:              random_state: 42
[2018-05-10 20:43:56,258] INFO:              verbose: 0
[2018-05-10 20:43:56,258] INFO:          weight: 0.6
[2018-05-10 20:43:56,258] INFO:      clf_xgb_tree:
[2018-05-10 20:43:56,258] INFO:          param:
[2018-05-10 20:43:56,259] INFO:              colsample_bylevel: 0.596226364658
[2018-05-10 20:43:56,259] INFO:              colsample_bytree: 0.766692843002
[2018-05-10 20:43:56,259] INFO:              gamma: 0.0172550168592
[2018-05-10 20:43:56,259] INFO:              learning_rate: 0.006
[2018-05-10 20:43:56,259] INFO:              max_depth: 4
[2018-05-10 20:43:56,260] INFO:              min_child_weight: 7.5113492238e-07
[2018-05-10 20:43:56,260] INFO:              n_estimators: 300
[2018-05-10 20:43:56,260] INFO:              nthread: 8
[2018-05-10 20:43:56,260] INFO:              reg_alpha: 7.27880243926e-10
[2018-05-10 20:43:56,260] INFO:              reg_lambda: 4.37613272467e-06
[2018-05-10 20:43:56,261] INFO:              seed: 42
[2018-05-10 20:43:56,261] INFO:              subsample: 0.844847855366
[2018-05-10 20:43:56,261] INFO:          weight: 1.0
[2018-05-10 20:43:56,261] INFO: Result
[2018-05-10 20:43:56,261] INFO:      Run     AUC     Shape
[2018-05-10 20:44:48,419] INFO:        1      0.78677     44601 x 54
[2018-05-10 20:45:38,981] INFO:        2     0.804131     44601 x 54
[2018-05-10 20:46:29,786] INFO:        3     0.795984     44602 x 54
[2018-05-10 20:46:29,854] INFO: AUC
[2018-05-10 20:46:29,854] INFO:      cv_mean: 0.795628
[2018-05-10 20:46:29,854] INFO:      cv_test: 0.801032
[2018-05-10 20:46:29,855] INFO: Time
[2018-05-10 20:46:29,855] INFO:      2 mins
[2018-05-10 20:46:29,855] INFO: --------------------------------------------------
[2018-05-10 20:47:49,110] INFO: tpe_transform took 0.010915 seconds
[2018-05-10 20:47:49,112] INFO: TPE using 5/5 trials with best loss -0.800859
[2018-05-10 20:47:50,305] INFO: ==================================================
[2018-05-10 20:47:50,306] INFO: Task
[2018-05-10 20:47:50,306] INFO:      stacking_Learner@EnsembleLearner_Id@60
[2018-05-10 20:47:50,306] INFO: Param
[2018-05-10 20:47:50,307] INFO:      clf_skl_lr:
[2018-05-10 20:47:50,307] INFO:          param:
[2018-05-10 20:47:50,307] INFO:              C: 1.11758134435e-06
[2018-05-10 20:47:50,307] INFO:              penalty: l1
[2018-05-10 20:47:50,308] INFO:              random_state: 42
[2018-05-10 20:47:50,308] INFO:          weight: 1.0
[2018-05-10 20:47:50,308] INFO:      clf_skl_rf:
[2018-05-10 20:47:50,309] INFO:          param:
[2018-05-10 20:47:50,309] INFO:              max_depth: 3
[2018-05-10 20:47:50,309] INFO:              max_features: 0.85
[2018-05-10 20:47:50,309] INFO:              min_samples_leaf: 11
[2018-05-10 20:47:50,310] INFO:              min_samples_split: 9
[2018-05-10 20:47:50,310] INFO:              n_estimators: 750
[2018-05-10 20:47:50,310] INFO:              n_jobs: 8
[2018-05-10 20:47:50,310] INFO:              random_state: 42
[2018-05-10 20:47:50,311] INFO:              verbose: 0
[2018-05-10 20:47:50,311] INFO:          weight: 0.5
[2018-05-10 20:47:50,311] INFO:      clf_xgb_tree:
[2018-05-10 20:47:50,312] INFO:          param:
[2018-05-10 20:47:50,312] INFO:              colsample_bylevel: 0.54933070139
[2018-05-10 20:47:50,312] INFO:              colsample_bytree: 0.569807139874
[2018-05-10 20:47:50,312] INFO:              gamma: 6.2975355476e-06
[2018-05-10 20:47:50,313] INFO:              learning_rate: 0.086
[2018-05-10 20:47:50,313] INFO:              max_depth: 4
[2018-05-10 20:47:50,313] INFO:              min_child_weight: 64.8130156877
[2018-05-10 20:47:50,313] INFO:              n_estimators: 830
[2018-05-10 20:47:50,314] INFO:              nthread: 8
[2018-05-10 20:47:50,314] INFO:              reg_alpha: 1.13484662203e-10
[2018-05-10 20:47:50,314] INFO:              reg_lambda: 2.94766779802e-10
[2018-05-10 20:47:50,315] INFO:              seed: 42
[2018-05-10 20:47:50,315] INFO:              subsample: 0.728164046234
[2018-05-10 20:47:50,315] INFO:          weight: 0.8
[2018-05-10 20:47:50,315] INFO: Result
[2018-05-10 20:47:50,316] INFO:      Run     AUC     Shape
[2018-05-10 20:48:47,095] INFO:        1     0.781869     44601 x 54
[2018-05-10 20:49:43,167] INFO:        2     0.799755     44601 x 54
[2018-05-10 20:50:39,415] INFO:        3     0.790625     44602 x 54
[2018-05-10 20:50:39,496] INFO: AUC
[2018-05-10 20:50:39,496] INFO:      cv_mean: 0.790749
[2018-05-10 20:50:39,497] INFO:      cv_test: 0.797199
[2018-05-10 20:50:39,497] INFO: Time
[2018-05-10 20:50:39,497] INFO:      2 mins
[2018-05-10 20:50:39,497] INFO: --------------------------------------------------
[2018-05-10 20:52:05,758] INFO: tpe_transform took 0.011372 seconds
[2018-05-10 20:52:05,758] INFO: TPE using 6/6 trials with best loss -0.800859
[2018-05-10 20:52:06,863] INFO: ==================================================
[2018-05-10 20:52:06,864] INFO: Task
[2018-05-10 20:52:06,864] INFO:      stacking_Learner@EnsembleLearner_Id@61
[2018-05-10 20:52:06,864] INFO: Param
[2018-05-10 20:52:06,865] INFO:      clf_skl_lr:
[2018-05-10 20:52:06,865] INFO:          param:
[2018-05-10 20:52:06,865] INFO:              C: 0.000315386043429
[2018-05-10 20:52:06,865] INFO:              penalty: l1
[2018-05-10 20:52:06,866] INFO:              random_state: 42
[2018-05-10 20:52:06,866] INFO:          weight: 1.0
[2018-05-10 20:52:06,866] INFO:      clf_skl_rf:
[2018-05-10 20:52:06,866] INFO:          param:
[2018-05-10 20:52:06,867] INFO:              max_depth: 6
[2018-05-10 20:52:06,867] INFO:              max_features: 0.85
[2018-05-10 20:52:06,867] INFO:              min_samples_leaf: 13
[2018-05-10 20:52:06,867] INFO:              min_samples_split: 9
[2018-05-10 20:52:06,868] INFO:              n_estimators: 130
[2018-05-10 20:52:06,868] INFO:              n_jobs: 8
[2018-05-10 20:52:06,868] INFO:              random_state: 42
[2018-05-10 20:52:06,868] INFO:              verbose: 0
[2018-05-10 20:52:06,869] INFO:          weight: 1.0
[2018-05-10 20:52:06,869] INFO:      clf_xgb_tree:
[2018-05-10 20:52:06,869] INFO:          param:
[2018-05-10 20:52:06,869] INFO:              colsample_bylevel: 0.990873104156
[2018-05-10 20:52:06,870] INFO:              colsample_bytree: 0.77679568296
[2018-05-10 20:52:06,870] INFO:              gamma: 0.0695945341831
[2018-05-10 20:52:06,870] INFO:              learning_rate: 0.002
[2018-05-10 20:52:06,870] INFO:              max_depth: 10
[2018-05-10 20:52:06,871] INFO:              min_child_weight: 3.99876042309
[2018-05-10 20:52:06,871] INFO:              n_estimators: 110
[2018-05-10 20:52:06,871] INFO:              nthread: 8
[2018-05-10 20:52:06,871] INFO:              reg_alpha: 5.23495593575e-07
[2018-05-10 20:52:06,872] INFO:              reg_lambda: 7.41671869503
[2018-05-10 20:52:06,872] INFO:              seed: 42
[2018-05-10 20:52:06,872] INFO:              subsample: 0.954147856703
[2018-05-10 20:52:06,872] INFO:          weight: 0.1
[2018-05-10 20:52:06,873] INFO: Result
[2018-05-10 20:52:06,873] INFO:      Run     AUC     Shape
[2018-05-10 20:52:26,779] INFO:        1     0.786584     44601 x 54
[2018-05-10 20:52:47,542] INFO:        2      0.80358     44601 x 54
[2018-05-10 20:53:09,807] INFO:        3     0.795807     44602 x 54
[2018-05-10 20:53:09,884] INFO: AUC
[2018-05-10 20:53:09,884] INFO:      cv_mean: 0.795324
[2018-05-10 20:53:09,885] INFO:      cv_test: 0.801285
[2018-05-10 20:53:09,885] INFO: Time
[2018-05-10 20:53:09,885] INFO:      1 mins
[2018-05-10 20:53:09,886] INFO: --------------------------------------------------
[2018-05-10 20:53:42,257] INFO: tpe_transform took 0.094605 seconds
[2018-05-10 20:53:42,258] INFO: TPE using 7/7 trials with best loss -0.800898
[2018-05-10 20:53:43,251] INFO: ==================================================
[2018-05-10 20:53:43,252] INFO: Task
[2018-05-10 20:53:43,252] INFO:      stacking_Learner@EnsembleLearner_Id@62
[2018-05-10 20:53:43,252] INFO: Param
[2018-05-10 20:53:43,252] INFO:      clf_skl_lr:
[2018-05-10 20:53:43,253] INFO:          param:
[2018-05-10 20:53:43,253] INFO:              C: 87.8743578009
[2018-05-10 20:53:43,253] INFO:              penalty: l1
[2018-05-10 20:53:43,253] INFO:              random_state: 42
[2018-05-10 20:53:43,254] INFO:          weight: 1.0
[2018-05-10 20:53:43,254] INFO:      clf_skl_rf:
[2018-05-10 20:53:43,254] INFO:          param:
[2018-05-10 20:53:43,254] INFO:              max_depth: 5
[2018-05-10 20:53:43,254] INFO:              max_features: 0.8
[2018-05-10 20:53:43,255] INFO:              min_samples_leaf: 13
[2018-05-10 20:53:43,255] INFO:              min_samples_split: 14
[2018-05-10 20:53:43,255] INFO:              n_estimators: 300
[2018-05-10 20:53:43,255] INFO:              n_jobs: 8
[2018-05-10 20:53:43,256] INFO:              random_state: 42
[2018-05-10 20:53:43,256] INFO:              verbose: 0
[2018-05-10 20:53:43,256] INFO:          weight: 0.6
[2018-05-10 20:53:43,256] INFO:      clf_xgb_tree:
[2018-05-10 20:53:43,256] INFO:          param:
[2018-05-10 20:53:43,257] INFO:              colsample_bylevel: 0.766667715497
[2018-05-10 20:53:43,257] INFO:              colsample_bytree: 0.921098441214
[2018-05-10 20:53:43,257] INFO:              gamma: 1.948823142e-09
[2018-05-10 20:53:43,257] INFO:              learning_rate: 0.006
[2018-05-10 20:53:43,258] INFO:              max_depth: 3
[2018-05-10 20:53:43,258] INFO:              min_child_weight: 0.000128670298177
[2018-05-10 20:53:43,258] INFO:              n_estimators: 410
[2018-05-10 20:53:43,258] INFO:              nthread: 8
[2018-05-10 20:53:43,259] INFO:              reg_alpha: 0.00130940094362
[2018-05-10 20:53:43,259] INFO:              reg_lambda: 6.93735662886e-07
[2018-05-10 20:53:43,259] INFO:              seed: 42
[2018-05-10 20:53:43,259] INFO:              subsample: 0.762465179127
[2018-05-10 20:53:43,259] INFO:          weight: 0.7
[2018-05-10 20:53:43,260] INFO: Result
[2018-05-10 20:53:43,260] INFO:      Run     AUC     Shape
[2018-05-10 20:56:13,728] INFO:        1     0.787094     44601 x 54
[2018-05-10 20:58:24,432] INFO:        2     0.803571     44601 x 54
[2018-05-10 21:00:34,970] INFO:        3     0.794572     44602 x 54
[2018-05-10 21:00:35,042] INFO: AUC
[2018-05-10 21:00:35,042] INFO:      cv_mean: 0.795079
[2018-05-10 21:00:35,042] INFO:      cv_test: 0.800661
[2018-05-10 21:00:35,042] INFO: Time
[2018-05-10 21:00:35,043] INFO:      6 mins
[2018-05-10 21:00:35,043] INFO: --------------------------------------------------
[2018-05-10 21:04:37,862] INFO: tpe_transform took 0.009982 seconds
[2018-05-10 21:04:37,862] INFO: TPE using 8/8 trials with best loss -0.800898
[2018-05-10 21:04:38,986] INFO: ==================================================
[2018-05-10 21:04:38,987] INFO: Task
[2018-05-10 21:04:38,987] INFO:      stacking_Learner@EnsembleLearner_Id@63
[2018-05-10 21:04:38,987] INFO: Param
[2018-05-10 21:04:38,988] INFO:      clf_skl_lr:
[2018-05-10 21:04:38,988] INFO:          param:
[2018-05-10 21:04:38,988] INFO:              C: 1.10991861121e-07
[2018-05-10 21:04:38,988] INFO:              penalty: l1
[2018-05-10 21:04:38,989] INFO:              random_state: 42
[2018-05-10 21:04:38,989] INFO:          weight: 1.0
[2018-05-10 21:04:38,989] INFO:      clf_skl_rf:
[2018-05-10 21:04:38,990] INFO:          param:
[2018-05-10 21:04:38,990] INFO:              max_depth: 2
[2018-05-10 21:04:38,990] INFO:              max_features: 0.35
[2018-05-10 21:04:38,990] INFO:              min_samples_leaf: 9
[2018-05-10 21:04:38,991] INFO:              min_samples_split: 12
[2018-05-10 21:04:38,991] INFO:              n_estimators: 900
[2018-05-10 21:04:38,991] INFO:              n_jobs: 8
[2018-05-10 21:04:38,992] INFO:              random_state: 42
[2018-05-10 21:04:38,992] INFO:              verbose: 0
[2018-05-10 21:04:38,992] INFO:          weight: 0.6
[2018-05-10 21:04:38,992] INFO:      clf_xgb_tree:
[2018-05-10 21:04:38,993] INFO:          param:
[2018-05-10 21:04:38,993] INFO:              colsample_bylevel: 0.564347158038
[2018-05-10 21:04:38,993] INFO:              colsample_bytree: 0.612780649642
[2018-05-10 21:04:38,994] INFO:              gamma: 0.000378011029172
[2018-05-10 21:04:38,994] INFO:              learning_rate: 0.008
[2018-05-10 21:04:38,994] INFO:              max_depth: 8
[2018-05-10 21:04:38,994] INFO:              min_child_weight: 0.000579901349253
[2018-05-10 21:04:38,995] INFO:              n_estimators: 770
[2018-05-10 21:04:38,995] INFO:              nthread: 8
[2018-05-10 21:04:38,995] INFO:              reg_alpha: 1.79245948761e-10
[2018-05-10 21:04:38,995] INFO:              reg_lambda: 9.72473411899e-07
[2018-05-10 21:04:38,996] INFO:              seed: 42
[2018-05-10 21:04:38,996] INFO:              subsample: 0.845378661381
[2018-05-10 21:04:38,996] INFO:          weight: 0.4
[2018-05-10 21:04:38,997] INFO: Result
[2018-05-10 21:04:38,997] INFO:      Run     AUC     Shape
[2018-05-10 21:05:21,680] INFO:        1     0.786453     44601 x 54
[2018-05-10 21:06:01,216] INFO:        2     0.803361     44601 x 54
[2018-05-10 21:06:42,104] INFO:        3      0.79568     44602 x 54
[2018-05-10 21:06:42,198] INFO: AUC
[2018-05-10 21:06:42,198] INFO:      cv_mean: 0.795165
[2018-05-10 21:06:42,199] INFO:      cv_test: 0.798841
[2018-05-10 21:06:42,199] INFO: Time
[2018-05-10 21:06:42,199] INFO:      2 mins
[2018-05-10 21:06:42,199] INFO: --------------------------------------------------
[2018-05-10 21:07:41,270] INFO: Hyperopt_Time
[2018-05-10 21:07:41,271] INFO:      37 mins
[2018-05-10 21:07:41,271] INFO: --------------------------------------------------
